{"meta": {"format": 3, "version": "7.15.4", "timestamp": "2026-08-28T08:24:15.136232", "branch_coverage": true, "show_contexts": false}, "files": {"zarabot/__init__.py": {"executed_lines": [], "summary": {"covered_lines": 0, "num_statements": 0, "percent_covered": 100.0, "percent_covered_display": "100", "missing_lines": 0, "excluded_lines": 0, "percent_statements_covered": 100.0, "percent_statements_covered_display": "100", "num_branches": 0, "num_partial_branches": 0, "covered_branches": 0, "missing_branches": 0, "percent_branches_covered": 100.0, "percent_branches_covered_display": "100"}, "missing_lines": [], "excluded_lines": [], "executed_branches": [], "missing_branches": [], "functions": {"": {"executed_lines": [], "summary": {"covered_lines": 0, "num_statements": 0, "percent_covered": 100.0, "percent_covered_display": "100", "missing_lines": 0, "excluded_lines": 0, "percent_statements_covered": 100.0, "percent_statements_covered_display": "100", "num_branches": 0, "num_partial_branches": 0, "covered_branches": 0, "missing_branches": 0, "percent_branches_covered": 100.0, "percent_branches_covered_display": "100"}, "missing_lines": [], "excluded_lines": [], "start_line": 1, "executed_branches": [], "missing_branches": []}}, "classes": {"": {"executed_lines": [], "summary": {"covered_lines": 0, "num_statements": 0, "percent_covered": 100.0, "percent_covered_display": "100", "missing_lines": 0, "excluded_lines": 0, "percent_statements_covered": 100.0, "percent_statements_covered_display": "100", "num_branches": 0, "num_partial_branches": 0, "covered_branches": 0, "missing_branches": 0, "percent_branches_covered": 100.0, "percent_branches_covered_display": "100"}, "missing_lines": [], "excluded_lines": [], "start_line": 1, "executed_branches": [], "missing_branches": []}}}, "zarabot/__main__.py": {"executed_lines": [3, 5, 6, 7, 8, 10, 11, 12, 15, 16, 17, 18, 19, 20, 22, 23, 25, 26, 27, 29, 30, 32, 33, 35, 36, 37, 38, 39, 40, 41, 42, 43, 44, 47, 48, 51], "summary": {"covered_lines": 36, "num_statements": 37, "percent_covered": 94.87179487179488, "percent_covered_display": "95", "missing_lines": 1, "excluded_lines": 0, "percent_statements_covered": 97.29729729729729, "percent_statements_covered_display": "97", "num_branches": 2, "num_partial_branches": 1, "covered_branches": 1, "missing_branches": 1, "percent_branches_covered": 50.0, "percent_branches_covered_display": "50"}, "missing_lines": [52], "excluded_lines": [], "executed_branches": [[51, -1]], "missing_branches": [[51, 52]], "functions": {"_amain": {"executed_lines": [16, 17, 18, 19, 20, 22, 23, 25, 29, 32, 33, 35, 36, 37, 38, 39, 40, 41, 42, 43, 44], "summary": {"covered_lines": 21, "num_statements": 21, "percent_covered": 100.0, "percent_covered_display": "100", "missing_lines": 0, "excluded_lines": 0, "percent_statements_covered": 100.0, "percent_statements_covered_display": "100", "num_branches": 0, "num_partial_branches": 0, "covered_branches": 0, "missing_branches": 0, "percent_branches_covered": 100.0, "percent_branches_covered_display": "100"}, "missing_lines": [], "excluded_lines": [], "start_line": 15, "executed_branches": [], "missing_branches": []}, "_amain._handle": {"executed_lines": [26, 27], "summary": {"covered_lines": 2, "num_statements": 2, "percent_covered": 100.0, "percent_covered_display": "100", "missing_lines": 0, "excluded_lines": 0, "percent_statements_covered": 100.0, "percent_statements_covered_display": "100", "num_branches": 0, "num_partial_branches": 0, "covered_branches": 0, "missing_branches": 0, "percent_branches_covered": 100.0, "percent_branches_covered_display": "100"}, "missing_lines": [], "excluded_lines": [], "start_line": 25, "executed_branches": [], "missing_branches": []}, "_amain._schedule": {"executed_lines": [30], "summary": {"covered_lines": 1, "num_statements": 1, "percent_covered": 100.0, "percent_covered_display": "100", "missing_lines": 0, "excluded_lines": 0, "percent_statements_covered": 100.0, "percent_statements_covered_display": "100", "num_branches": 0, "num_partial_branches": 0, "covered_branches": 0, "missing_branches": 0, "percent_branches_covered": 100.0, "percent_branches_covered_display": "100"}, "missing_lines": [], "excluded_lines": [], "start_line": 29, "executed_branches": [], "missing_branches": []}, "main": {"executed_lines": [48], "summary": {"covered_lines": 1, "num_statements": 1, "percent_covered": 100.0, "percent_covered_display": "100", "missing_lines": 0, "excluded_lines": 0, "percent_statements_covered": 100.0, "percent_statements_covered_display": "100", "num_branches": 0, "num_partial_branches": 0, "covered_branches": 0, "missing_branches": 0, "percent_branches_covered": 100.0, "percent_branches_covered_display": "100"}, "missing_lines": [], "excluded_lines": [], "start_line": 47, "executed_branches": [], "missing_branches": []}, "": {"executed_lines": [3, 5, 6, 7, 8, 10, 11, 12, 15, 47, 51], "summary": {"covered_lines": 11, "num_statements": 12, "percent_covered": 85.71428571428571, "percent_covered_display": "86", "missing_lines": 1, "excluded_lines": 0, "percent_statements_covered": 91.66666666666667, "percent_statements_covered_display": "92", "num_branches": 2, "num_partial_branches": 1, "covered_branches": 1, "missing_branches": 1, "percent_branches_covered": 50.0, "percent_branches_covered_display": "50"}, "missing_lines": [52], "excluded_lines": [], "start_line": 1, "executed_branches": [[51, -1]], "missing_branches": [[51, 52]]}}, "classes": {"": {"executed_lines": [3, 5, 6, 7, 8, 10, 11, 12, 15, 16, 17, 18, 19, 20, 22, 23, 25, 26, 27, 29, 30, 32, 33, 35, 36, 37, 38, 39, 40, 41, 42, 43, 44, 47, 48, 51], "summary": {"covered_lines": 36, "num_statements": 37, "percent_covered": 94.87179487179488, "percent_covered_display": "95", "missing_lines": 1, "excluded_lines": 0, "percent_statements_covered": 97.29729729729729, "percent_statements_covered_display": "97", "num_branches": 2, "num_partial_branches": 1, "covered_branches": 1, "missing_branches": 1, "percent_branches_covered": 50.0, "percent_branches_covered_display": "50"}, "missing_lines": [52], "excluded_lines": [], "start_line": 1, "executed_branches": [[51, -1]], "missing_branches": [[51, 52]]}}}, "zarabot/app/__init__.py": {"executed_lines": [], "summary": {"covered_lines": 0, "num_statements": 0, "percent_covered": 100.0, "percent_covered_display": "100", "missing_lines": 0, "excluded_lines": 0, "percent_statements_covered": 100.0, "percent_statements_covered_display": "100", "num_branches": 0, "num_partial_branches": 0, "covered_branches": 0, "missing_branches": 0, "percent_branches_covered": 100.0, "percent_branches_covered_display": "100"}, "missing_lines": [], "excluded_lines": [], "executed_branches": [], "missing_branches": [], "functions": {"": {"executed_lines": [], "summary": {"covered_lines": 0, "num_statements": 0, "percent_covered": 100.0, "percent_covered_display": "100", "missing_lines": 0, "excluded_lines": 0, "percent_statements_covered": 100.0, "percent_statements_covered_display": "100", "num_branches": 0, "num_partial_branches": 0, "covered_branches": 0, "missing_branches": 0, "percent_branches_covered": 100.0, "percent_branches_covered_display": "100"}, "missing_lines": [], "excluded_lines": [], "start_line": 1, "executed_branches": [], "missing_branches": []}}, "classes": {"": {"executed_lines": [], "summary": {"covered_lines": 0, "num_statements": 0, "percent_covered": 100.0, "percent_covered_display": "100", "missing_lines": 0, "excluded_lines": 0, "percent_statements_covered": 100.0, "percent_statements_covered_display": "100", "num_branches": 0, "num_partial_branches": 0, "covered_branches": 0, "missing_branches": 0, "percent_branches_covered": 100.0, "percent_branches_covered_display": "100"}, "missing_lines": [], "excluded_lines": [], "start_line": 1, "executed_branches": [], "missing_branches": []}}}, "zarabot/app/loops.py": {"executed_lines": [3, 5, 6, 7, 8, 9, 11, 12, 25, 26, 27, 28, 29, 30, 31, 38, 39, 40, 41, 48, 49, 50, 51, 52, 53, 54, 55, 56, 58, 59, 60, 61, 62, 64, 65, 66, 67, 68, 69, 70, 71, 72, 73, 74, 75, 76, 77, 80, 81, 84, 86, 87, 92, 93, 94, 97, 99, 100, 103, 105, 106, 107, 108, 109, 110, 111, 112, 113, 114, 115, 116, 121, 122, 125, 135, 136, 139, 141, 142, 145, 156, 157, 162, 163, 164, 166, 167, 168, 169, 170, 172, 173, 177, 178, 179, 180, 181, 182, 183, 184, 185, 187, 188, 189, 190, 196, 197, 200, 201, 202, 205, 208, 215, 216, 218, 219, 220, 221, 222, 223, 224, 225, 226, 227, 228, 229, 230, 231, 232, 235, 251, 252, 253, 254, 255, 257, 258, 259, 260, 261, 262, 263, 276, 277, 280, 292, 293, 294, 295, 296, 297, 298, 299, 304, 305, 306, 307, 308, 309, 310, 313, 314, 315, 316, 317, 318, 319, 320, 321, 322, 323, 324, 326, 327, 328, 329, 330, 331, 332, 333, 334, 337, 347, 348, 349, 350, 351, 352, 353, 354, 355, 358, 361, 365, 366, 367, 368, 369, 370, 371, 376, 377, 378, 379, 380, 381, 382, 383, 384, 385, 386, 387, 388, 389, 390, 391, 392, 393, 396, 397, 398, 399, 400, 402, 405, 407, 408, 409, 410, 415, 416, 417, 420, 422, 423, 424, 425, 426, 427, 428, 429, 432, 434, 435, 436, 437, 438, 439, 440, 441, 442, 445, 447, 448, 449, 450, 451, 452, 453, 454, 457, 458, 459, 460, 461, 462, 464, 465, 467, 469, 470, 473, 475, 476, 477, 478, 479, 480, 481, 482, 483, 489, 493, 494, 497, 498, 499, 500, 501, 502, 503, 504, 505, 506, 507, 508, 513, 516, 517], "summary": {"covered_lines": 299, "num_statements": 308, "percent_covered": 95.64102564102564, "percent_covered_display": "96", "missing_lines": 9, "excluded_lines": 0, "percent_statements_covered": 97.07792207792208, "percent_statements_covered_display": "97", "num_branches": 82, "num_partial_branches": 8, "covered_branches": 74, "missing_branches": 8, "percent_branches_covered": 90.2439024390244, "percent_branches_covered_display": "90"}, "missing_lines": [203, 204, 217, 256, 325, 401, 463, 468, 510], "excluded_lines": [], "executed_branches": [[92, -84], [92, 93], [107, 108], [107, 113], [113, 114], [113, 121], [114, 115], [114, 122], [162, 163], [162, 166], [173, 177], [173, 187], [180, 181], [180, 184], [184, 173], [184, 185], [187, 188], [187, 196], [188, 189], [216, 218], [219, -208], [219, 220], [220, 221], [220, 222], [223, 224], [223, 225], [227, 228], [227, 229], [252, 253], [252, 254], [255, 257], [257, 258], [257, 259], [259, 260], [259, 262], [297, 298], [297, 304], [306, 307], [306, 310], [314, 315], [314, 316], [321, -313], [321, 322], [322, 321], [322, 323], [324, 326], [327, 328], [327, 329], [348, 349], [348, 350], [365, 366], [365, 367], [367, 368], [367, 378], [368, 369], [368, 376], [369, 370], [384, 385], [384, 386], [386, 387], [386, 389], [400, 402], [410, 415], [410, 417], [425, 426], [425, 429], [438, 439], [438, 442], [450, 451], [450, 454], [462, 464], [467, 469], [478, 479], [478, 494]], "missing_branches": [[188, 197], [216, 217], [255, 256], [324, 325], [369, 377], [400, 401], [462, 463], [467, 468]], "functions": {"_poll_seconds": {"executed_lines": [81], "summary": {"covered_lines": 1, "num_statements": 1, "percent_covered": 100.0, "percent_covered_display": "100", "missing_lines": 0, "excluded_lines": 0, "percent_statements_covered": 100.0, "percent_statements_covered_display": "100", "num_branches": 0, "num_partial_branches": 0, "covered_branches": 0, "missing_branches": 0, "percent_branches_covered": 100.0, "percent_branches_covered_display": "100"}, "missing_lines": [], "excluded_lines": [], "start_line": 80, "executed_branches": [], "missing_branches": []}, "_note_data_failure": {"executed_lines": [86, 87, 92, 93, 94], "summary": {"covered_lines": 5, "num_statements": 5, "percent_covered": 100.0, "percent_covered_display": "100", "missing_lines": 0, "excluded_lines": 0, "percent_statements_covered": 100.0, "percent_statements_covered_display": "100", "num_branches": 2, "num_partial_branches": 0, "covered_branches": 2, "missing_branches": 0, "percent_branches_covered": 100.0, "percent_branches_covered_display": "100"}, "missing_lines": [], "excluded_lines": [], "start_line": 84, "executed_branches": [[92, -84], [92, 93]], "missing_branches": []}, "_note_data_success": {"executed_lines": [99, 100], "summary": {"covered_lines": 2, "num_statements": 2, "percent_covered": 100.0, "percent_covered_display": "100", "missing_lines": 0, "excluded_lines": 0, "percent_statements_covered": 100.0, "percent_statements_covered_display": "100", "num_branches": 0, "num_partial_branches": 0, "covered_branches": 0, "missing_branches": 0, "percent_branches_covered": 100.0, "percent_branches_covered_display": "100"}, "missing_lines": [], "excluded_lines": [], "start_line": 97, "executed_branches": [], "missing_branches": []}, "_prices_for": {"executed_lines": [105, 106, 107, 108, 109, 110, 111, 112, 113, 114, 115, 116, 121, 122], "summary": {"covered_lines": 14, "num_statements": 14, "percent_covered": 100.0, "percent_covered_display": "100", "missing_lines": 0, "excluded_lines": 0, "percent_statements_covered": 100.0, "percent_statements_covered_display": "100", "num_branches": 6, "num_partial_branches": 0, "covered_branches": 6, "missing_branches": 0, "percent_branches_covered": 100.0, "percent_branches_covered_display": "100"}, "missing_lines": [], "excluded_lines": [], "start_line": 103, "executed_branches": [[107, 108], [107, 113], [113, 114], [113, 121], [114, 115], [114, 122]], "missing_branches": []}, "_stop_is_live": {"executed_lines": [135, 136], "summary": {"covered_lines": 2, "num_statements": 2, "percent_covered": 100.0, "percent_covered_display": "100", "missing_lines": 0, "excluded_lines": 0, "percent_statements_covered": 100.0, "percent_statements_covered_display": "100", "num_branches": 0, "num_partial_branches": 0, "covered_branches": 0, "missing_branches": 0, "percent_branches_covered": 100.0, "percent_branches_covered_display": "100"}, "missing_lines": [], "excluded_lines": [], "start_line": 125, "executed_branches": [], "missing_branches": []}, "_moscow_day_start": {"executed_lines": [141, 142], "summary": {"covered_lines": 2, "num_statements": 2, "percent_covered": 100.0, "percent_covered_display": "100", "missing_lines": 0, "excluded_lines": 0, "percent_statements_covered": 100.0, "percent_statements_covered_display": "100", "num_branches": 0, "num_partial_branches": 0, "covered_branches": 0, "missing_branches": 0, "percent_branches_covered": 100.0, "percent_branches_covered_display": "100"}, "missing_lines": [], "excluded_lines": [], "start_line": 139, "executed_branches": [], "missing_branches": []}, "_close_executed": {"executed_lines": [156, 157, 162, 163, 164, 166, 167, 168, 169, 170, 172, 173, 177, 178, 179, 180, 181, 182, 183, 184, 185, 187, 188, 189, 190, 196, 197], "summary": {"covered_lines": 27, "num_statements": 27, "percent_covered": 97.43589743589743, "percent_covered_display": "97", "missing_lines": 0, "excluded_lines": 0, "percent_statements_covered": 100.0, "percent_statements_covered_display": "100", "num_branches": 12, "num_partial_branches": 1, "covered_branches": 11, "missing_branches": 1, "percent_branches_covered": 91.66666666666667, "percent_branches_covered_display": "92"}, "missing_lines": [], "excluded_lines": [], "start_line": 145, "executed_branches": [[162, 163], [162, 166], [173, 177], [173, 187], [180, 181], [180, 184], [184, 173], [184, 185], [187, 188], [187, 196], [188, 189]], "missing_branches": [[188, 197]]}, "_calendar": {"executed_lines": [201, 202, 205], "summary": {"covered_lines": 3, "num_statements": 5, "percent_covered": 60.0, "percent_covered_display": "60", "missing_lines": 2, "excluded_lines": 0, "percent_statements_covered": 60.0, "percent_statements_covered_display": "60", "num_branches": 0, "num_partial_branches": 0, "covered_branches": 0, "missing_branches": 0, "percent_branches_covered": 100.0, "percent_branches_covered_display": "100"}, "missing_lines": [203, 204], "excluded_lines": [], "start_line": 200, "executed_branches": [], "missing_branches": []}, "_submit_exits": {"executed_lines": [215, 216, 218, 219, 220, 221, 222, 223, 224, 225, 226, 227, 228, 229, 230, 231, 232], "summary": {"covered_lines": 17, "num_statements": 18, "percent_covered": 92.85714285714286, "percent_covered_display": "93", "missing_lines": 1, "excluded_lines": 0, "percent_statements_covered": 94.44444444444444, "percent_statements_covered_display": "94", "num_branches": 10, "num_partial_branches": 1, "covered_branches": 9, "missing_branches": 1, "percent_branches_covered": 90.0, "percent_branches_covered_display": "90"}, "missing_lines": [217], "excluded_lines": [], "start_line": 208, "executed_branches": [[216, 218], [219, -208], [219, 220], [220, 221], [220, 222], [223, 224], [223, 225], [227, 228], [227, 229]], "missing_branches": [[216, 217]]}, "_write_opening_snapshot": {"executed_lines": [251, 252, 253, 254, 255, 257, 258, 259, 260, 261, 262, 263, 276, 277], "summary": {"covered_lines": 14, "num_statements": 15, "percent_covered": 91.30434782608695, "percent_covered_display": "91", "missing_lines": 1, "excluded_lines": 0, "percent_statements_covered": 93.33333333333333, "percent_statements_covered_display": "93", "num_branches": 8, "num_partial_branches": 1, "covered_branches": 7, "missing_branches": 1, "percent_branches_covered": 87.5, "percent_branches_covered_display": "88"}, "missing_lines": [256], "excluded_lines": [], "start_line": 235, "executed_branches": [[252, 253], [252, 254], [255, 257], [257, 258], [257, 259], [259, 260], [259, 262]], "missing_branches": [[255, 256]]}, "_measure_daily_loss": {"executed_lines": [292, 293, 294, 295, 296, 297, 298, 299, 304, 305, 306, 307, 308, 309, 310], "summary": {"covered_lines": 15, "num_statements": 15, "percent_covered": 100.0, "percent_covered_display": "100", "missing_lines": 0, "excluded_lines": 0, "percent_statements_covered": 100.0, "percent_statements_covered_display": "100", "num_branches": 4, "num_partial_branches": 0, "covered_branches": 4, "missing_branches": 0, "percent_branches_covered": 100.0, "percent_branches_covered_display": "100"}, "missing_lines": [], "excluded_lines": [], "start_line": 280, "executed_branches": [[297, 298], [297, 304], [306, 307], [306, 310]], "missing_branches": []}, "_evaluate_entries": {"executed_lines": [314, 315, 316, 317, 318, 319, 320, 321, 322, 323, 324, 326, 327, 328, 329, 330, 331, 332, 333, 334, 337, 347, 348, 349, 350, 351, 352, 353, 354, 355], "summary": {"covered_lines": 30, "num_statements": 31, "percent_covered": 95.34883720930233, "percent_covered_display": "95", "missing_lines": 1, "excluded_lines": 0, "percent_statements_covered": 96.7741935483871, "percent_statements_covered_display": "97", "num_branches": 12, "num_partial_branches": 1, "covered_branches": 11, "missing_branches": 1, "percent_branches_covered": 91.66666666666667, "percent_branches_covered_display": "92"}, "missing_lines": [325], "excluded_lines": [], "start_line": 313, "executed_branches": [[314, 315], [314, 316], [321, -313], [321, 322], [322, 321], [322, 323], [324, 326], [327, 328], [327, 329], [348, 349], [348, 350]], "missing_branches": [[324, 325]]}, "trading_cycle": {"executed_lines": [361, 365, 366, 367, 368, 369, 370, 371, 376, 377, 378, 379, 380, 381, 382, 383, 384, 385, 386, 387, 388, 389, 390, 391, 392, 393], "summary": {"covered_lines": 26, "num_statements": 26, "percent_covered": 97.36842105263158, "percent_covered_display": "97", "missing_lines": 0, "excluded_lines": 0, "percent_statements_covered": 100.0, "percent_statements_covered_display": "100", "num_branches": 12, "num_partial_branches": 1, "covered_branches": 11, "missing_branches": 1, "percent_branches_covered": 91.66666666666667, "percent_branches_covered_display": "92"}, "missing_lines": [], "excluded_lines": [], "start_line": 358, "executed_branches": [[365, 366], [365, 367], [367, 368], [367, 378], [368, 369], [368, 376], [369, 370], [384, 385], [384, 386], [386, 387], [386, 389]], "missing_branches": [[369, 377]]}, "_trading_loop": {"executed_lines": [397, 398, 399, 400, 402], "summary": {"covered_lines": 5, "num_statements": 6, "percent_covered": 75.0, "percent_covered_display": "75", "missing_lines": 1, "excluded_lines": 0, "percent_statements_covered": 83.33333333333333, "percent_statements_covered_display": "83", "num_branches": 2, "num_partial_branches": 1, "covered_branches": 1, "missing_branches": 1, "percent_branches_covered": 50.0, "percent_branches_covered_display": "50"}, "missing_lines": [401], "excluded_lines": [], "start_line": 396, "executed_branches": [[400, 402]], "missing_branches": [[400, 401]]}, "_rollover_loop": {"executed_lines": [407, 408, 409, 410, 415, 416, 417], "summary": {"covered_lines": 7, "num_statements": 7, "percent_covered": 100.0, "percent_covered_display": "100", "missing_lines": 0, "excluded_lines": 0, "percent_statements_covered": 100.0, "percent_statements_covered_display": "100", "num_branches": 2, "num_partial_branches": 0, "covered_branches": 2, "missing_branches": 0, "percent_branches_covered": 100.0, "percent_branches_covered_display": "100"}, "missing_lines": [], "excluded_lines": [], "start_line": 405, "executed_branches": [[410, 415], [410, 417]], "missing_branches": []}, "_backup_loop": {"executed_lines": [422, 423, 424, 425, 426, 427, 428, 429], "summary": {"covered_lines": 8, "num_statements": 8, "percent_covered": 100.0, "percent_covered_display": "100", "missing_lines": 0, "excluded_lines": 0, "percent_statements_covered": 100.0, "percent_statements_covered_display": "100", "num_branches": 2, "num_partial_branches": 0, "covered_branches": 2, "missing_branches": 0, "percent_branches_covered": 100.0, "percent_branches_covered_display": "100"}, "missing_lines": [], "excluded_lines": [], "start_line": 420, "executed_branches": [[425, 426], [425, 429]], "missing_branches": []}, "_weekly_loop": {"executed_lines": [434, 435, 436, 437, 438, 439, 440, 441, 442], "summary": {"covered_lines": 9, "num_statements": 9, "percent_covered": 100.0, "percent_covered_display": "100", "missing_lines": 0, "excluded_lines": 0, "percent_statements_covered": 100.0, "percent_statements_covered_display": "100", "num_branches": 2, "num_partial_branches": 0, "covered_branches": 2, "missing_branches": 0, "percent_branches_covered": 100.0, "percent_branches_covered_display": "100"}, "missing_lines": [], "excluded_lines": [], "start_line": 432, "executed_branches": [[438, 439], [438, 442]], "missing_branches": []}, "_schedule_refresh_loop": {"executed_lines": [447, 448, 449, 450, 451, 452, 453, 454], "summary": {"covered_lines": 8, "num_statements": 8, "percent_covered": 100.0, "percent_covered_display": "100", "missing_lines": 0, "excluded_lines": 0, "percent_statements_covered": 100.0, "percent_statements_covered_display": "100", "num_branches": 2, "num_partial_branches": 0, "covered_branches": 2, "missing_branches": 0, "percent_branches_covered": 100.0, "percent_branches_covered_display": "100"}, "missing_lines": [], "excluded_lines": [], "start_line": 445, "executed_branches": [[450, 451], [450, 454]], "missing_branches": []}, "_telegram_loop": {"executed_lines": [458, 459, 460, 461, 462, 464, 465, 467, 469, 470], "summary": {"covered_lines": 10, "num_statements": 12, "percent_covered": 75.0, "percent_covered_display": "75", "missing_lines": 2, "excluded_lines": 0, "percent_statements_covered": 83.33333333333333, "percent_statements_covered_display": "83", "num_branches": 4, "num_partial_branches": 2, "covered_branches": 2, "missing_branches": 2, "percent_branches_covered": 50.0, "percent_branches_covered_display": "50"}, "missing_lines": [463, 468], "excluded_lines": [], "start_line": 457, "executed_branches": [[462, 464], [467, 469]], "missing_branches": [[462, 463], [467, 468]]}, "_heartbeat_loop": {"executed_lines": [475, 476, 477, 478, 479, 480, 481, 482, 483, 489, 493, 494], "summary": {"covered_lines": 12, "num_statements": 12, "percent_covered": 100.0, "percent_covered_display": "100", "missing_lines": 0, "excluded_lines": 0, "percent_statements_covered": 100.0, "percent_statements_covered_display": "100", "num_branches": 2, "num_partial_branches": 0, "covered_branches": 2, "missing_branches": 0, "percent_branches_covered": 100.0, "percent_branches_covered_display": "100"}, "missing_lines": [], "excluded_lines": [], "start_line": 473, "executed_branches": [[478, 479], [478, 494]], "missing_branches": []}, "_supervise": {"executed_lines": [498, 499, 500, 501, 502, 503, 504, 505, 506, 507, 508], "summary": {"covered_lines": 11, "num_statements": 12, "percent_covered": 91.66666666666667, "percent_covered_display": "92", "missing_lines": 1, "excluded_lines": 0, "percent_statements_covered": 91.66666666666667, "percent_statements_covered_display": "92", "num_branches": 0, "num_partial_branches": 0, "covered_branches": 0, "missing_branches": 0, "percent_branches_covered": 100.0, "percent_branches_covered_display": "100"}, "missing_lines": [510], "excluded_lines": [], "start_line": 497, "executed_branches": [], "missing_branches": []}, "run": {"executed_lines": [516, 517], "summary": {"covered_lines": 2, "num_statements": 2, "percent_covered": 100.0, "percent_covered_display": "100", "missing_lines": 0, "excluded_lines": 0, "percent_statements_covered": 100.0, "percent_statements_covered_display": "100", "num_branches": 0, "num_partial_branches": 0, "covered_branches": 0, "missing_branches": 0, "percent_branches_covered": 100.0, "percent_branches_covered_display": "100"}, "missing_lines": [], "excluded_lines": [], "start_line": 513, "executed_branches": [], "missing_branches": []}, "": {"executed_lines": [3, 5, 6, 7, 8, 9, 11, 12, 25, 26, 27, 28, 29, 30, 31, 38, 39, 40, 41, 48, 49, 50, 51, 52, 53, 54, 55, 56, 58, 59, 60, 61, 62, 64, 65, 66, 67, 68, 69, 70, 71, 72, 73, 74, 75, 76, 77, 80, 84, 97, 103, 125, 139, 145, 200, 208, 235, 280, 313, 358, 396, 405, 420, 432, 445, 457, 473, 497, 513], "summary": {"covered_lines": 69, "num_statements": 69, "percent_covered": 100.0, "percent_covered_display": "100", "missing_lines": 0, "excluded_lines": 0, "percent_statements_covered": 100.0, "percent_statements_covered_display": "100", "num_branches": 0, "num_partial_branches": 0, "covered_branches": 0, "missing_branches": 0, "percent_branches_covered": 100.0, "percent_branches_covered_display": "100"}, "missing_lines": [], "excluded_lines": [], "start_line": 1, "executed_branches": [], "missing_branches": []}}, "classes": {"": {"executed_lines": [3, 5, 6, 7, 8, 9, 11, 12, 25, 26, 27, 28, 29, 30, 31, 38, 39, 40, 41, 48, 49, 50, 51, 52, 53, 54, 55, 56, 58, 59, 60, 61, 62, 64, 65, 66, 67, 68, 69, 70, 71, 72, 73, 74, 75, 76, 77, 80, 81, 84, 86, 87, 92, 93, 94, 97, 99, 100, 103, 105, 106, 107, 108, 109, 110, 111, 112, 113, 114, 115, 116, 121, 122, 125, 135, 136, 139, 141, 142, 145, 156, 157, 162, 163, 164, 166, 167, 168, 169, 170, 172, 173, 177, 178, 179, 180, 181, 182, 183, 184, 185, 187, 188, 189, 190, 196, 197, 200, 201, 202, 205, 208, 215, 216, 218, 219, 220, 221, 222, 223, 224, 225, 226, 227, 228, 229, 230, 231, 232, 235, 251, 252, 253, 254, 255, 257, 258, 259, 260, 261, 262, 263, 276, 277, 280, 292, 293, 294, 295, 296, 297, 298, 299, 304, 305, 306, 307, 308, 309, 310, 313, 314, 315, 316, 317, 318, 319, 320, 321, 322, 323, 324, 326, 327, 328, 329, 330, 331, 332, 333, 334, 337, 347, 348, 349, 350, 351, 352, 353, 354, 355, 358, 361, 365, 366, 367, 368, 369, 370, 371, 376, 377, 378, 379, 380, 381, 382, 383, 384, 385, 386, 387, 388, 389, 390, 391, 392, 393, 396, 397, 398, 399, 400, 402, 405, 407, 408, 409, 410, 415, 416, 417, 420, 422, 423, 424, 425, 426, 427, 428, 429, 432, 434, 435, 436, 437, 438, 439, 440, 441, 442, 445, 447, 448, 449, 450, 451, 452, 453, 454, 457, 458, 459, 460, 461, 462, 464, 465, 467, 469, 470, 473, 475, 476, 477, 478, 479, 480, 481, 482, 483, 489, 493, 494, 497, 498, 499, 500, 501, 502, 503, 504, 505, 506, 507, 508, 513, 516, 517], "summary": {"covered_lines": 299, "num_statements": 308, "percent_covered": 95.64102564102564, "percent_covered_display": "96", "missing_lines": 9, "excluded_lines": 0, "percent_statements_covered": 97.07792207792208, "percent_statements_covered_display": "97", "num_branches": 82, "num_partial_branches": 8, "covered_branches": 74, "missing_branches": 8, "percent_branches_covered": 90.2439024390244, "percent_branches_covered_display": "90"}, "missing_lines": [203, 204, 217, 256, 325, 401, 463, 468, 510], "excluded_lines": [], "start_line": 1, "executed_branches": [[92, -84], [92, 93], [107, 108], [107, 113], [113, 114], [113, 121], [114, 115], [114, 122], [162, 163], [162, 166], [173, 177], [173, 187], [180, 181], [180, 184], [184, 173], [184, 185], [187, 188], [187, 196], [188, 189], [216, 218], [219, -208], [219, 220], [220, 221], [220, 222], [223, 224], [223, 225], [227, 228], [227, 229], [252, 253], [252, 254], [255, 257], [257, 258], [257, 259], [259, 260], [259, 262], [297, 298], [297, 304], [306, 307], [306, 310], [314, 315], [314, 316], [321, -313], [321, 322], [322, 321], [322, 323], [324, 326], [327, 328], [327, 329], [348, 349], [348, 350], [365, 366], [365, 367], [367, 368], [367, 378], [368, 369], [368, 376], [369, 370], [384, 385], [384, 386], [386, 387], [386, 389], [400, 402], [410, 415], [410, 417], [425, 426], [425, 429], [438, 439], [438, 442], [450, 451], [450, 454], [462, 464], [467, 469], [478, 479], [478, 494]], "missing_branches": [[188, 197], [216, 217], [255, 256], [324, 325], [369, 377], [400, 401], [462, 463], [467, 468]]}}}, "zarabot/app/shutdown.py": {"executed_lines": [3, 5, 6, 8, 9, 10, 11, 12, 13, 14, 15, 17, 18, 19, 22, 29, 30, 31, 32, 33, 34, 35, 36, 37, 38, 39, 40, 41, 42, 43, 48, 52, 56], "summary": {"covered_lines": 33, "num_statements": 33, "percent_covered": 100.0, "percent_covered_display": "100", "missing_lines": 0, "excluded_lines": 0, "percent_statements_covered": 100.0, "percent_statements_covered_display": "100", "num_branches": 6, "num_partial_branches": 0, "covered_branches": 6, "missing_branches": 0, "percent_branches_covered": 100.0, "percent_branches_covered_display": "100"}, "missing_lines": [], "excluded_lines": [], "executed_branches": [[32, 33], [32, 41], [34, 35], [34, 36], [37, 38], [37, 39]], "missing_branches": [], "functions": {"shutdown": {"executed_lines": [29, 30, 31, 32, 33, 34, 35, 36, 37, 38, 39, 40, 41, 42, 43, 48, 52, 56], "summary": {"covered_lines": 18, "num_statements": 18, "percent_covered": 100.0, "percent_covered_display": "100", "missing_lines": 0, "excluded_lines": 0, "percent_statements_covered": 100.0, "percent_statements_covered_display": "100", "num_branches": 6, "num_partial_branches": 0, "covered_branches": 6, "missing_branches": 0, "percent_branches_covered": 100.0, "percent_branches_covered_display": "100"}, "missing_lines": [], "excluded_lines": [], "start_line": 22, "executed_branches": [[32, 33], [32, 41], [34, 35], [34, 36], [37, 38], [37, 39]], "missing_branches": []}, "": {"executed_lines": [3, 5, 6, 8, 9, 10, 11, 12, 13, 14, 15, 17, 18, 19, 22], "summary": {"covered_lines": 15, "num_statements": 15, "percent_covered": 100.0, "percent_covered_display": "100", "missing_lines": 0, "excluded_lines": 0, "percent_statements_covered": 100.0, "percent_statements_covered_display": "100", "num_branches": 0, "num_partial_branches": 0, "covered_branches": 0, "missing_branches": 0, "percent_branches_covered": 100.0, "percent_branches_covered_display": "100"}, "missing_lines": [], "excluded_lines": [], "start_line": 1, "executed_branches": [], "missing_branches": []}}, "classes": {"": {"executed_lines": [3, 5, 6, 8, 9, 10, 11, 12, 13, 14, 15, 17, 18, 19, 22, 29, 30, 31, 32, 33, 34, 35, 36, 37, 38, 39, 40, 41, 42, 43, 48, 52, 56], "summary": {"covered_lines": 33, "num_statements": 33, "percent_covered": 100.0, "percent_covered_display": "100", "missing_lines": 0, "excluded_lines": 0, "percent_statements_covered": 100.0, "percent_statements_covered_display": "100", "num_branches": 6, "num_partial_branches": 0, "covered_branches": 6, "missing_branches": 0, "percent_branches_covered": 100.0, "percent_branches_covered_display": "100"}, "missing_lines": [], "excluded_lines": [], "start_line": 1, "executed_branches": [[32, 33], [32, 41], [34, 35], [34, 36], [37, 38], [37, 39]], "missing_branches": []}}}, "zarabot/app/startup.py": {"executed_lines": [3, 5, 6, 7, 9, 10, 11, 12, 13, 14, 15, 16, 23, 24, 25, 26, 27, 28, 29, 30, 31, 33, 34, 38, 42, 53, 58, 62, 63, 64, 65, 66, 67, 70, 71, 72, 73, 76, 77, 78, 79, 80, 81, 84, 85, 86, 87, 88, 89, 90, 93, 96, 97, 98, 99, 100, 101, 103, 106, 110, 111, 112, 116, 126, 127, 128, 129, 130, 132, 133, 140, 143, 150, 151, 158, 159, 166, 167, 168, 169, 170, 171, 172, 173, 174, 175, 176, 177, 178, 179, 180, 181, 182, 183, 185, 186, 187, 188, 189, 190, 191, 192, 193, 194, 195, 196, 197, 198, 201, 203, 204, 205, 206, 207, 208, 209, 210, 213, 226, 227, 228, 229, 236, 239, 240, 241, 242, 243, 244, 245, 246, 247, 248, 254, 256, 257, 258, 259, 261, 262, 263, 265, 266, 267, 268, 269, 270, 271, 272, 273, 274, 275, 276, 277, 278, 279, 285, 286, 287, 288], "summary": {"covered_lines": 160, "num_statements": 168, "percent_covered": 93.04347826086956, "percent_covered_display": "93", "missing_lines": 8, "excluded_lines": 0, "percent_statements_covered": 95.23809523809524, "percent_statements_covered_display": "95", "num_branches": 62, "num_partial_branches": 8, "covered_branches": 54, "missing_branches": 8, "percent_branches_covered": 87.09677419354838, "percent_branches_covered_display": "87"}, "missing_lines": [102, 113, 131, 134, 139, 184, 289, 290], "excluded_lines": [], "executed_branches": [[77, 78], [79, 80], [79, 81], [86, 87], [86, 88], [88, 89], [88, 90], [98, 99], [98, 103], [99, 100], [99, 101], [101, 98], [110, 111], [111, 110], [111, 112], [129, -116], [129, 130], [130, 132], [133, 140], [158, -143], [158, 159], [169, 170], [169, 171], [173, -166], [173, 174], [177, 178], [177, 182], [178, 179], [178, 180], [182, 183], [182, 187], [183, 185], [187, 188], [187, 192], [189, 190], [189, 191], [192, 193], [192, 197], [194, 195], [194, 196], [197, 198], [204, 205], [204, 210], [205, 206], [205, 207], [208, 209], [227, 228], [227, 229], [241, 242], [241, 243], [246, 247], [246, 248], [262, 263], [262, 265]], "missing_branches": [[77, 79], [101, 102], [110, 113], [130, 131], [133, 134], [183, 184], [197, 173], [208, 204]], "functions": {"_telegram_usable": {"executed_lines": [71, 72, 73], "summary": {"covered_lines": 3, "num_statements": 3, "percent_covered": 100.0, "percent_covered_display": "100", "missing_lines": 0, "excluded_lines": 0, "percent_statements_covered": 100.0, "percent_statements_covered_display": "100", "num_branches": 0, "num_partial_branches": 0, "covered_branches": 0, "missing_branches": 0, "percent_branches_covered": 100.0, "percent_branches_covered_display": "100"}, "missing_lines": [], "excluded_lines": [], "start_line": 70, "executed_branches": [], "missing_branches": []}, "_abort": {"executed_lines": [77, 78, 79, 80, 81], "summary": {"covered_lines": 5, "num_statements": 5, "percent_covered": 88.88888888888889, "percent_covered_display": "89", "missing_lines": 0, "excluded_lines": 0, "percent_statements_covered": 100.0, "percent_statements_covered_display": "100", "num_branches": 4, "num_partial_branches": 1, "covered_branches": 3, "missing_branches": 1, "percent_branches_covered": 75.0, "percent_branches_covered_display": "75"}, "missing_lines": [], "excluded_lines": [], "start_line": 76, "executed_branches": [[77, 78], [79, 80], [79, 81]], "missing_branches": [[77, 79]]}, "_position_id": {"executed_lines": [85, 86, 87, 88, 89, 90], "summary": {"covered_lines": 6, "num_statements": 6, "percent_covered": 100.0, "percent_covered_display": "100", "missing_lines": 0, "excluded_lines": 0, "percent_statements_covered": 100.0, "percent_statements_covered_display": "100", "num_branches": 4, "num_partial_branches": 0, "covered_branches": 4, "missing_branches": 0, "percent_branches_covered": 100.0, "percent_branches_covered_display": "100"}, "missing_lines": [], "excluded_lines": [], "start_line": 84, "executed_branches": [[86, 87], [86, 88], [88, 89], [88, 90]], "missing_branches": []}, "_find_stop": {"executed_lines": [96, 97, 98, 99, 100, 101, 103], "summary": {"covered_lines": 7, "num_statements": 8, "percent_covered": 85.71428571428571, "percent_covered_display": "86", "missing_lines": 1, "excluded_lines": 0, "percent_statements_covered": 87.5, "percent_statements_covered_display": "88", "num_branches": 6, "num_partial_branches": 1, "covered_branches": 5, "missing_branches": 1, "percent_branches_covered": 83.33333333333333, "percent_branches_covered_display": "83"}, "missing_lines": [102], "excluded_lines": [], "start_line": 93, "executed_branches": [[98, 99], [98, 103], [99, 100], [99, 101], [101, 98]], "missing_branches": [[101, 102]]}, "_find_by_identifier": {"executed_lines": [110, 111, 112], "summary": {"covered_lines": 3, "num_statements": 4, "percent_covered": 75.0, "percent_covered_display": "75", "missing_lines": 1, "excluded_lines": 0, "percent_statements_covered": 75.0, "percent_statements_covered_display": "75", "num_branches": 4, "num_partial_branches": 1, "covered_branches": 3, "missing_branches": 1, "percent_branches_covered": 75.0, "percent_branches_covered_display": "75"}, "missing_lines": [113], "excluded_lines": [], "start_line": 106, "executed_branches": [[110, 111], [111, 110], [111, 112]], "missing_branches": [[110, 113]]}, "_resolve_duplicate": {"executed_lines": [126, 127, 128, 129, 130, 132, 133, 140], "summary": {"covered_lines": 8, "num_statements": 11, "percent_covered": 70.58823529411765, "percent_covered_display": "71", "missing_lines": 3, "excluded_lines": 0, "percent_statements_covered": 72.72727272727273, "percent_statements_covered_display": "73", "num_branches": 6, "num_partial_branches": 2, "covered_branches": 4, "missing_branches": 2, "percent_branches_covered": 66.66666666666667, "percent_branches_covered_display": "67"}, "missing_lines": [131, 134, 139], "excluded_lines": [], "start_line": 116, "executed_branches": [[129, -116], [129, 130], [130, 132], [133, 140]], "missing_branches": [[130, 131], [133, 134]]}, "_report_unhandled": {"executed_lines": [150, 151, 158, 159], "summary": {"covered_lines": 4, "num_statements": 4, "percent_covered": 100.0, "percent_covered_display": "100", "missing_lines": 0, "excluded_lines": 0, "percent_statements_covered": 100.0, "percent_statements_covered_display": "100", "num_branches": 2, "num_partial_branches": 0, "covered_branches": 2, "missing_branches": 0, "percent_branches_covered": 100.0, "percent_branches_covered_display": "100"}, "missing_lines": [], "excluded_lines": [], "start_line": 143, "executed_branches": [[158, -143], [158, 159]], "missing_branches": []}, "_apply_remedies": {"executed_lines": [167, 168, 169, 170, 171, 172, 173, 174, 175, 176, 177, 178, 179, 180, 181, 182, 183, 185, 186, 187, 188, 189, 190, 191, 192, 193, 194, 195, 196, 197, 198], "summary": {"covered_lines": 31, "num_statements": 32, "percent_covered": 94.44444444444444, "percent_covered_display": "94", "missing_lines": 1, "excluded_lines": 0, "percent_statements_covered": 96.875, "percent_statements_covered_display": "97", "num_branches": 22, "num_partial_branches": 2, "covered_branches": 20, "missing_branches": 2, "percent_branches_covered": 90.9090909090909, "percent_branches_covered_display": "91"}, "missing_lines": [184], "excluded_lines": [], "start_line": 166, "executed_branches": [[169, 170], [169, 171], [173, -166], [173, 174], [177, 178], [177, 182], [178, 179], [178, 180], [182, 183], [182, 187], [183, 185], [187, 188], [187, 192], [189, 190], [189, 191], [192, 193], [192, 197], [194, 195], [194, 196], [197, 198]], "missing_branches": [[183, 184], [197, 173]]}, "_foreign_tickers": {"executed_lines": [203, 204, 205, 206, 207, 208, 209, 210], "summary": {"covered_lines": 8, "num_statements": 8, "percent_covered": 92.85714285714286, "percent_covered_display": "93", "missing_lines": 0, "excluded_lines": 0, "percent_statements_covered": 100.0, "percent_statements_covered_display": "100", "num_branches": 6, "num_partial_branches": 1, "covered_branches": 5, "missing_branches": 1, "percent_branches_covered": 83.33333333333333, "percent_branches_covered_display": "83"}, "missing_lines": [], "excluded_lines": [], "start_line": 201, "executed_branches": [[204, 205], [204, 210], [205, 206], [205, 207], [208, 209]], "missing_branches": [[208, 204]]}, "_enforce_account_exclusivity": {"executed_lines": [226, 227, 228, 229], "summary": {"covered_lines": 4, "num_statements": 4, "percent_covered": 100.0, "percent_covered_display": "100", "missing_lines": 0, "excluded_lines": 0, "percent_statements_covered": 100.0, "percent_statements_covered_display": "100", "num_branches": 2, "num_partial_branches": 0, "covered_branches": 2, "missing_branches": 0, "percent_branches_covered": 100.0, "percent_branches_covered_display": "100"}, "missing_lines": [], "excluded_lines": [], "start_line": 213, "executed_branches": [[227, 228], [227, 229]], "missing_branches": []}, "_ready_text": {"executed_lines": [239, 240, 241, 242, 243, 244, 245, 246, 247, 248], "summary": {"covered_lines": 10, "num_statements": 10, "percent_covered": 100.0, "percent_covered_display": "100", "missing_lines": 0, "excluded_lines": 0, "percent_statements_covered": 100.0, "percent_statements_covered_display": "100", "num_branches": 4, "num_partial_branches": 0, "covered_branches": 4, "missing_branches": 0, "percent_branches_covered": 100.0, "percent_branches_covered_display": "100"}, "missing_lines": [], "excluded_lines": [], "start_line": 236, "executed_branches": [[241, 242], [241, 243], [246, 247], [246, 248]], "missing_branches": []}, "start": {"executed_lines": [256, 257, 258, 259, 261, 262, 263, 265, 266, 267, 268, 269, 270, 271, 272, 273, 274, 275, 276, 277, 278, 279, 285, 286, 287, 288], "summary": {"covered_lines": 26, "num_statements": 28, "percent_covered": 93.33333333333333, "percent_covered_display": "93", "missing_lines": 2, "excluded_lines": 0, "percent_statements_covered": 92.85714285714286, "percent_statements_covered_display": "93", "num_branches": 2, "num_partial_branches": 0, "covered_branches": 2, "missing_branches": 0, "percent_branches_covered": 100.0, "percent_branches_covered_display": "100"}, "missing_lines": [289, 290], "excluded_lines": [], "start_line": 254, "executed_branches": [[262, 263], [262, 265]], "missing_branches": []}, "": {"executed_lines": [3, 5, 6, 7, 9, 10, 11, 12, 13, 14, 15, 16, 23, 24, 25, 26, 27, 28, 29, 30, 31, 33, 34, 38, 42, 53, 58, 62, 63, 64, 65, 66, 67, 70, 76, 84, 93, 106, 116, 143, 166, 201, 213, 236, 254], "summary": {"covered_lines": 45, "num_statements": 45, "percent_covered": 100.0, "percent_covered_display": "100", "missing_lines": 0, "excluded_lines": 0, "percent_statements_covered": 100.0, "percent_statements_covered_display": "100", "num_branches": 0, "num_partial_branches": 0, "covered_branches": 0, "missing_branches": 0, "percent_branches_covered": 100.0, "percent_branches_covered_display": "100"}, "missing_lines": [], "excluded_lines": [], "start_line": 1, "executed_branches": [], "missing_branches": []}}, "classes": {"StartupError": {"executed_lines": [], "summary": {"covered_lines": 0, "num_statements": 0, "percent_covered": 100.0, "percent_covered_display": "100", "missing_lines": 0, "excluded_lines": 0, "percent_statements_covered": 100.0, "percent_statements_covered_display": "100", "num_branches": 0, "num_partial_branches": 0, "covered_branches": 0, "missing_branches": 0, "percent_branches_covered": 100.0, "percent_branches_covered_display": "100"}, "missing_lines": [], "excluded_lines": [], "start_line": 58, "executed_branches": [], "missing_branches": []}, "AppContext": {"executed_lines": [], "summary": {"covered_lines": 0, "num_statements": 0, "percent_covered": 100.0, "percent_covered_display": "100", "missing_lines": 0, "excluded_lines": 0, "percent_statements_covered": 100.0, "percent_statements_covered_display": "100", "num_branches": 0, "num_partial_branches": 0, "covered_branches": 0, "missing_branches": 0, "percent_branches_covered": 100.0, "percent_branches_covered_display": "100"}, "missing_lines": [], "excluded_lines": [], "start_line": 63, "executed_branches": [], "missing_branches": []}, "": {"executed_lines": [3, 5, 6, 7, 9, 10, 11, 12, 13, 14, 15, 16, 23, 24, 25, 26, 27, 28, 29, 30, 31, 33, 34, 38, 42, 53, 58, 62, 63, 64, 65, 66, 67, 70, 71, 72, 73, 76, 77, 78, 79, 80, 81, 84, 85, 86, 87, 88, 89, 90, 93, 96, 97, 98, 99, 100, 101, 103, 106, 110, 111, 112, 116, 126, 127, 128, 129, 130, 132, 133, 140, 143, 150, 151, 158, 159, 166, 167, 168, 169, 170, 171, 172, 173, 174, 175, 176, 177, 178, 179, 180, 181, 182, 183, 185, 186, 187, 188, 189, 190, 191, 192, 193, 194, 195, 196, 197, 198, 201, 203, 204, 205, 206, 207, 208, 209, 210, 213, 226, 227, 228, 229, 236, 239, 240, 241, 242, 243, 244, 245, 246, 247, 248, 254, 256, 257, 258, 259, 261, 262, 263, 265, 266, 267, 268, 269, 270, 271, 272, 273, 274, 275, 276, 277, 278, 279, 285, 286, 287, 288], "summary": {"covered_lines": 160, "num_statements": 168, "percent_covered": 93.04347826086956, "percent_covered_display": "93", "missing_lines": 8, "excluded_lines": 0, "percent_statements_covered": 95.23809523809524, "percent_statements_covered_display": "95", "num_branches": 62, "num_partial_branches": 8, "covered_branches": 54, "missing_branches": 8, "percent_branches_covered": 87.09677419354838, "percent_branches_covered_display": "87"}, "missing_lines": [102, 113, 131, 134, 139, 184, 289, 290], "excluded_lines": [], "start_line": 1, "executed_branches": [[77, 78], [79, 80], [79, 81], [86, 87], [86, 88], [88, 89], [88, 90], [98, 99], [98, 103], [99, 100], [99, 101], [101, 98], [110, 111], [111, 110], [111, 112], [129, -116], [129, 130], [130, 132], [133, 140], [158, -143], [158, 159], [169, 170], [169, 171], [173, -166], [173, 174], [177, 178], [177, 182], [178, 179], [178, 180], [182, 183], [182, 187], [183, 185], [187, 188], [187, 192], [189, 190], [189, 191], [192, 193], [192, 197], [194, 195], [194, 196], [197, 198], [204, 205], [204, 210], [205, 206], [205, 207], [208, 209], [227, 228], [227, 229], [241, 242], [241, 243], [246, 247], [246, 248], [262, 263], [262, 265]], "missing_branches": [[77, 79], [101, 102], [110, 113], [130, 131], [133, 134], [183, 184], [197, 173], [208, 204]]}}}, "zarabot/broker/__init__.py": {"executed_lines": [], "summary": {"covered_lines": 0, "num_statements": 0, "percent_covered": 100.0, "percent_covered_display": "100", "missing_lines": 0, "excluded_lines": 0, "percent_statements_covered": 100.0, "percent_statements_covered_display": "100", "num_branches": 0, "num_partial_branches": 0, "covered_branches": 0, "missing_branches": 0, "percent_branches_covered": 100.0, "percent_branches_covered_display": "100"}, "missing_lines": [], "excluded_lines": [], "executed_branches": [], "missing_branches": [], "functions": {"": {"executed_lines": [], "summary": {"covered_lines": 0, "num_statements": 0, "percent_covered": 100.0, "percent_covered_display": "100", "missing_lines": 0, "excluded_lines": 0, "percent_statements_covered": 100.0, "percent_statements_covered_display": "100", "num_branches": 0, "num_partial_branches": 0, "covered_branches": 0, "missing_branches": 0, "percent_branches_covered": 100.0, "percent_branches_covered_display": "100"}, "missing_lines": [], "excluded_lines": [], "start_line": 1, "executed_branches": [], "missing_branches": []}}, "classes": {"": {"executed_lines": [], "summary": {"covered_lines": 0, "num_statements": 0, "percent_covered": 100.0, "percent_covered_display": "100", "missing_lines": 0, "excluded_lines": 0, "percent_statements_covered": 100.0, "percent_statements_covered_display": "100", "num_branches": 0, "num_partial_branches": 0, "covered_branches": 0, "missing_branches": 0, "percent_branches_covered": 100.0, "percent_branches_covered_display": "100"}, "missing_lines": [], "excluded_lines": [], "start_line": 1, "executed_branches": [], "missing_branches": []}}}, "zarabot/broker/client.py": {"executed_lines": [3, 5, 6, 7, 8, 9, 10, 12, 13, 14, 15, 19, 33, 35, 36, 37, 52, 53, 60, 66, 71, 76, 78, 81, 85, 103, 107, 110, 114, 118, 122, 125, 126, 127, 130, 133, 134, 135, 138, 141, 142, 143, 146, 150, 151, 154, 155, 156, 159, 160, 163, 166, 167, 168, 169, 170, 171, 172, 173, 176, 177, 180, 182, 183, 188, 195, 196, 197, 198, 201, 205, 206, 209, 211, 213, 214, 215, 216, 221, 223, 224, 229, 241, 242, 243, 244, 245, 246, 247, 248, 251, 253, 255, 258, 259, 260, 263, 264, 266, 267, 268, 271, 272, 273, 274, 278, 279, 280, 281, 282, 283, 285, 288, 294, 295, 297, 300, 301, 303, 304, 305, 307, 310, 311, 314, 315, 320, 323, 324, 327, 328, 331, 332, 333, 334, 339, 340, 341, 342, 353, 356, 357, 358, 359, 360, 368, 379, 380, 383, 384, 385, 386, 387, 390, 394, 395, 396, 397, 398, 401, 402, 403, 404, 405, 406, 407, 408, 411, 412, 413, 414, 415, 416, 417, 418, 425, 426, 427, 430, 431, 434, 435, 438, 446, 452, 464, 465, 466, 467, 468, 469, 470, 471, 474, 475, 476, 477, 478, 483, 484, 485, 486, 487, 489, 490, 491, 492, 493, 494, 495, 496, 497, 498, 522, 525, 527, 528, 529, 530, 533, 534, 535, 536, 539, 540, 541, 547, 550, 551, 552, 553, 558, 559, 560, 562, 563, 566, 580, 581, 598, 599, 600, 605, 606, 618, 620, 621, 622, 623, 624, 625, 626, 631, 632, 647, 650, 651, 652, 670, 671, 673, 686, 687, 688, 689, 692, 695, 696, 700, 708, 709, 710, 717, 718, 719, 720, 723, 724, 725, 727, 729, 732, 733, 734, 735, 741, 742, 743, 744, 746, 747, 760, 763, 774, 775, 776, 777, 778, 787, 788, 789, 790, 791, 792, 793, 794, 799, 802, 803, 804, 806, 821, 824, 825, 826, 829, 830, 834, 837, 838, 839, 840, 841, 842, 847, 848, 849, 850, 853, 854, 855, 856, 857, 858, 859, 860, 875, 878, 879, 880, 881, 888, 889, 890, 891, 892, 893, 894], "summary": {"covered_lines": 348, "num_statements": 392, "percent_covered": 86.6, "percent_covered_display": "87", "missing_lines": 44, "excluded_lines": 0, "percent_statements_covered": 88.77551020408163, "percent_statements_covered_display": "89", "num_branches": 108, "num_partial_branches": 21, "covered_branches": 85, "missing_branches": 23, "percent_branches_covered": 78.70370370370371, "percent_branches_covered_display": "79"}, "missing_lines": [184, 185, 202, 212, 222, 225, 226, 254, 265, 275, 284, 289, 290, 291, 296, 302, 306, 316, 366, 367, 424, 481, 482, 488, 556, 557, 561, 619, 668, 669, 672, 697, 726, 728, 739, 740, 745, 784, 785, 805, 831, 832, 845, 846], "excluded_lines": [], "executed_branches": [[166, 167], [166, 168], [169, 170], [197, -188], [197, 198], [211, 213], [214, 215], [214, 221], [221, 223], [241, 242], [241, 243], [243, 244], [243, 245], [245, 246], [245, 248], [253, 255], [259, -258], [259, 260], [264, 266], [266, 267], [266, 268], [273, 274], [279, 280], [279, 281], [281, 282], [281, 283], [283, 285], [285, 288], [295, 297], [301, 303], [305, 307], [315, 320], [385, 386], [385, 387], [394, 395], [394, 396], [396, 397], [396, 398], [398, 401], [398, 402], [402, 403], [402, 404], [405, -390], [405, 406], [407, -390], [407, 408], [418, 425], [465, 466], [465, 471], [466, 467], [466, 468], [485, 486], [485, 522], [487, 489], [489, 490], [489, 491], [530, 533], [530, 534], [534, 535], [534, 536], [540, 541], [540, 547], [559, 560], [559, 563], [560, 562], [622, 623], [622, 624], [671, 673], [695, 696], [718, 719], [718, 720], [725, 727], [727, 729], [742, 743], [742, 760], [744, 746], [788, 789], [788, 821], [791, 792], [791, 793], [804, 806], [848, 849], [848, 875], [850, 853], [850, 854]], "missing_branches": [[169, 177], [211, 212], [221, 222], [253, 254], [264, 265], [273, 275], [283, 284], [285, 289], [289, 290], [289, 291], [295, 296], [301, 302], [305, 306], [315, 316], [418, 424], [487, 488], [560, 561], [671, 672], [695, 697], [725, 726], [727, 728], [744, 745], [804, 805]], "functions": {"BrokerRateLimited.__init__": {"executed_lines": [126, 127], "summary": {"covered_lines": 2, "num_statements": 2, "percent_covered": 100.0, "percent_covered_display": "100", "missing_lines": 0, "excluded_lines": 0, "percent_statements_covered": 100.0, "percent_statements_covered_display": "100", "num_branches": 0, "num_partial_branches": 0, "covered_branches": 0, "missing_branches": 0, "percent_branches_covered": 100.0, "percent_branches_covered_display": "100"}, "missing_lines": [], "excluded_lines": [], "start_line": 125, "executed_branches": [], "missing_branches": []}, "OrderRejected.__init__": {"executed_lines": [134, 135], "summary": {"covered_lines": 2, "num_statements": 2, "percent_covered": 100.0, "percent_covered_display": "100", "missing_lines": 0, "excluded_lines": 0, "percent_statements_covered": 100.0, "percent_statements_covered_display": "100", "num_branches": 0, "num_partial_branches": 0, "covered_branches": 0, "missing_branches": 0, "percent_branches_covered": 100.0, "percent_branches_covered_display": "100"}, "missing_lines": [], "excluded_lines": [], "start_line": 133, "executed_branches": [], "missing_branches": []}, "StopOrderRejected.__init__": {"executed_lines": [142, 143], "summary": {"covered_lines": 2, "num_statements": 2, "percent_covered": 100.0, "percent_covered_display": "100", "missing_lines": 0, "excluded_lines": 0, "percent_statements_covered": 100.0, "percent_statements_covered_display": "100", "num_branches": 0, "num_partial_branches": 0, "covered_branches": 0, "missing_branches": 0, "percent_branches_covered": 100.0, "percent_branches_covered_display": "100"}, "missing_lines": [], "excluded_lines": [], "start_line": 141, "executed_branches": [], "missing_branches": []}, "_open": {"executed_lines": [166, 167, 168, 169, 170, 171, 172, 173, 176, 177], "summary": {"covered_lines": 10, "num_statements": 10, "percent_covered": 92.85714285714286, "percent_covered_display": "93", "missing_lines": 0, "excluded_lines": 0, "percent_statements_covered": 100.0, "percent_statements_covered_display": "100", "num_branches": 4, "num_partial_branches": 1, "covered_branches": 3, "missing_branches": 1, "percent_branches_covered": 75.0, "percent_branches_covered_display": "75"}, "missing_lines": [], "excluded_lines": [], "start_line": 163, "executed_branches": [[166, 167], [166, 168], [169, 170]], "missing_branches": [[169, 177]]}, "_connect": {"executed_lines": [182, 183], "summary": {"covered_lines": 2, "num_statements": 4, "percent_covered": 50.0, "percent_covered_display": "50", "missing_lines": 2, "excluded_lines": 0, "percent_statements_covered": 50.0, "percent_statements_covered_display": "50", "num_branches": 0, "num_partial_branches": 0, "covered_branches": 0, "missing_branches": 0, "percent_branches_covered": 100.0, "percent_branches_covered_display": "100"}, "missing_lines": [184, 185], "excluded_lines": [], "start_line": 180, "executed_branches": [], "missing_branches": []}, "close": {"executed_lines": [195, 196, 197, 198], "summary": {"covered_lines": 4, "num_statements": 4, "percent_covered": 100.0, "percent_covered_display": "100", "missing_lines": 0, "excluded_lines": 0, "percent_statements_covered": 100.0, "percent_statements_covered_display": "100", "num_branches": 2, "num_partial_branches": 0, "covered_branches": 2, "missing_branches": 0, "percent_branches_covered": 100.0, "percent_branches_covered_display": "100"}, "missing_lines": [], "excluded_lines": [], "start_line": 188, "executed_branches": [[197, -188], [197, 198]], "missing_branches": []}, "_token": {"executed_lines": [], "summary": {"covered_lines": 0, "num_statements": 1, "percent_covered": 0.0, "percent_covered_display": "0", "missing_lines": 1, "excluded_lines": 0, "percent_statements_covered": 0.0, "percent_statements_covered_display": "0", "num_branches": 0, "num_partial_branches": 0, "covered_branches": 0, "missing_branches": 0, "percent_branches_covered": 100.0, "percent_branches_covered_display": "100"}, "missing_lines": [202], "excluded_lines": [], "start_line": 201, "executed_branches": [], "missing_branches": []}, "_redact": {"executed_lines": [206], "summary": {"covered_lines": 1, "num_statements": 1, "percent_covered": 100.0, "percent_covered_display": "100", "missing_lines": 0, "excluded_lines": 0, "percent_statements_covered": 100.0, "percent_statements_covered_display": "100", "num_branches": 0, "num_partial_branches": 0, "covered_branches": 0, "missing_branches": 0, "percent_branches_covered": 100.0, "percent_branches_covered_display": "100"}, "missing_lines": [], "excluded_lines": [], "start_line": 205, "executed_branches": [], "missing_branches": []}, "_retry_after": {"executed_lines": [211, 213, 214, 215, 216, 221, 223, 224], "summary": {"covered_lines": 8, "num_statements": 12, "percent_covered": 66.66666666666667, "percent_covered_display": "67", "missing_lines": 4, "excluded_lines": 0, "percent_statements_covered": 66.66666666666667, "percent_statements_covered_display": "67", "num_branches": 6, "num_partial_branches": 2, "covered_branches": 4, "missing_branches": 2, "percent_branches_covered": 66.66666666666667, "percent_branches_covered_display": "67"}, "missing_lines": [212, 222, 225, 226], "excluded_lines": [], "start_line": 209, "executed_branches": [[211, 213], [214, 215], [214, 221], [221, 223]], "missing_branches": [[211, 212], [221, 222]]}, "_translate": {"executed_lines": [241, 242, 243, 244, 245, 246, 247, 248], "summary": {"covered_lines": 8, "num_statements": 8, "percent_covered": 100.0, "percent_covered_display": "100", "missing_lines": 0, "excluded_lines": 0, "percent_statements_covered": 100.0, "percent_statements_covered_display": "100", "num_branches": 6, "num_partial_branches": 0, "covered_branches": 6, "missing_branches": 0, "percent_branches_covered": 100.0, "percent_branches_covered_display": "100"}, "missing_lines": [], "excluded_lines": [], "start_line": 229, "executed_branches": [[241, 242], [241, 243], [243, 244], [243, 245], [245, 246], [245, 248]], "missing_branches": []}, "_enum_name": {"executed_lines": [253, 255], "summary": {"covered_lines": 2, "num_statements": 3, "percent_covered": 60.0, "percent_covered_display": "60", "missing_lines": 1, "excluded_lines": 0, "percent_statements_covered": 66.66666666666667, "percent_statements_covered_display": "67", "num_branches": 2, "num_partial_branches": 1, "covered_branches": 1, "missing_branches": 1, "percent_branches_covered": 50.0, "percent_branches_covered_display": "50"}, "missing_lines": [254], "excluded_lines": [], "start_line": 251, "executed_branches": [[253, 255]], "missing_branches": [[253, 254]]}, "_reject_naive": {"executed_lines": [259, 260], "summary": {"covered_lines": 2, "num_statements": 2, "percent_covered": 100.0, "percent_covered_display": "100", "missing_lines": 0, "excluded_lines": 0, "percent_statements_covered": 100.0, "percent_statements_covered_display": "100", "num_branches": 2, "num_partial_branches": 0, "covered_branches": 2, "missing_branches": 0, "percent_branches_covered": 100.0, "percent_branches_covered_display": "100"}, "missing_lines": [], "excluded_lines": [], "start_line": 258, "executed_branches": [[259, -258], [259, 260]], "missing_branches": []}, "_aware": {"executed_lines": [264, 266, 267, 268], "summary": {"covered_lines": 4, "num_statements": 5, "percent_covered": 77.77777777777777, "percent_covered_display": "78", "missing_lines": 1, "excluded_lines": 0, "percent_statements_covered": 80.0, "percent_statements_covered_display": "80", "num_branches": 4, "num_partial_branches": 1, "covered_branches": 3, "missing_branches": 1, "percent_branches_covered": 75.0, "percent_branches_covered_display": "75"}, "missing_lines": [265], "excluded_lines": [], "start_line": 263, "executed_branches": [[264, 266], [266, 267], [266, 268]], "missing_branches": [[264, 265]]}, "_trading_status": {"executed_lines": [272, 273, 274], "summary": {"covered_lines": 3, "num_statements": 4, "percent_covered": 66.66666666666667, "percent_covered_display": "67", "missing_lines": 1, "excluded_lines": 0, "percent_statements_covered": 75.0, "percent_statements_covered_display": "75", "num_branches": 2, "num_partial_branches": 1, "covered_branches": 1, "missing_branches": 1, "percent_branches_covered": 50.0, "percent_branches_covered_display": "50"}, "missing_lines": [275], "excluded_lines": [], "start_line": 271, "executed_branches": [[273, 274]], "missing_branches": [[273, 275]]}, "_order_status": {"executed_lines": [279, 280, 281, 282, 283, 285, 288], "summary": {"covered_lines": 7, "num_statements": 11, "percent_covered": 61.904761904761905, "percent_covered_display": "62", "missing_lines": 4, "excluded_lines": 0, "percent_statements_covered": 63.63636363636363, "percent_statements_covered_display": "64", "num_branches": 10, "num_partial_branches": 2, "covered_branches": 6, "missing_branches": 4, "percent_branches_covered": 60.0, "percent_branches_covered_display": "60"}, "missing_lines": [284, 289, 290, 291], "excluded_lines": [], "start_line": 278, "executed_branches": [[279, 280], [279, 281], [281, 282], [281, 283], [283, 285], [285, 288]], "missing_branches": [[283, 284], [285, 289], [289, 290], [289, 291]]}, "_side_from_direction": {"executed_lines": [295, 297], "summary": {"covered_lines": 2, "num_statements": 3, "percent_covered": 60.0, "percent_covered_display": "60", "missing_lines": 1, "excluded_lines": 0, "percent_statements_covered": 66.66666666666667, "percent_statements_covered_display": "67", "num_branches": 2, "num_partial_branches": 1, "covered_branches": 1, "missing_branches": 1, "percent_branches_covered": 50.0, "percent_branches_covered_display": "50"}, "missing_lines": [296], "excluded_lines": [], "start_line": 294, "executed_branches": [[295, 297]], "missing_branches": [[295, 296]]}, "_as_decimal": {"executed_lines": [301, 303, 304, 305, 307], "summary": {"covered_lines": 5, "num_statements": 7, "percent_covered": 63.63636363636363, "percent_covered_display": "64", "missing_lines": 2, "excluded_lines": 0, "percent_statements_covered": 71.42857142857143, "percent_statements_covered_display": "71", "num_branches": 4, "num_partial_branches": 2, "covered_branches": 2, "missing_branches": 2, "percent_branches_covered": 50.0, "percent_branches_covered_display": "50"}, "missing_lines": [302, 306], "excluded_lines": [], "start_line": 300, "executed_branches": [[301, 303], [305, 307]], "missing_branches": [[301, 302], [305, 306]]}, "_decimal_money": {"executed_lines": [311], "summary": {"covered_lines": 1, "num_statements": 1, "percent_covered": 100.0, "percent_covered_display": "100", "missing_lines": 0, "excluded_lines": 0, "percent_statements_covered": 100.0, "percent_statements_covered_display": "100", "num_branches": 0, "num_partial_branches": 0, "covered_branches": 0, "missing_branches": 0, "percent_branches_covered": 100.0, "percent_branches_covered_display": "100"}, "missing_lines": [], "excluded_lines": [], "start_line": 310, "executed_branches": [], "missing_branches": []}, "_executed_commission": {"executed_lines": [315, 320], "summary": {"covered_lines": 2, "num_statements": 3, "percent_covered": 60.0, "percent_covered_display": "60", "missing_lines": 1, "excluded_lines": 0, "percent_statements_covered": 66.66666666666667, "percent_statements_covered_display": "67", "num_branches": 2, "num_partial_branches": 1, "covered_branches": 1, "missing_branches": 1, "percent_branches_covered": 50.0, "percent_branches_covered_display": "50"}, "missing_lines": [316], "excluded_lines": [], "start_line": 314, "executed_branches": [[315, 320]], "missing_branches": [[315, 316]]}, "_decimal_quote": {"executed_lines": [324], "summary": {"covered_lines": 1, "num_statements": 1, "percent_covered": 100.0, "percent_covered_display": "100", "missing_lines": 0, "excluded_lines": 0, "percent_statements_covered": 100.0, "percent_statements_covered_display": "100", "num_branches": 0, "num_partial_branches": 0, "covered_branches": 0, "missing_branches": 0, "percent_branches_covered": 100.0, "percent_branches_covered_display": "100"}, "missing_lines": [], "excluded_lines": [], "start_line": 323, "executed_branches": [], "missing_branches": []}, "_lots_from_quote": {"executed_lines": [328], "summary": {"covered_lines": 1, "num_statements": 1, "percent_covered": 100.0, "percent_covered_display": "100", "missing_lines": 0, "excluded_lines": 0, "percent_statements_covered": 100.0, "percent_statements_covered_display": "100", "num_branches": 0, "num_partial_branches": 0, "covered_branches": 0, "missing_branches": 0, "percent_branches_covered": 100.0, "percent_branches_covered_display": "100"}, "missing_lines": [], "excluded_lines": [], "start_line": 327, "executed_branches": [], "missing_branches": []}, "get_instrument": {"executed_lines": [332, 333, 334, 339, 340, 341, 342], "summary": {"covered_lines": 7, "num_statements": 7, "percent_covered": 100.0, "percent_covered_display": "100", "missing_lines": 0, "excluded_lines": 0, "percent_statements_covered": 100.0, "percent_statements_covered_display": "100", "num_branches": 0, "num_partial_branches": 0, "covered_branches": 0, "missing_branches": 0, "percent_branches_covered": 100.0, "percent_branches_covered_display": "100"}, "missing_lines": [], "excluded_lines": [], "start_line": 331, "executed_branches": [], "missing_branches": []}, "get_candles": {"executed_lines": [356, 357, 358, 359, 360, 368, 379, 380], "summary": {"covered_lines": 8, "num_statements": 10, "percent_covered": 80.0, "percent_covered_display": "80", "missing_lines": 2, "excluded_lines": 0, "percent_statements_covered": 80.0, "percent_statements_covered_display": "80", "num_branches": 0, "num_partial_branches": 0, "covered_branches": 0, "missing_branches": 0, "percent_branches_covered": 100.0, "percent_branches_covered_display": "100"}, "missing_lines": [366, 367], "excluded_lines": [], "start_line": 353, "executed_branches": [], "missing_branches": []}, "_quote_time": {"executed_lines": [384, 385, 386, 387], "summary": {"covered_lines": 4, "num_statements": 4, "percent_covered": 100.0, "percent_covered_display": "100", "missing_lines": 0, "excluded_lines": 0, "percent_statements_covered": 100.0, "percent_statements_covered_display": "100", "num_branches": 2, "num_partial_branches": 0, "covered_branches": 2, "missing_branches": 0, "percent_branches_covered": 100.0, "percent_branches_covered_display": "100"}, "missing_lines": [], "excluded_lines": [], "start_line": 383, "executed_branches": [[385, 386], [385, 387]], "missing_branches": []}, "_reject_quote": {"executed_lines": [394, 395, 396, 397, 398, 401, 402, 403, 404, 405, 406, 407, 408], "summary": {"covered_lines": 13, "num_statements": 13, "percent_covered": 100.0, "percent_covered_display": "100", "missing_lines": 0, "excluded_lines": 0, "percent_statements_covered": 100.0, "percent_statements_covered_display": "100", "num_branches": 12, "num_partial_branches": 0, "covered_branches": 12, "missing_branches": 0, "percent_branches_covered": 100.0, "percent_branches_covered_display": "100"}, "missing_lines": [], "excluded_lines": [], "start_line": 390, "executed_branches": [[394, 395], [394, 396], [396, 397], [396, 398], [398, 401], [398, 402], [402, 403], [402, 404], [405, -390], [405, 406], [407, -390], [407, 408]], "missing_branches": []}, "get_last_price": {"executed_lines": [412, 413, 414, 415, 416, 417, 418, 425, 426, 427, 430, 431], "summary": {"covered_lines": 12, "num_statements": 13, "percent_covered": 86.66666666666667, "percent_covered_display": "87", "missing_lines": 1, "excluded_lines": 0, "percent_statements_covered": 92.3076923076923, "percent_statements_covered_display": "92", "num_branches": 2, "num_partial_branches": 1, "covered_branches": 1, "missing_branches": 1, "percent_branches_covered": 50.0, "percent_branches_covered_display": "50"}, "missing_lines": [424], "excluded_lines": [], "start_line": 411, "executed_branches": [[418, 425]], "missing_branches": [[418, 424]]}, "_is_currency": {"executed_lines": [435], "summary": {"covered_lines": 1, "num_statements": 1, "percent_covered": 100.0, "percent_covered_display": "100", "missing_lines": 0, "excluded_lines": 0, "percent_statements_covered": 100.0, "percent_statements_covered_display": "100", "num_branches": 0, "num_partial_branches": 0, "covered_branches": 0, "missing_branches": 0, "percent_branches_covered": 100.0, "percent_branches_covered_display": "100"}, "missing_lines": [], "excluded_lines": [], "start_line": 434, "executed_branches": [], "missing_branches": []}, "_is_rub": {"executed_lines": [446], "summary": {"covered_lines": 1, "num_statements": 1, "percent_covered": 100.0, "percent_covered_display": "100", "missing_lines": 0, "excluded_lines": 0, "percent_statements_covered": 100.0, "percent_statements_covered_display": "100", "num_branches": 0, "num_partial_branches": 0, "covered_branches": 0, "missing_branches": 0, "percent_branches_covered": 100.0, "percent_branches_covered_display": "100"}, "missing_lines": [], "excluded_lines": [], "start_line": 438, "executed_branches": [], "missing_branches": []}, "_rub_buying_power": {"executed_lines": [464, 465, 466, 467, 468, 469, 470, 471], "summary": {"covered_lines": 8, "num_statements": 8, "percent_covered": 100.0, "percent_covered_display": "100", "missing_lines": 0, "excluded_lines": 0, "percent_statements_covered": 100.0, "percent_statements_covered_display": "100", "num_branches": 4, "num_partial_branches": 0, "covered_branches": 4, "missing_branches": 0, "percent_branches_covered": 100.0, "percent_branches_covered_display": "100"}, "missing_lines": [], "excluded_lines": [], "start_line": 452, "executed_branches": [[465, 466], [465, 471], [466, 467], [466, 468]], "missing_branches": []}, "get_portfolio": {"executed_lines": [475, 476, 477, 478, 483, 484, 485, 486, 487, 489, 490, 491, 492, 493, 494, 495, 496, 497, 498, 522], "summary": {"covered_lines": 20, "num_statements": 23, "percent_covered": 86.20689655172414, "percent_covered_display": "86", "missing_lines": 3, "excluded_lines": 0, "percent_statements_covered": 86.95652173913044, "percent_statements_covered_display": "87", "num_branches": 6, "num_partial_branches": 1, "covered_branches": 5, "missing_branches": 1, "percent_branches_covered": 83.33333333333333, "percent_branches_covered_display": "83"}, "missing_lines": [481, 482, 488], "excluded_lines": [], "start_line": 474, "executed_branches": [[485, 486], [485, 522], [487, 489], [489, 490], [489, 491]], "missing_branches": [[487, 488]]}, "_session_from_day": {"executed_lines": [527, 528, 529, 530, 533, 534, 535, 536], "summary": {"covered_lines": 8, "num_statements": 8, "percent_covered": 100.0, "percent_covered_display": "100", "missing_lines": 0, "excluded_lines": 0, "percent_statements_covered": 100.0, "percent_statements_covered_display": "100", "num_branches": 4, "num_partial_branches": 0, "covered_branches": 4, "missing_branches": 0, "percent_branches_covered": 100.0, "percent_branches_covered_display": "100"}, "missing_lines": [], "excluded_lines": [], "start_line": 525, "executed_branches": [[530, 533], [530, 534], [534, 535], [534, 536]], "missing_branches": []}, "get_trading_schedule": {"executed_lines": [540, 541, 547, 550, 551, 552, 553, 558, 559, 560, 562, 563], "summary": {"covered_lines": 12, "num_statements": 15, "percent_covered": 80.95238095238095, "percent_covered_display": "81", "missing_lines": 3, "excluded_lines": 0, "percent_statements_covered": 80.0, "percent_statements_covered_display": "80", "num_branches": 6, "num_partial_branches": 1, "covered_branches": 5, "missing_branches": 1, "percent_branches_covered": 83.33333333333333, "percent_branches_covered_display": "83"}, "missing_lines": [556, 557, 561], "excluded_lines": [], "start_line": 539, "executed_branches": [[540, 541], [540, 547], [559, 560], [559, 563], [560, 562]], "missing_branches": [[560, 561]]}, "_order_record": {"executed_lines": [580, 581], "summary": {"covered_lines": 2, "num_statements": 2, "percent_covered": 100.0, "percent_covered_display": "100", "missing_lines": 0, "excluded_lines": 0, "percent_statements_covered": 100.0, "percent_statements_covered_display": "100", "num_branches": 0, "num_partial_branches": 0, "covered_branches": 0, "missing_branches": 0, "percent_branches_covered": 100.0, "percent_branches_covered_display": "100"}, "missing_lines": [], "excluded_lines": [], "start_line": 566, "executed_branches": [], "missing_branches": []}, "post_market_order": {"executed_lines": [599, 600, 605, 606, 618, 620, 621, 622, 623, 624, 625, 626, 631, 632], "summary": {"covered_lines": 14, "num_statements": 15, "percent_covered": 94.11764705882354, "percent_covered_display": "94", "missing_lines": 1, "excluded_lines": 0, "percent_statements_covered": 93.33333333333333, "percent_statements_covered_display": "93", "num_branches": 2, "num_partial_branches": 0, "covered_branches": 2, "missing_branches": 0, "percent_branches_covered": 100.0, "percent_branches_covered_display": "100"}, "missing_lines": [619], "excluded_lines": [], "start_line": 598, "executed_branches": [[622, 623], [622, 624]], "missing_branches": []}, "post_stop_loss": {"executed_lines": [650, 651, 652, 670, 671, 673], "summary": {"covered_lines": 6, "num_statements": 9, "percent_covered": 63.63636363636363, "percent_covered_display": "64", "missing_lines": 3, "excluded_lines": 0, "percent_statements_covered": 66.66666666666667, "percent_statements_covered_display": "67", "num_branches": 2, "num_partial_branches": 1, "covered_branches": 1, "missing_branches": 1, "percent_branches_covered": 50.0, "percent_branches_covered_display": "50"}, "missing_lines": [668, 669, 672], "excluded_lines": [], "start_line": 647, "executed_branches": [[671, 673]], "missing_branches": [[671, 672]]}, "cancel_stop_order": {"executed_lines": [687, 688, 689, 692, 695, 696], "summary": {"covered_lines": 6, "num_statements": 7, "percent_covered": 77.77777777777777, "percent_covered_display": "78", "missing_lines": 1, "excluded_lines": 0, "percent_statements_covered": 85.71428571428571, "percent_statements_covered_display": "86", "num_branches": 2, "num_partial_branches": 1, "covered_branches": 1, "missing_branches": 1, "percent_branches_covered": 50.0, "percent_branches_covered_display": "50"}, "missing_lines": [697], "excluded_lines": [], "start_line": 686, "executed_branches": [[695, 696]], "missing_branches": [[695, 697]]}, "cancel_order": {"executed_lines": [708, 709, 710, 717, 718, 719, 720], "summary": {"covered_lines": 7, "num_statements": 7, "percent_covered": 100.0, "percent_covered_display": "100", "missing_lines": 0, "excluded_lines": 0, "percent_statements_covered": 100.0, "percent_statements_covered_display": "100", "num_branches": 2, "num_partial_branches": 0, "covered_branches": 2, "missing_branches": 0, "percent_branches_covered": 100.0, "percent_branches_covered_display": "100"}, "missing_lines": [], "excluded_lines": [], "start_line": 700, "executed_branches": [[718, 719], [718, 720]], "missing_branches": []}, "_stop_status": {"executed_lines": [724, 725, 727, 729], "summary": {"covered_lines": 4, "num_statements": 6, "percent_covered": 60.0, "percent_covered_display": "60", "missing_lines": 2, "excluded_lines": 0, "percent_statements_covered": 66.66666666666667, "percent_statements_covered_display": "67", "num_branches": 4, "num_partial_branches": 2, "covered_branches": 2, "missing_branches": 2, "percent_branches_covered": 50.0, "percent_branches_covered_display": "50"}, "missing_lines": [726, 728], "excluded_lines": [], "start_line": 723, "executed_branches": [[725, 727], [727, 729]], "missing_branches": [[725, 726], [727, 728]]}, "list_stop_orders": {"executed_lines": [733, 734, 735, 741, 742, 743, 744, 746, 747, 760], "summary": {"covered_lines": 10, "num_statements": 13, "percent_covered": 76.47058823529412, "percent_covered_display": "76", "missing_lines": 3, "excluded_lines": 0, "percent_statements_covered": 76.92307692307692, "percent_statements_covered_display": "77", "num_branches": 4, "num_partial_branches": 1, "covered_branches": 3, "missing_branches": 1, "percent_branches_covered": 75.0, "percent_branches_covered_display": "75"}, "missing_lines": [739, 740, 745], "excluded_lines": [], "start_line": 732, "executed_branches": [[742, 743], [742, 760], [744, 746]], "missing_branches": [[744, 745]]}, "get_executed_stop_fills": {"executed_lines": [774, 775, 776, 777, 778, 787, 788, 789, 790, 791, 792, 793, 794, 799, 802, 803, 804, 806, 821], "summary": {"covered_lines": 19, "num_statements": 22, "percent_covered": 85.71428571428571, "percent_covered_display": "86", "missing_lines": 3, "excluded_lines": 0, "percent_statements_covered": 86.36363636363636, "percent_statements_covered_display": "86", "num_branches": 6, "num_partial_branches": 1, "covered_branches": 5, "missing_branches": 1, "percent_branches_covered": 83.33333333333333, "percent_branches_covered_display": "83"}, "missing_lines": [784, 785, 805], "excluded_lines": [], "start_line": 763, "executed_branches": [[788, 789], [788, 821], [791, 792], [791, 793], [804, 806]], "missing_branches": [[804, 805]]}, "get_max_lots": {"executed_lines": [825, 826, 829, 830, 834], "summary": {"covered_lines": 5, "num_statements": 7, "percent_covered": 71.42857142857143, "percent_covered_display": "71", "missing_lines": 2, "excluded_lines": 0, "percent_statements_covered": 71.42857142857143, "percent_statements_covered_display": "71", "num_branches": 0, "num_partial_branches": 0, "covered_branches": 0, "missing_branches": 0, "percent_branches_covered": 100.0, "percent_branches_covered_display": "100"}, "missing_lines": [831, 832], "excluded_lines": [], "start_line": 824, "executed_branches": [], "missing_branches": []}, "get_operations": {"executed_lines": [838, 839, 840, 841, 842, 847, 848, 849, 850, 853, 854, 855, 856, 857, 858, 859, 860, 875], "summary": {"covered_lines": 18, "num_statements": 20, "percent_covered": 91.66666666666667, "percent_covered_display": "92", "missing_lines": 2, "excluded_lines": 0, "percent_statements_covered": 90.0, "percent_statements_covered_display": "90", "num_branches": 4, "num_partial_branches": 0, "covered_branches": 4, "missing_branches": 0, "percent_branches_covered": 100.0, "percent_branches_covered_display": "100"}, "missing_lines": [845, 846], "excluded_lines": [], "start_line": 837, "executed_branches": [[848, 849], [848, 875], [850, 853], [850, 854]], "missing_branches": []}, "get_order_state": {"executed_lines": [879, 880, 881, 888, 889, 890, 891, 892, 893, 894], "summary": {"covered_lines": 10, "num_statements": 10, "percent_covered": 100.0, "percent_covered_display": "100", "missing_lines": 0, "excluded_lines": 0, "percent_statements_covered": 100.0, "percent_statements_covered_display": "100", "num_branches": 0, "num_partial_branches": 0, "covered_branches": 0, "missing_branches": 0, "percent_branches_covered": 100.0, "percent_branches_covered_display": "100"}, "missing_lines": [], "excluded_lines": [], "start_line": 878, "executed_branches": [], "missing_branches": []}, "": {"executed_lines": [3, 5, 6, 7, 8, 9, 10, 12, 13, 14, 15, 19, 33, 35, 36, 37, 52, 53, 60, 66, 71, 76, 78, 81, 85, 103, 107, 110, 114, 118, 122, 125, 130, 133, 138, 141, 146, 150, 151, 154, 155, 156, 159, 160, 163, 180, 188, 201, 205, 209, 229, 251, 258, 263, 271, 278, 294, 300, 310, 314, 323, 327, 331, 353, 383, 390, 411, 434, 438, 452, 474, 525, 539, 566, 598, 647, 686, 700, 723, 732, 763, 824, 837, 878], "summary": {"covered_lines": 84, "num_statements": 84, "percent_covered": 100.0, "percent_covered_display": "100", "missing_lines": 0, "excluded_lines": 0, "percent_statements_covered": 100.0, "percent_statements_covered_display": "100", "num_branches": 0, "num_partial_branches": 0, "covered_branches": 0, "missing_branches": 0, "percent_branches_covered": 100.0, "percent_branches_covered_display": "100"}, "missing_lines": [], "excluded_lines": [], "start_line": 1, "executed_branches": [], "missing_branches": []}}, "classes": {"InstrumentNotFound": {"executed_lines": [], "summary": {"covered_lines": 0, "num_statements": 0, "percent_covered": 100.0, "percent_covered_display": "100", "missing_lines": 0, "excluded_lines": 0, "percent_statements_covered": 1
[...]
isplay": "100", "missing_lines": 0, "excluded_lines": 0, "percent_statements_covered": 100.0, "percent_statements_covered_display": "100", "num_branches": 2, "num_partial_branches": 0, "covered_branches": 2, "missing_branches": 0, "percent_branches_covered": 100.0, "percent_branches_covered_display": "100"}, "missing_lines": [], "excluded_lines": [], "start_line": 183, "executed_branches": [[185, 186], [185, 187]], "missing_branches": []}, "_history_line": {"executed_lines": [192, 193, 194, 197, 200, 201], "summary": {"covered_lines": 6, "num_statements": 7, "percent_covered": 77.77777777777777, "percent_covered_display": "78", "missing_lines": 1, "excluded_lines": 0, "percent_statements_covered": 85.71428571428571, "percent_statements_covered_display": "86", "num_branches": 2, "num_partial_branches": 1, "covered_branches": 1, "missing_branches": 1, "percent_branches_covered": 50.0, "percent_branches_covered_display": "50"}, "missing_lines": [196], "excluded_lines": [], "start_line": 191, "executed_branches": [[193, 194]], "missing_branches": [[193, 196]]}, "_history_text": {"executed_lines": [205, 206, 207, 208], "summary": {"covered_lines": 4, "num_statements": 4, "percent_covered": 100.0, "percent_covered_display": "100", "missing_lines": 0, "excluded_lines": 0, "percent_statements_covered": 100.0, "percent_statements_covered_display": "100", "num_branches": 2, "num_partial_branches": 0, "covered_branches": 2, "missing_branches": 0, "percent_branches_covered": 100.0, "percent_branches_covered_display": "100"}, "missing_lines": [], "excluded_lines": [], "start_line": 204, "executed_branches": [[206, 207], [206, 208]], "missing_branches": []}, "_sum_realised": {"executed_lines": [212, 213, 214, 215], "summary": {"covered_lines": 4, "num_statements": 4, "percent_covered": 100.0, "percent_covered_display": "100", "missing_lines": 0, "excluded_lines": 0, "percent_statements_covered": 100.0, "percent_statements_covered_display": "100", "num_branches": 2, "num_partial_branches": 0, "covered_branches": 2, "missing_branches": 0, "percent_branches_covered": 100.0, "percent_branches_covered_display": "100"}, "missing_lines": [], "excluded_lines": [], "start_line": 211, "executed_branches": [[213, 214], [213, 215]], "missing_branches": []}, "_fmt_benchmark": {"executed_lines": [219, 221], "summary": {"covered_lines": 2, "num_statements": 3, "percent_covered": 60.0, "percent_covered_display": "60", "missing_lines": 1, "excluded_lines": 0, "percent_statements_covered": 66.66666666666667, "percent_statements_covered_display": "67", "num_branches": 2, "num_partial_branches": 1, "covered_branches": 1, "missing_branches": 1, "percent_branches_covered": 50.0, "percent_branches_covered_display": "50"}, "missing_lines": [220], "excluded_lines": [], "start_line": 218, "executed_branches": [[219, 221]], "missing_branches": [[219, 220]]}, "_pnl_text": {"executed_lines": [225, 226, 227, 228, 229, 230, 233, 234, 235, 236, 238, 239, 240, 241, 242], "summary": {"covered_lines": 15, "num_statements": 15, "percent_covered": 100.0, "percent_covered_display": "100", "missing_lines": 0, "excluded_lines": 0, "percent_statements_covered": 100.0, "percent_statements_covered_display": "100", "num_branches": 2, "num_partial_branches": 0, "covered_branches": 2, "missing_branches": 0, "percent_branches_covered": 100.0, "percent_branches_covered_display": "100"}, "missing_lines": [], "excluded_lines": [], "start_line": 224, "executed_branches": [[234, 235], [234, 238]], "missing_branches": []}, "_risk_limit_text": {"executed_lines": [260, 261], "summary": {"covered_lines": 2, "num_statements": 2, "percent_covered": 100.0, "percent_covered_display": "100", "missing_lines": 0, "excluded_lines": 0, "percent_statements_covered": 100.0, "percent_statements_covered_display": "100", "num_branches": 0, "num_partial_branches": 0, "covered_branches": 0, "missing_branches": 0, "percent_branches_covered": 100.0, "percent_branches_covered_display": "100"}, "missing_lines": [], "excluded_lines": [], "start_line": 250, "executed_branches": [], "missing_branches": []}, "_strategies_text": {"executed_lines": [277, 278, 279, 280, 281, 282, 283, 284, 285, 286, 287, 288, 289], "summary": {"covered_lines": 13, "num_statements": 13, "percent_covered": 100.0, "percent_covered_display": "100", "missing_lines": 0, "excluded_lines": 0, "percent_statements_covered": 100.0, "percent_statements_covered_display": "100", "num_branches": 6, "num_partial_branches": 0, "covered_branches": 6, "missing_branches": 0, "percent_branches_covered": 100.0, "percent_branches_covered_display": "100"}, "missing_lines": [], "excluded_lines": [], "start_line": 276, "executed_branches": [[279, 280], [279, 281], [282, 283], [282, 289], [284, 285], [284, 287]], "missing_branches": []}, "_report_text": {"executed_lines": [293, 294, 295, 296, 297], "summary": {"covered_lines": 5, "num_statements": 5, "percent_covered": 100.0, "percent_covered_display": "100", "missing_lines": 0, "excluded_lines": 0, "percent_statements_covered": 100.0, "percent_statements_covered_display": "100", "num_branches": 2, "num_partial_branches": 0, "covered_branches": 2, "missing_branches": 0, "percent_branches_covered": 100.0, "percent_branches_covered_display": "100"}, "missing_lines": [], "excluded_lines": [], "start_line": 292, "executed_branches": [[294, 295], [294, 296]], "missing_branches": []}, "_help_text": {"executed_lines": [301], "summary": {"covered_lines": 1, "num_statements": 1, "percent_covered": 100.0, "percent_covered_display": "100", "missing_lines": 0, "excluded_lines": 0, "percent_statements_covered": 100.0, "percent_statements_covered_display": "100", "num_branches": 0, "num_partial_branches": 0, "covered_branches": 0, "missing_branches": 0, "percent_branches_covered": 100.0, "percent_branches_covered_display": "100"}, "missing_lines": [], "excluded_lines": [], "start_line": 300, "executed_branches": [], "missing_branches": []}, "status": {"executed_lines": [305, 306, 307], "summary": {"covered_lines": 3, "num_statements": 3, "percent_covered": 100.0, "percent_covered_display": "100", "missing_lines": 0, "excluded_lines": 0, "percent_statements_covered": 100.0, "percent_statements_covered_display": "100", "num_branches": 2, "num_partial_branches": 0, "covered_branches": 2, "missing_branches": 0, "percent_branches_covered": 100.0, "percent_branches_covered_display": "100"}, "missing_lines": [], "excluded_lines": [], "start_line": 304, "executed_branches": [[305, 306], [305, 307]], "missing_branches": []}, "positions": {"executed_lines": [311, 312, 313], "summary": {"covered_lines": 3, "num_statements": 3, "percent_covered": 100.0, "percent_covered_display": "100", "missing_lines": 0, "excluded_lines": 0, "percent_statements_covered": 100.0, "percent_statements_covered_display": "100", "num_branches": 2, "num_partial_branches": 0, "covered_branches": 2, "missing_branches": 0, "percent_branches_covered": 100.0, "percent_branches_covered_display": "100"}, "missing_lines": [], "excluded_lines": [], "start_line": 310, "executed_branches": [[311, 312], [311, 313]], "missing_branches": []}, "history": {"executed_lines": [317, 318, 319], "summary": {"covered_lines": 3, "num_statements": 3, "percent_covered": 100.0, "percent_covered_display": "100", "missing_lines": 0, "excluded_lines": 0, "percent_statements_covered": 100.0, "percent_statements_covered_display": "100", "num_branches": 2, "num_partial_branches": 0, "covered_branches": 2, "missing_branches": 0, "percent_branches_covered": 100.0, "percent_branches_covered_display": "100"}, "missing_lines": [], "excluded_lines": [], "start_line": 316, "executed_branches": [[317, 318], [317, 319]], "missing_branches": []}, "pnl": {"executed_lines": [323, 324, 325], "summary": {"covered_lines": 3, "num_statements": 3, "percent_covered": 100.0, "percent_covered_display": "100", "missing_lines": 0, "excluded_lines": 0, "percent_statements_covered": 100.0, "percent_statements_covered_display": "100", "num_branches": 2, "num_partial_branches": 0, "covered_branches": 2, "missing_branches": 0, "percent_branches_covered": 100.0, "percent_branches_covered_display": "100"}, "missing_lines": [], "excluded_lines": [], "start_line": 322, "executed_branches": [[323, 324], [323, 325]], "missing_branches": []}, "halt": {"executed_lines": [329, 330, 331, 332], "summary": {"covered_lines": 4, "num_statements": 4, "percent_covered": 100.0, "percent_covered_display": "100", "missing_lines": 0, "excluded_lines": 0, "percent_statements_covered": 100.0, "percent_statements_covered_display": "100", "num_branches": 2, "num_partial_branches": 0, "covered_branches": 2, "missing_branches": 0, "percent_branches_covered": 100.0, "percent_branches_covered_display": "100"}, "missing_lines": [], "excluded_lines": [], "start_line": 328, "executed_branches": [[329, 330], [329, 331]], "missing_branches": []}, "resume": {"executed_lines": [336, 337, 338, 339, 340, 341], "summary": {"covered_lines": 6, "num_statements": 6, "percent_covered": 100.0, "percent_covered_display": "100", "missing_lines": 0, "excluded_lines": 0, "percent_statements_covered": 100.0, "percent_statements_covered_display": "100", "num_branches": 4, "num_partial_branches": 0, "covered_branches": 4, "missing_branches": 0, "percent_branches_covered": 100.0, "percent_branches_covered_display": "100"}, "missing_lines": [], "excluded_lines": [], "start_line": 335, "executed_branches": [[336, 337], [336, 338], [338, 339], [338, 341]], "missing_branches": []}, "strategies": {"executed_lines": [345, 346, 347], "summary": {"covered_lines": 3, "num_statements": 3, "percent_covered": 100.0, "percent_covered_display": "100", "missing_lines": 0, "excluded_lines": 0, "percent_statements_covered": 100.0, "percent_statements_covered_display": "100", "num_branches": 2, "num_partial_branches": 0, "covered_branches": 2, "missing_branches": 0, "percent_branches_covered": 100.0, "percent_branches_covered_display": "100"}, "missing_lines": [], "excluded_lines": [], "start_line": 344, "executed_branches": [[345, 346], [345, 347]], "missing_branches": []}, "report": {"executed_lines": [351, 352, 353], "summary": {"covered_lines": 3, "num_statements": 3, "percent_covered": 100.0, "percent_covered_display": "100", "missing_lines": 0, "excluded_lines": 0, "percent_statements_covered": 100.0, "percent_statements_covered_display": "100", "num_branches": 2, "num_partial_branches": 0, "covered_branches": 2, "missing_branches": 0, "percent_branches_covered": 100.0, "percent_branches_covered_display": "100"}, "missing_lines": [], "excluded_lines": [], "start_line": 350, "executed_branches": [[351, 352], [351, 353]], "missing_branches": []}, "help": {"executed_lines": [357, 358, 359], "summary": {"covered_lines": 3, "num_statements": 3, "percent_covered": 100.0, "percent_covered_display": "100", "missing_lines": 0, "excluded_lines": 0, "percent_statements_covered": 100.0, "percent_statements_covered_display": "100", "num_branches": 2, "num_partial_branches": 0, "covered_branches": 2, "missing_branches": 0, "percent_branches_covered": 100.0, "percent_branches_covered_display": "100"}, "missing_lines": [], "excluded_lines": [], "start_line": 356, "executed_branches": [[357, 358], [357, 359]], "missing_branches": []}, "build_application": {"executed_lines": [], "summary": {"covered_lines": 0, "num_statements": 4, "percent_covered": 0.0, "percent_covered_display": "0", "missing_lines": 4, "excluded_lines": 0, "percent_statements_covered": 0.0, "percent_statements_covered_display": "0", "num_branches": 2, "num_partial_branches": 0, "covered_branches": 0, "missing_branches": 2, "percent_branches_covered": 0.0, "percent_branches_covered_display": "0"}, "missing_lines": [364, 365, 376, 377], "excluded_lines": [], "start_line": 362, "executed_branches": [], "missing_branches": [[365, 376], [365, 377]]}, "": {"executed_lines": [3, 5, 6, 7, 8, 9, 11, 12, 14, 15, 16, 17, 18, 19, 20, 21, 22, 23, 24, 25, 27, 28, 29, 30, 31, 32, 34, 36, 38, 51, 57, 61, 65, 72, 78, 85, 105, 114, 129, 138, 168, 183, 191, 204, 211, 218, 224, 250, 276, 292, 300, 304, 310, 316, 322, 328, 335, 344, 350, 356, 362], "summary": {"covered_lines": 61, "num_statements": 61, "percent_covered": 100.0, "percent_covered_display": "100", "missing_lines": 0, "excluded_lines": 0, "percent_statements_covered": 100.0, "percent_statements_covered_display": "100", "num_branches": 0, "num_partial_branches": 0, "covered_branches": 0, "missing_branches": 0, "percent_branches_covered": 100.0, "percent_branches_covered_display": "100"}, "missing_lines": [], "excluded_lines": [], "start_line": 1, "executed_branches": [], "missing_branches": []}}, "classes": {"": {"executed_lines": [3, 5, 6, 7, 8, 9, 11, 12, 14, 15, 16, 17, 18, 19, 20, 21, 22, 23, 24, 25, 27, 28, 29, 30, 31, 32, 34, 36, 38, 51, 54, 57, 58, 61, 62, 65, 66, 67, 68, 69, 72, 73, 74, 75, 78, 79, 81, 82, 85, 86, 89, 90, 91, 92, 93, 94, 95, 96, 97, 98, 99, 100, 101, 102, 105, 106, 107, 108, 109, 110, 111, 114, 115, 116, 118, 119, 120, 121, 122, 129, 130, 131, 132, 133, 134, 135, 138, 139, 140, 141, 142, 143, 145, 146, 147, 148, 149, 150, 151, 155, 158, 159, 168, 169, 170, 171, 172, 176, 183, 184, 185, 186, 187, 188, 191, 192, 193, 194, 197, 200, 201, 204, 205, 206, 207, 208, 211, 212, 213, 214, 215, 218, 219, 221, 224, 225, 226, 227, 228, 229, 230, 233, 234, 235, 236, 238, 239, 240, 241, 242, 250, 260, 261, 276, 277, 278, 279, 280, 281, 282, 283, 284, 285, 286, 287, 288, 289, 292, 293, 294, 295, 296, 297, 300, 301, 304, 305, 306, 307, 310, 311, 312, 313, 316, 317, 318, 319, 322, 323, 324, 325, 328, 329, 330, 331, 332, 335, 336, 337, 338, 339, 340, 341, 344, 345, 346, 347, 350, 351, 352, 353, 356, 357, 358, 359, 362], "summary": {"covered_lines": 216, "num_statements": 236, "percent_covered": 89.14473684210526, "percent_covered_display": "89", "missing_lines": 20, "excluded_lines": 0, "percent_statements_covered": 91.52542372881356, "percent_statements_covered_display": "92", "num_branches": 68, "num_partial_branches": 9, "covered_branches": 55, "missing_branches": 13, "percent_branches_covered": 80.88235294117646, "percent_branches_covered_display": "81"}, "missing_lines": [80, 87, 88, 117, 123, 124, 125, 126, 153, 154, 156, 173, 174, 175, 196, 220, 364, 365, 376, 377], "excluded_lines": [], "start_line": 1, "executed_branches": [[79, 81], [86, 89], [90, 91], [90, 102], [94, 95], [94, 97], [99, 100], [108, 109], [108, 110], [116, 118], [119, 120], [132, 133], [132, 134], [141, 142], [141, 145], [148, 149], [155, 158], [185, 186], [185, 187], [193, 194], [206, 207], [206, 208], [213, 214], [213, 215], [219, 221], [234, 235], [234, 238], [279, 280], [279, 281], [282, 283], [282, 289], [284, 285], [284, 287], [294, 295], [294, 296], [305, 306], [305, 307], [311, 312], [311, 313], [317, 318], [317, 319], [323, 324], [323, 325], [329, 330], [329, 331], [336, 337], [336, 338], [338, 339], [338, 341], [345, 346], [345, 347], [351, 352], [351, 353], [357, 358], [357, 359]], "missing_branches": [[79, 80], [86, 87], [99, 101], [116, 117], [119, 125], [125, -114], [125, 126], [148, 153], [155, 156], [193, 196], [219, 220], [365, 376], [365, 377]]}}}, "zarabot/telegram/notifier.py": {"executed_lines": [3, 5, 7, 9, 11, 12, 13, 16, 17, 18, 23, 24, 27, 28, 29, 30, 31, 32, 33, 38, 39, 40, 41, 42, 45, 47, 48, 49, 50, 51], "summary": {"covered_lines": 30, "num_statements": 30, "percent_covered": 97.05882352941177, "percent_covered_display": "97", "missing_lines": 0, "excluded_lines": 0, "percent_statements_covered": 100.0, "percent_statements_covered_display": "100", "num_branches": 4, "num_partial_branches": 1, "covered_branches": 3, "missing_branches": 1, "percent_branches_covered": 75.0, "percent_branches_covered_display": "75"}, "missing_lines": [], "excluded_lines": [], "executed_branches": [[30, 31], [30, 41], [41, 42]], "missing_branches": [[41, -27]], "functions": {"_secrets": {"executed_lines": [17, 18], "summary": {"covered_lines": 2, "num_statements": 2, "percent_covered": 100.0, "percent_covered_display": "100", "missing_lines": 0, "excluded_lines": 0, "percent_statements_covered": 100.0, "percent_statements_covered_display": "100", "num_branches": 0, "num_partial_branches": 0, "covered_branches": 0, "missing_branches": 0, "percent_branches_covered": 100.0, "percent_branches_covered_display": "100"}, "missing_lines": [], "excluded_lines": [], "start_line": 16, "executed_branches": [], "missing_branches": []}, "_contains_secret": {"executed_lines": [24], "summary": {"covered_lines": 1, "num_statements": 1, "percent_covered": 100.0, "percent_covered_display": "100", "missing_lines": 0, "excluded_lines": 0, "percent_statements_covered": 100.0, "percent_statements_covered_display": "100", "num_branches": 0, "num_partial_branches": 0, "covered_branches": 0, "missing_branches": 0, "percent_branches_covered": 100.0, "percent_branches_covered_display": "100"}, "missing_lines": [], "excluded_lines": [], "start_line": 23, "executed_branches": [], "missing_branches": []}, "_send": {"executed_lines": [28, 29, 30, 31, 32, 33, 38, 39, 40, 41, 42], "summary": {"covered_lines": 11, "num_statements": 11, "percent_covered": 93.33333333333333, "percent_covered_display": "93", "missing_lines": 0, "excluded_lines": 0, "percent_statements_covered": 100.0, "percent_statements_covered_display": "100", "num_branches": 4, "num_partial_branches": 1, "covered_branches": 3, "missing_branches": 1, "percent_branches_covered": 75.0, "percent_branches_covered_display": "75"}, "missing_lines": [], "excluded_lines": [], "start_line": 27, "executed_branches": [[30, 31], [30, 41], [41, 42]], "missing_branches": [[41, -27]]}, "alert": {"executed_lines": [47, 48, 49, 50, 51], "summary": {"covered_lines": 5, "num_statements": 5, "percent_covered": 100.0, "percent_covered_display": "100", "missing_lines": 0, "excluded_lines": 0, "percent_statements_covered": 100.0, "percent_statements_covered_display": "100", "num_branches": 0, "num_partial_branches": 0, "covered_branches": 0, "missing_branches": 0, "percent_branches_covered": 100.0, "percent_branches_covered_display": "100"}, "missing_lines": [], "excluded_lines": [], "start_line": 45, "executed_branches": [], "missing_branches": []}, "": {"executed_lines": [3, 5, 7, 9, 11, 12, 13, 16, 23, 27, 45], "summary": {"covered_lines": 11, "num_statements": 11, "percent_covered": 100.0, "percent_covered_display": "100", "missing_lines": 0, "excluded_lines": 0, "percent_statements_covered": 100.0, "percent_statements_covered_display": "100", "num_branches": 0, "num_partial_branches": 0, "covered_branches": 0, "missing_branches": 0, "percent_branches_covered": 100.0, "percent_branches_covered_display": "100"}, "missing_lines": [], "excluded_lines": [], "start_line": 1, "executed_branches": [], "missing_branches": []}}, "classes": {"": {"executed_lines": [3, 5, 7, 9, 11, 12, 13, 16, 17, 18, 23, 24, 27, 28, 29, 30, 31, 32, 33, 38, 39, 40, 41, 42, 45, 47, 48, 49, 50, 51], "summary": {"covered_lines": 30, "num_statements": 30, "percent_covered": 97.05882352941177, "percent_covered_display": "97", "missing_lines": 0, "excluded_lines": 0, "percent_statements_covered": 100.0, "percent_statements_covered_display": "100", "num_branches": 4, "num_partial_branches": 1, "covered_branches": 3, "missing_branches": 1, "percent_branches_covered": 75.0, "percent_branches_covered_display": "75"}, "missing_lines": [], "excluded_lines": [], "start_line": 1, "executed_branches": [[30, 31], [30, 41], [41, 42]], "missing_branches": [[41, -27]]}}}}, "totals": {"covered_lines": 3256, "num_statements": 3438, "percent_covered": 92.60089686098655, "percent_covered_display": "93", "missing_lines": 182, "excluded_lines": 2, "percent_statements_covered": 94.70622454915649, "percent_statements_covered_display": "95", "num_branches": 1022, "num_partial_branches": 132, "covered_branches": 874, "missing_branches": 148, "percent_branches_covered": 85.51859099804305, "percent_branches_covered_display": "86"}}