{"meta": {"format": 3, "version": "7.15.4", "timestamp": "2026-08-23T22:02:49.299618", "branch_coverage": true, "show_contexts": false}, "files": {"zarabot/__init__.py": {"executed_lines": [], "summary": {"covered_lines": 0, "num_statements": 0, "percent_covered": 100.0, "percent_covered_display": "100", "missing_lines": 0, "excluded_lines": 0, "percent_statements_covered": 100.0, "percent_statements_covered_display": "100", "num_branches": 0, "num_partial_branches": 0, "covered_branches": 0, "missing_branches": 0, "percent_branches_covered": 100.0, "percent_branches_covered_display": "100"}, "missing_lines": [], "excluded_lines": [], "executed_branches": [], "missing_branches": [], "functions": {"": {"executed_lines": [], "summary": {"covered_lines": 0, "num_statements": 0, "percent_covered": 100.0, "percent_covered_display": "100", "missing_lines": 0, "excluded_lines": 0, "percent_statements_covered": 100.0, "percent_statements_covered_display": "100", "num_branches": 0, "num_partial_branches": 0, "covered_branches": 0, "missing_branches": 0, "percent_branches_covered": 100.0, "percent_branches_covered_display": "100"}, "missing_lines": [], "excluded_lines": [], "start_line": 1, "executed_branches": [], "missing_branches": []}}, "classes": {"": {"executed_lines": [], "summary": {"covered_lines": 0, "num_statements": 0, "percent_covered": 100.0, "percent_covered_display": "100", "missing_lines": 0, "excluded_lines": 0, "percent_statements_covered": 100.0, "percent_statements_covered_display": "100", "num_branches": 0, "num_partial_branches": 0, "covered_branches": 0, "missing_branches": 0, "percent_branches_covered": 100.0, "percent_branches_covered_display": "100"}, "missing_lines": [], "excluded_lines": [], "start_line": 1, "executed_branches": [], "missing_branches": []}}}, "zarabot/__main__.py": {"executed_lines": [3, 5, 6, 7, 8, 10, 11, 12, 15, 16, 17, 18, 19, 20, 22, 23, 25, 26, 27, 29, 30, 32, 33, 35, 36, 37, 38, 39, 40, 41, 42, 43, 44, 47, 48, 51], "summary": {"covered_lines": 36, "num_statements": 37, "percent_covered": 94.87179487179488, "percent_covered_display": "95", "missing_lines": 1, "excluded_lines": 0, "percent_statements_covered": 97.29729729729729, "percent_statements_covered_display": "97", "num_branches": 2, "num_partial_branches": 1, "covered_branches": 1, "missing_branches": 1, "percent_branches_covered": 50.0, "percent_branches_covered_display": "50"}, "missing_lines": [52], "excluded_lines": [], "executed_branches": [[51, -1]], "missing_branches": [[51, 52]], "functions": {"_amain": {"executed_lines": [16, 17, 18, 19, 20, 22, 23, 25, 29, 32, 33, 35, 36, 37, 38, 39, 40, 41, 42, 43, 44], "summary": {"covered_lines": 21, "num_statements": 21, "percent_covered": 100.0, "percent_covered_display": "100", "missing_lines": 0, "excluded_lines": 0, "percent_statements_covered": 100.0, "percent_statements_covered_display": "100", "num_branches": 0, "num_partial_branches": 0, "covered_branches": 0, "missing_branches": 0, "percent_branches_covered": 100.0, "percent_branches_covered_display": "100"}, "missing_lines": [], "excluded_lines": [], "start_line": 15, "executed_branches": [], "missing_branches": []}, "_amain._handle": {"executed_lines": [26, 27], "summary": {"covered_lines": 2, "num_statements": 2, "percent_covered": 100.0, "percent_covered_display": "100", "missing_lines": 0, "excluded_lines": 0, "percent_statements_covered": 100.0, "percent_statements_covered_display": "100", "num_branches": 0, "num_partial_branches": 0, "covered_branches": 0, "missing_branches": 0, "percent_branches_covered": 100.0, "percent_branches_covered_display": "100"}, "missing_lines": [], "excluded_lines": [], "start_line": 25, "executed_branches": [], "missing_branches": []}, "_amain._schedule": {"executed_lines": [30], "summary": {"covered_lines": 1, "num_statements": 1, "percent_covered": 100.0, "percent_covered_display": "100", "missing_lines": 0, "excluded_lines": 0, "percent_statements_covered": 100.0, "percent_statements_covered_display": "100", "num_branches": 0, "num_partial_branches": 0, "covered_branches": 0, "missing_branches": 0, "percent_branches_covered": 100.0, "percent_branches_covered_display": "100"}, "missing_lines": [], "excluded_lines": [], "start_line": 29, "executed_branches": [], "missing_branches": []}, "main": {"executed_lines": [48], "summary": {"covered_lines": 1, "num_statements": 1, "percent_covered": 100.0, "percent_covered_display": "100", "missing_lines": 0, "excluded_lines": 0, "percent_statements_covered": 100.0, "percent_statements_covered_display": "100", "num_branches": 0, "num_partial_branches": 0, "covered_branches": 0, "missing_branches": 0, "percent_branches_covered": 100.0, "percent_branches_covered_display": "100"}, "missing_lines": [], "excluded_lines": [], "start_line": 47, "executed_branches": [], "missing_branches": []}, "": {"executed_lines": [3, 5, 6, 7, 8, 10, 11, 12, 15, 47, 51], "summary": {"covered_lines": 11, "num_statements": 12, "percent_covered": 85.71428571428571, "percent_covered_display": "86", "missing_lines": 1, "excluded_lines": 0, "percent_statements_covered": 91.66666666666667, "percent_statements_covered_display": "92", "num_branches": 2, "num_partial_branches": 1, "covered_branches": 1, "missing_branches": 1, "percent_branches_covered": 50.0, "percent_branches_covered_display": "50"}, "missing_lines": [52], "excluded_lines": [], "start_line": 1, "executed_branches": [[51, -1]], "missing_branches": [[51, 52]]}}, "classes": {"": {"executed_lines": [3, 5, 6, 7, 8, 10, 11, 12, 15, 16, 17, 18, 19, 20, 22, 23, 25, 26, 27, 29, 30, 32, 33, 35, 36, 37, 38, 39, 40, 41, 42, 43, 44, 47, 48, 51], "summary": {"covered_lines": 36, "num_statements": 37, "percent_covered": 94.87179487179488, "percent_covered_display": "95", "missing_lines": 1, "excluded_lines": 0, "percent_statements_covered": 97.29729729729729, "percent_statements_covered_display": "97", "num_branches": 2, "num_partial_branches": 1, "covered_branches": 1, "missing_branches": 1, "percent_branches_covered": 50.0, "percent_branches_covered_display": "50"}, "missing_lines": [52], "excluded_lines": [], "start_line": 1, "executed_branches": [[51, -1]], "missing_branches": [[51, 52]]}}}, "zarabot/app/__init__.py": {"executed_lines": [], "summary": {"covered_lines": 0, "num_statements": 0, "percent_covered": 100.0, "percent_covered_display": "100", "missing_lines": 0, "excluded_lines": 0, "percent_statements_covered": 100.0, "percent_statements_covered_display": "100", "num_branches": 0, "num_partial_branches": 0, "covered_branches": 0, "missing_branches": 0, "percent_branches_covered": 100.0, "percent_branches_covered_display": "100"}, "missing_lines": [], "excluded_lines": [], "executed_branches": [], "missing_branches": [], "functions": {"": {"executed_lines": [], "summary": {"covered_lines": 0, "num_statements": 0, "percent_covered": 100.0, "percent_covered_display": "100", "missing_lines": 0, "excluded_lines": 0, "percent_statements_covered": 100.0, "percent_statements_covered_display": "100", "num_branches": 0, "num_partial_branches": 0, "covered_branches": 0, "missing_branches": 0, "percent_branches_covered": 100.0, "percent_branches_covered_display": "100"}, "missing_lines": [], "excluded_lines": [], "start_line": 1, "executed_branches": [], "missing_branches": []}}, "classes": {"": {"executed_lines": [], "summary": {"covered_lines": 0, "num_statements": 0, "percent_covered": 100.0, "percent_covered_display": "100", "missing_lines": 0, "excluded_lines": 0, "percent_statements_covered": 100.0, "percent_statements_covered_display": "100", "num_branches": 0, "num_partial_branches": 0, "covered_branches": 0, "missing_branches": 0, "percent_branches_covered": 100.0, "percent_branches_covered_display": "100"}, "missing_lines": [], "excluded_lines": [], "start_line": 1, "executed_branches": [], "missing_branches": []}}}, "zarabot/app/loops.py": {"executed_lines": [3, 5, 6, 7, 8, 9, 11, 12, 23, 24, 25, 26, 27, 34, 35, 36, 37, 44, 45, 46, 47, 48, 49, 50, 51, 53, 54, 55, 56, 57, 59, 60, 61, 62, 63, 64, 65, 68, 69, 72, 74, 75, 80, 81, 82, 85, 87, 88, 91, 92, 93, 94, 95, 98, 99, 100, 103, 106, 107, 112, 113, 114, 115, 116, 117, 118, 119, 120, 121, 122, 123, 124, 125, 127, 128, 129, 132, 133, 134, 137, 140, 147, 148, 150, 151, 152, 153, 154, 155, 157, 158, 159, 160, 161, 162, 163, 164, 167, 168, 169, 170, 171, 172, 173, 176, 177, 179, 180, 181, 182, 183, 184, 185, 186, 187, 189, 190, 191, 192, 193, 194, 195, 196, 197, 200, 210, 211, 212, 213, 214, 215, 216, 217, 218, 221, 223, 224, 225, 226, 227, 228, 229, 230, 231, 232, 233, 234, 235, 236, 237, 238, 239, 240, 243, 244, 245, 246, 247, 249, 252, 254, 255, 256, 257, 258, 259, 260, 261, 264, 266, 267, 268, 269, 270, 271, 272, 273, 276, 278, 279, 280, 281, 282, 283, 284, 285, 286, 289, 291, 292, 293, 294, 295, 296, 297, 298, 299, 305, 309, 310, 313, 314, 315, 316, 317, 318, 319, 320, 321, 322, 323, 324, 329, 332, 333], "summary": {"covered_lines": 215, "num_statements": 224, "percent_covered": 94.56521739130434, "percent_covered_display": "95", "missing_lines": 9, "excluded_lines": 0, "percent_statements_covered": 95.98214285714286, "percent_statements_covered_display": "96", "num_branches": 52, "num_partial_branches": 6, "covered_branches": 46, "missing_branches": 6, "percent_branches_covered": 88.46153846153847, "percent_branches_covered_display": "88"}, "missing_lines": [126, 135, 136, 149, 156, 178, 188, 248, 326], "excluded_lines": [], "executed_branches": [[80, -72], [80, 81], [93, 94], [93, 95], [112, 113], [112, 114], [119, 120], [119, 129], [120, 121], [120, 122], [122, 123], [122, 124], [125, 127], [148, 150], [151, -140], [151, 152], [152, 153], [152, 154], [155, 157], [159, 160], [159, 161], [169, 170], [169, 171], [177, 179], [184, -176], [184, 185], [185, 184], [185, 186], [187, 189], [190, 191], [190, 192], [211, 212], [211, 213], [224, 225], [224, 226], [233, 234], [233, 236], [247, 249], [257, 258], [257, 261], [269, 270], [269, 273], [282, 283], [282, 286], [294, 295], [294, 310]], "missing_branches": [[125, 126], [148, 149], [155, 156], [177, 178], [187, 188], [247, 248]], "functions": {"_poll_seconds": {"executed_lines": [69], "summary": {"covered_lines": 1, "num_statements": 1, "percent_covered": 100.0, "percent_covered_display": "100", "missing_lines": 0, "excluded_lines": 0, "percent_statements_covered": 100.0, "percent_statements_covered_display": "100", "num_branches": 0, "num_partial_branches": 0, "covered_branches": 0, "missing_branches": 0, "percent_branches_covered": 100.0, "percent_branches_covered_display": "100"}, "missing_lines": [], "excluded_lines": [], "start_line": 68, "executed_branches": [], "missing_branches": []}, "_note_data_failure": {"executed_lines": [74, 75, 80, 81, 82], "summary": {"covered_lines": 5, "num_statements": 5, "percent_covered": 100.0, "percent_covered_display": "100", "missing_lines": 0, "excluded_lines": 0, "percent_statements_covered": 100.0, "percent_statements_covered_display": "100", "num_branches": 2, "num_partial_branches": 0, "covered_branches": 2, "missing_branches": 0, "percent_branches_covered": 100.0, "percent_branches_covered_display": "100"}, "missing_lines": [], "excluded_lines": [], "start_line": 72, "executed_branches": [[80, -72], [80, 81]], "missing_branches": []}, "_note_data_success": {"executed_lines": [87, 88], "summary": {"covered_lines": 2, "num_statements": 2, "percent_covered": 100.0, "percent_covered_display": "100", "missing_lines": 0, "excluded_lines": 0, "percent_statements_covered": 100.0, "percent_statements_covered_display": "100", "num_branches": 0, "num_partial_branches": 0, "covered_branches": 0, "missing_branches": 0, "percent_branches_covered": 100.0, "percent_branches_covered_display": "100"}, "missing_lines": [], "excluded_lines": [], "start_line": 85, "executed_branches": [], "missing_branches": []}, "_prices_for": {"executed_lines": [92, 93, 94, 95], "summary": {"covered_lines": 4, "num_statements": 4, "percent_covered": 100.0, "percent_covered_display": "100", "missing_lines": 0, "excluded_lines": 0, "percent_statements_covered": 100.0, "percent_statements_covered_display": "100", "num_branches": 2, "num_partial_branches": 0, "covered_branches": 2, "missing_branches": 0, "percent_branches_covered": 100.0, "percent_branches_covered_display": "100"}, "missing_lines": [], "excluded_lines": [], "start_line": 91, "executed_branches": [[93, 94], [93, 95]], "missing_branches": []}, "_stop_is_live": {"executed_lines": [99, 100], "summary": {"covered_lines": 2, "num_statements": 2, "percent_covered": 100.0, "percent_covered_display": "100", "missing_lines": 0, "excluded_lines": 0, "percent_statements_covered": 100.0, "percent_statements_covered_display": "100", "num_branches": 0, "num_partial_branches": 0, "covered_branches": 0, "missing_branches": 0, "percent_branches_covered": 100.0, "percent_branches_covered_display": "100"}, "missing_lines": [], "excluded_lines": [], "start_line": 98, "executed_branches": [], "missing_branches": []}, "_close_executed": {"executed_lines": [106, 107, 112, 113, 114, 115, 116, 117, 118, 119, 120, 121, 122, 123, 124, 125, 127, 128, 129], "summary": {"covered_lines": 19, "num_statements": 20, "percent_covered": 93.33333333333333, "percent_covered_display": "93", "missing_lines": 1, "excluded_lines": 0, "percent_statements_covered": 95.0, "percent_statements_covered_display": "95", "num_branches": 10, "num_partial_branches": 1, "covered_branches": 9, "missing_branches": 1, "percent_branches_covered": 90.0, "percent_branches_covered_display": "90"}, "missing_lines": [126], "excluded_lines": [], "start_line": 103, "executed_branches": [[112, 113], [112, 114], [119, 120], [119, 129], [120, 121], [120, 122], [122, 123], [122, 124], [125, 127]], "missing_branches": [[125, 126]]}, "_calendar": {"executed_lines": [133, 134, 137], "summary": {"covered_lines": 3, "num_statements": 5, "percent_covered": 60.0, "percent_covered_display": "60", "missing_lines": 2, "excluded_lines": 0, "percent_statements_covered": 60.0, "percent_statements_covered_display": "60", "num_branches": 0, "num_partial_branches": 0, "covered_branches": 0, "missing_branches": 0, "percent_branches_covered": 100.0, "percent_branches_covered_display": "100"}, "missing_lines": [135, 136], "excluded_lines": [], "start_line": 132, "executed_branches": [], "missing_branches": []}, "_submit_exits": {"executed_lines": [147, 148, 150, 151, 152, 153, 154, 155, 157, 158, 159, 160, 161, 162, 163, 164], "summary": {"covered_lines": 16, "num_statements": 18, "percent_covered": 85.71428571428571, "percent_covered_display": "86", "missing_lines": 2, "excluded_lines": 0, "percent_statements_covered": 88.88888888888889, "percent_statements_covered_display": "89", "num_branches": 10, "num_partial_branches": 2, "covered_branches": 8, "missing_branches": 2, "percent_branches_covered": 80.0, "percent_branches_covered_display": "80"}, "missing_lines": [149, 156], "excluded_lines": [], "start_line": 140, "executed_branches": [[148, 150], [151, -140], [151, 152], [152, 153], [152, 154], [155, 157], [159, 160], [159, 161]], "missing_branches": [[148, 149], [155, 156]]}, "_maybe_halt_on_loss": {"executed_lines": [168, 169, 170, 171, 172, 173], "summary": {"covered_lines": 6, "num_statements": 6, "percent_covered": 100.0, "percent_covered_display": "100", "missing_lines": 0, "excluded_lines": 0, "percent_statements_covered": 100.0, "percent_statements_covered_display": "100", "num_branches": 2, "num_partial_branches": 0, "covered_branches": 2, "missing_branches": 0, "percent_branches_covered": 100.0, "percent_branches_covered_display": "100"}, "missing_lines": [], "excluded_lines": [], "start_line": 167, "executed_branches": [[169, 170], [169, 171]], "missing_branches": []}, "_evaluate_entries": {"executed_lines": [177, 179, 180, 181, 182, 183, 184, 185, 186, 187, 189, 190, 191, 192, 193, 194, 195, 196, 197, 200, 210, 211, 212, 213, 214, 215, 216, 217, 218], "summary": {"covered_lines": 29, "num_statements": 31, "percent_covered": 90.69767441860465, "percent_covered_display": "91", "missing_lines": 2, "excluded_lines": 0, "percent_statements_covered": 93.54838709677419, "percent_statements_covered_display": "94", "num_branches": 12, "num_partial_branches": 2, "covered_branches": 10, "missing_branches": 2, "percent_branches_covered": 83.33333333333333, "percent_branches_covered_display": "83"}, "missing_lines": [178, 188], "excluded_lines": [], "start_line": 176, "executed_branches": [[177, 179], [184, -176], [184, 185], [185, 184], [185, 186], [187, 189], [190, 191], [190, 192], [211, 212], [211, 213]], "missing_branches": [[177, 178], [187, 188]]}, "trading_cycle": {"executed_lines": [223, 224, 225, 226, 227, 228, 229, 230, 231, 232, 233, 234, 235, 236, 237, 238, 239, 240], "summary": {"covered_lines": 18, "num_statements": 18, "percent_covered": 100.0, "percent_covered_display": "100", "missing_lines": 0, "excluded_lines": 0, "percent_statements_covered": 100.0, "percent_statements_covered_display": "100", "num_branches": 4, "num_partial_branches": 0, "covered_branches": 4, "missing_branches": 0, "percent_branches_covered": 100.0, "percent_branches_covered_display": "100"}, "missing_lines": [], "excluded_lines": [], "start_line": 221, "executed_branches": [[224, 225], [224, 226], [233, 234], [233, 236]], "missing_branches": []}, "_trading_loop": {"executed_lines": [244, 245, 246, 247, 249], "summary": {"covered_lines": 5, "num_statements": 6, "percent_covered": 75.0, "percent_covered_display": "75", "missing_lines": 1, "excluded_lines": 0, "percent_statements_covered": 83.33333333333333, "percent_statements_covered_display": "83", "num_branches": 2, "num_partial_branches": 1, "covered_branches": 1, "missing_branches": 1, "percent_branches_covered": 50.0, "percent_branches_covered_display": "50"}, "missing_lines": [248], "excluded_lines": [], "start_line": 243, "executed_branches": [[247, 249]], "missing_branches": [[247, 248]]}, "_rollover_loop": {"executed_lines": [254, 255, 256, 257, 258, 259, 260, 261], "summary": {"covered_lines": 8, "num_statements": 8, "percent_covered": 100.0, "percent_covered_display": "100", "missing_lines": 0, "excluded_lines": 0, "percent_statements_covered": 100.0, "percent_statements_covered_display": "100", "num_branches": 2, "num_partial_branches": 0, "covered_branches": 2, "missing_branches": 0, "percent_branches_covered": 100.0, "percent_branches_covered_display": "100"}, "missing_lines": [], "excluded_lines": [], "start_line": 252, "executed_branches": [[257, 258], [257, 261]], "missing_branches": []}, "_backup_loop": {"executed_lines": [266, 267, 268, 269, 270, 271, 272, 273], "summary": {"covered_lines": 8, "num_statements": 8, "percent_covered": 100.0, "percent_covered_display": "100", "missing_lines": 0, "excluded_lines": 0, "percent_statements_covered": 100.0, "percent_statements_covered_display": "100", "num_branches": 2, "num_partial_branches": 0, "covered_branches": 2, "missing_branches": 0, "percent_branches_covered": 100.0, "percent_branches_covered_display": "100"}, "missing_lines": [], "excluded_lines": [], "start_line": 264, "executed_branches": [[269, 270], [269, 273]], "missing_branches": []}, "_weekly_loop": {"executed_lines": [278, 279, 280, 281, 282, 283, 284, 285, 286], "summary": {"covered_lines": 9, "num_statements": 9, "percent_covered": 100.0, "percent_covered_display": "100", "missing_lines": 0, "excluded_lines": 0, "percent_statements_covered": 100.0, "percent_statements_covered_display": "100", "num_branches": 2, "num_partial_branches": 0, "covered_branches": 2, "missing_branches": 0, "percent_branches_covered": 100.0, "percent_branches_covered_display": "100"}, "missing_lines": [], "excluded_lines": [], "start_line": 276, "executed_branches": [[282, 283], [282, 286]], "missing_branches": []}, "_heartbeat_loop": {"executed_lines": [291, 292, 293, 294, 295, 296, 297, 298, 299, 305, 309, 310], "summary": {"covered_lines": 12, "num_statements": 12, "percent_covered": 100.0, "percent_covered_display": "100", "missing_lines": 0, "excluded_lines": 0, "percent_statements_covered": 100.0, "percent_statements_covered_display": "100", "num_branches": 2, "num_partial_branches": 0, "covered_branches": 2, "missing_branches": 0, "percent_branches_covered": 100.0, "percent_branches_covered_display": "100"}, "missing_lines": [], "excluded_lines": [], "start_line": 289, "executed_branches": [[294, 295], [294, 310]], "missing_branches": []}, "_supervise": {"executed_lines": [314, 315, 316, 317, 318, 319, 320, 321, 322, 323, 324], "summary": {"covered_lines": 11, "num_statements": 12, "percent_covered": 91.66666666666667, "percent_covered_display": "92", "missing_lines": 1, "excluded_lines": 0, "percent_statements_covered": 91.66666666666667, "percent_statements_covered_display": "92", "num_branches": 0, "num_partial_branches": 0, "covered_branches": 0, "missing_branches": 0, "percent_branches_covered": 100.0, "percent_branches_covered_display": "100"}, "missing_lines": [326], "excluded_lines": [], "start_line": 313, "executed_branches": [], "missing_branches": []}, "run": {"executed_lines": [332, 333], "summary": {"covered_lines": 2, "num_statements": 2, "percent_covered": 100.0, "percent_covered_display": "100", "missing_lines": 0, "excluded_lines": 0, "percent_statements_covered": 100.0, "percent_statements_covered_display": "100", "num_branches": 0, "num_partial_branches": 0, "covered_branches": 0, "missing_branches": 0, "percent_branches_covered": 100.0, "percent_branches_covered_display": "100"}, "missing_lines": [], "excluded_lines": [], "start_line": 329, "executed_branches": [], "missing_branches": []}, "": {"executed_lines": [3, 5, 6, 7, 8, 9, 11, 12, 23, 24, 25, 26, 27, 34, 35, 36, 37, 44, 45, 46, 47, 48, 49, 50, 51, 53, 54, 55, 56, 57, 59, 60, 61, 62, 63, 64, 65, 68, 72, 85, 91, 98, 103, 132, 140, 167, 176, 221, 243, 252, 264, 276, 289, 313, 329], "summary": {"covered_lines": 55, "num_statements": 55, "percent_covered": 100.0, "percent_covered_display": "100", "missing_lines": 0, "excluded_lines": 0, "percent_statements_covered": 100.0, "percent_statements_covered_display": "100", "num_branches": 0, "num_partial_branches": 0, "covered_branches": 0, "missing_branches": 0, "percent_branches_covered": 100.0, "percent_branches_covered_display": "100"}, "missing_lines": [], "excluded_lines": [], "start_line": 1, "executed_branches": [], "missing_branches": []}}, "classes": {"": {"executed_lines": [3, 5, 6, 7, 8, 9, 11, 12, 23, 24, 25, 26, 27, 34, 35, 36, 37, 44, 45, 46, 47, 48, 49, 50, 51, 53, 54, 55, 56, 57, 59, 60, 61, 62, 63, 64, 65, 68, 69, 72, 74, 75, 80, 81, 82, 85, 87, 88, 91, 92, 93, 94, 95, 98, 99, 100, 103, 106, 107, 112, 113, 114, 115, 116, 117, 118, 119, 120, 121, 122, 123, 124, 125, 127, 128, 129, 132, 133, 134, 137, 140, 147, 148, 150, 151, 152, 153, 154, 155, 157, 158, 159, 160, 161, 162, 163, 164, 167, 168, 169, 170, 171, 172, 173, 176, 177, 179, 180, 181, 182, 183, 184, 185, 186, 187, 189, 190, 191, 192, 193, 194, 195, 196, 197, 200, 210, 211, 212, 213, 214, 215, 216, 217, 218, 221, 223, 224, 225, 226, 227, 228, 229, 230, 231, 232, 233, 234, 235, 236, 237, 238, 239, 240, 243, 244, 245, 246, 247, 249, 252, 254, 255, 256, 257, 258, 259, 260, 261, 264, 266, 267, 268, 269, 270, 271, 272, 273, 276, 278, 279, 280, 281, 282, 283, 284, 285, 286, 289, 291, 292, 293, 294, 295, 296, 297, 298, 299, 305, 309, 310, 313, 314, 315, 316, 317, 318, 319, 320, 321, 322, 323, 324, 329, 332, 333], "summary": {"covered_lines": 215, "num_statements": 224, "percent_covered": 94.56521739130434, "percent_covered_display": "95", "missing_lines": 9, "excluded_lines": 0, "percent_statements_covered": 95.98214285714286, "percent_statements_covered_display": "96", "num_branches": 52, "num_partial_branches": 6, "covered_branches": 46, "missing_branches": 6, "percent_branches_covered": 88.46153846153847, "percent_branches_covered_display": "88"}, "missing_lines": [126, 135, 136, 149, 156, 178, 188, 248, 326], "excluded_lines": [], "start_line": 1, "executed_branches": [[80, -72], [80, 81], [93, 94], [93, 95], [112, 113], [112, 114], [119, 120], [119, 129], [120, 121], [120, 122], [122, 123], [122, 124], [125, 127], [148, 150], [151, -140], [151, 152], [152, 153], [152, 154], [155, 157], [159, 160], [159, 161], [169, 170], [169, 171], [177, 179], [184, -176], [184, 185], [185, 184], [185, 186], [187, 189], [190, 191], [190, 192], [211, 212], [211, 213], [224, 225], [224, 226], [233, 234], [233, 236], [247, 249], [257, 258], [257, 261], [269, 270], [269, 273], [282, 283], [282, 286], [294, 295], [294, 310]], "missing_branches": [[125, 126], [148, 149], [155, 156], [177, 178], [187, 188], [247, 248]]}}}, "zarabot/app/shutdown.py": {"executed_lines": [3, 5, 6, 8, 9, 10, 11, 12, 13, 15, 16, 17, 20, 22, 23, 24, 25, 26, 27, 28, 29, 30, 31, 32, 33, 34, 35, 36, 41], "summary": {"covered_lines": 29, "num_statements": 29, "percent_covered": 100.0, "percent_covered_display": "100", "missing_lines": 0, "excluded_lines": 0, "percent_statements_covered": 100.0, "percent_statements_covered_display": "100", "num_branches": 6, "num_partial_branches": 0, "covered_branches": 6, "missing_branches": 0, "percent_branches_covered": 100.0, "percent_branches_covered_display": "100"}, "missing_lines": [], "excluded_lines": [], "executed_branches": [[25, 26], [25, 34], [27, 28], [27, 29], [30, 31], [30, 32]], "missing_branches": [], "functions": {"shutdown": {"executed_lines": [22, 23, 24, 25, 26, 27, 28, 29, 30, 31, 32, 33, 34, 35, 36, 41], "summary": {"covered_lines": 16, "num_statements": 16, "percent_covered": 100.0, "percent_covered_display": "100", "missing_lines": 0, "excluded_lines": 0, "percent_statements_covered": 100.0, "percent_statements_covered_display": "100", "num_branches": 6, "num_partial_branches": 0, "covered_branches": 6, "missing_branches": 0, "percent_branches_covered": 100.0, "percent_branches_covered_display": "100"}, "missing_lines": [], "excluded_lines": [], "start_line": 20, "executed_branches": [[25, 26], [25, 34], [27, 28], [27, 29], [30, 31], [30, 32]], "missing_branches": []}, "": {"executed_lines": [3, 5, 6, 8, 9, 10, 11, 12, 13, 15, 16, 17, 20], "summary": {"covered_lines": 13, "num_statements": 13, "percent_covered": 100.0, "percent_covered_display": "100", "missing_lines": 0, "excluded_lines": 0, "percent_statements_covered": 100.0, "percent_statements_covered_display": "100", "num_branches": 0, "num_partial_branches": 0, "covered_branches": 0, "missing_branches": 0, "percent_branches_covered": 100.0, "percent_branches_covered_display": "100"}, "missing_lines": [], "excluded_lines": [], "start_line": 1, "executed_branches": [], "missing_branches": []}}, "classes": {"": {"executed_lines": [3, 5, 6, 8, 9, 10, 11, 12, 13, 15, 16, 17, 20, 22, 23, 24, 25, 26, 27, 28, 29, 30, 31, 32, 33, 34, 35, 36, 41], "summary": {"covered_lines": 29, "num_statements": 29, "percent_covered": 100.0, "percent_covered_display": "100", "missing_lines": 0, "excluded_lines": 0, "percent_statements_covered": 100.0, "percent_statements_covered_display": "100", "num_branches": 6, "num_partial_branches": 0, "covered_branches": 6, "missing_branches": 0, "percent_branches_covered": 100.0, "percent_branches_covered_display": "100"}, "missing_lines": [], "excluded_lines": [], "start_line": 1, "executed_branches": [[25, 26], [25, 34], [27, 28], [27, 29], [30, 31], [30, 32]], "missing_branches": []}}}, "zarabot/app/startup.py": {"executed_lines": [3, 5, 6, 7, 9, 11, 12, 13, 14, 15, 16, 17, 24, 25, 26, 27, 28, 29, 30, 31, 32, 34, 35, 36, 41, 45, 46, 47, 48, 49, 50, 53, 54, 55, 56, 59, 60, 61, 62, 64, 67, 68, 69, 70, 71, 72, 73, 76, 79, 80, 81, 82, 83, 84, 86, 89, 90, 91, 92, 93, 94, 95, 96, 97, 98, 99, 100, 101, 102, 103, 104, 105, 107, 108, 109, 110, 111, 112, 113, 114, 115, 116, 117, 118, 121, 124, 125, 126, 127, 128, 129, 135, 137, 138, 139, 140, 142, 144, 145, 146, 147, 148, 149, 150, 151, 152, 153, 154, 155, 156, 157, 163, 165, 166], "summary": {"covered_lines": 114, "num_statements": 120, "percent_covered": 92.94871794871794, "percent_covered_display": "93", "missing_lines": 6, "excluded_lines": 0, "percent_statements_covered": 95.0, "percent_statements_covered_display": "95", "num_branches": 36, "num_partial_branches": 5, "covered_branches": 31, "missing_branches": 5, "percent_branches_covered": 86.11111111111111, "percent_branches_covered_display": "86"}, "missing_lines": [63, 85, 106, 164, 167, 168], "excluded_lines": [], "executed_branches": [[60, 61], [62, 64], [69, 70], [69, 71], [71, 72], [71, 73], [81, 82], [81, 86], [82, 83], [82, 84], [84, 81], [91, 92], [91, 93], [95, -89], [95, 96], [99, 100], [99, 104], [100, 101], [100, 102], [104, 105], [104, 109], [105, 107], [109, 110], [109, 114], [111, 112], [111, 113], [114, 115], [116, 117], [116, 118], [126, 127], [126, 128]], "missing_branches": [[60, 62], [62, 63], [84, 85], [105, 106], [114, 95]], "functions": {"_telegram_usable": {"executed_lines": [54, 55, 56], "summary": {"covered_lines": 3, "num_statements": 3, "percent_covered": 100.0, "percent_covered_display": "100", "missing_lines": 0, "excluded_lines": 0, "percent_statements_covered": 100.0, "percent_statements_covered_display": "100", "num_branches": 0, "num_partial_branches": 0, "covered_branches": 0, "missing_branches": 0, "percent_branches_covered": 100.0, "percent_branches_covered_display": "100"}, "missing_lines": [], "excluded_lines": [], "start_line": 53, "executed_branches": [], "missing_branches": []}, "_abort": {"executed_lines": [60, 61, 62, 64], "summary": {"covered_lines": 4, "num_statements": 5, "percent_covered": 66.66666666666667, "percent_covered_display": "67", "missing_lines": 1, "excluded_lines": 0, "percent_statements_covered": 80.0, "percent_statements_covered_display": "80", "num_branches": 4, "num_partial_branches": 2, "covered_branches": 2, "missing_branches": 2, "percent_branches_covered": 50.0, "percent_branches_covered_display": "50"}, "missing_lines": [63], "excluded_lines": [], "start_line": 59, "executed_branches": [[60, 61], [62, 64]], "missing_branches": [[60, 62], [62, 63]]}, "_position_id": {"executed_lines": [68, 69, 70, 71, 72, 73], "summary": {"covered_lines": 6, "num_statements": 6, "percent_covered": 100.0, "percent_covered_display": "100", "missing_lines": 0, "excluded_lines": 0, "percent_statements_covered": 100.0, "percent_statements_covered_display": "100", "num_branches": 4, "num_partial_branches": 0, "covered_branches": 4, "missing_branches": 0, "percent_branches_covered": 100.0, "percent_branches_covered_display": "100"}, "missing_lines": [], "excluded_lines": [], "start_line": 67, "executed_branches": [[69, 70], [69, 71], [71, 72], [71, 73]], "missing_branches": []}, "_find_stop": {"executed_lines": [79, 80, 81, 82, 83, 84, 86], "summary": {"covered_lines": 7, "num_statements": 8, "percent_covered": 85.71428571428571, "percent_covered_display": "86", "missing_lines": 1, "excluded_lines": 0, "percent_statements_covered": 87.5, "percent_statements_covered_display": "88", "num_branches": 6, "num_partial_branches": 1, "covered_branches": 5, "missing_branches": 1, "percent_branches_covered": 83.33333333333333, "percent_branches_covered_display": "83"}, "missing_lines": [85], "excluded_lines": [], "start_line": 76, "executed_branches": [[81, 82], [81, 86], [82, 83], [82, 84], [84, 81]], "missing_branches": [[84, 85]]}, "_apply_remedies": {"executed_lines": [90, 91, 92, 93, 94, 95, 96, 97, 98, 99, 100, 101, 102, 103, 104, 105, 107, 108, 109, 110, 111, 112, 113, 114, 115, 116, 117, 118], "summary": {"covered_lines": 28, "num_statements": 29, "percent_covered": 93.87755102040816, "percent_covered_display": "94", "missing_lines": 1, "excluded_lines": 0, "percent_statements_covered": 96.55172413793103, "percent_statements_covered_display": "97", "num_branches": 20, "num_partial_branches": 2, "covered_branches": 18, "missing_branches": 2, "percent_branches_covered": 90.0, "percent_branches_covered_display": "90"}, "missing_lines": [106], "excluded_lines": [], "start_line": 89, "executed_branches": [[91, 92], [91, 93], [95, -89], [95, 96], [99, 100], [99, 104], [100, 101], [100, 102], [104, 105], [104, 109], [105, 107], [109, 110], [109, 114], [111, 112], [111, 113], [114, 115], [116, 117], [116, 118]], "missing_branches": [[105, 106], [114, 95]]}, "_ready_text": {"executed_lines": [124, 125, 126, 127, 128, 129], "summary": {"covered_lines": 6, "num_statements": 6, "percent_covered": 100.0, "percent_covered_display": "100", "missing_lines": 0, "excluded_lines": 0, "percent_statements_covered": 100.0, "percent_statements_covered_display": "100", "num_branches": 2, "num_partial_branches": 0, "covered_branches": 2, "missing_branches": 0, "percent_branches_covered": 100.0, "percent_branches_covered_display": "100"}, "missing_lines": [], "excluded_lines": [], "start_line": 121, "executed_branches": [[126, 127], [126, 128]], "missing_branches": []}, "start": {"executed_lines": [137, 138, 139, 140, 142, 144, 145, 146, 147, 148, 149, 150, 151, 152, 153, 154, 155, 156, 157, 163, 165, 166], "summary": {"covered_lines": 22, "num_statements": 25, "percent_covered": 88.0, "percent_covered_display": "88", "missing_lines": 3, "excluded_lines": 0, "percent_statements_covered": 88.0, "percent_statements_covered_display": "88", "num_branches": 0, "num_partial_branches": 0, "covered_branches": 0, "missing_branches": 0, "percent_branches_covered": 100.0, "percent_branches_covered_display": "100"}, "missing_lines": [164, 167, 168], "excluded_lines": [], "start_line": 135, "executed_branches": [], "missing_branches": []}, "": {"executed_lines": [3, 5, 6, 7, 9, 11, 12, 13, 14, 15, 16, 17, 24, 25, 26, 27, 28, 29, 30, 31, 32, 34, 35, 36, 41, 45, 46, 47, 48, 49, 50, 53, 59, 67, 76, 89, 121, 135], "summary": {"covered_lines": 38, "num_statements": 38, "percent_covered": 100.0, "percent_covered_display": "100", "missing_lines": 0, "excluded_lines": 0, "percent_statements_covered": 100.0, "percent_statements_covered_display": "100", "num_branches": 0, "num_partial_branches": 0, "covered_branches": 0, "missing_branches": 0, "percent_branches_covered": 100.0, "percent_branches_covered_display": "100"}, "missing_lines": [], "excluded_lines": [], "start_line": 1, "executed_branches": [], "missing_branches": []}}, "classes": {"StartupError": {"executed_lines": [], "summary": {"covered_lines": 0, "num_statements": 0, "percent_covered": 100.0, "percent_covered_display": "100", "missing_lines": 0, "excluded_lines": 0, "percent_statements_covered": 100.0, "percent_statements_covered_display": "100", "num_branches": 0, "num_partial_branches": 0, "covered_branches": 0, "missing_branches": 0, "percent_branches_covered": 100.0, "percent_branches_covered_display": "100"}, "missing_lines": [], "excluded_lines": [], "start_line": 41, "executed_branches": [], "missing_branches": []}, "AppContext": {"executed_lines": [], "summary": {"covered_lines": 0, "num_statements": 0, "percent_covered": 100.0, "percent_covered_display": "100", "missing_lines": 0, "excluded_lines": 0, "percent_statements_covered": 100.0, "percent_statements_covered_display": "100", "num_branches": 0, "num_partial_branches": 0, "covered_branches": 0, "missing_branches": 0, "percent_branches_covered": 100.0, "percent_branches_covered_display": "100"}, "missing_lines": [], "excluded_lines": [], "start_line": 46, "executed_branches": [], "missing_branches": []}, "": {"executed_lines": [3, 5, 6, 7, 9, 11, 12, 13, 14, 15, 16, 17, 24, 25, 26, 27, 28, 29, 30, 31, 32, 34, 35, 36, 41, 45, 46, 47, 48, 49, 50, 53, 54, 55, 56, 59, 60, 61, 62, 64, 67, 68, 69, 70, 71, 72, 73, 76, 79, 80, 81, 82, 83, 84, 86, 89, 90, 91, 92, 93, 94, 95, 96, 97, 98, 99, 100, 101, 102, 103, 104, 105, 107, 108, 109, 110, 111, 112, 113, 114, 115, 116, 117, 118, 121, 124, 125, 126, 127, 128, 129, 135, 137, 138, 139, 140, 142, 144, 145, 146, 147, 148, 149, 150, 151, 152, 153, 154, 155, 156, 157, 163, 165, 166], "summary": {"covered_lines": 114, "num_statements": 120, "percent_covered": 92.94871794871794, "percent_covered_display": "93", "missing_lines": 6, "excluded_lines": 0, "percent_statements_covered": 95.0, "percent_statements_covered_display": "95", "num_branches": 36, "num_partial_branches": 5, "covered_branches": 31, "missing_branches": 5, "percent_branches_covered": 86.11111111111111, "percent_branches_covered_display": "86"}, "missing_lines": [63, 85, 106, 164, 167, 168], "excluded_lines": [], "start_line": 1, "executed_branches": [[60, 61], [62, 64], [69, 70], [69, 71], [71, 72], [71, 73], [81, 82], [81, 86], [82, 83], [82, 84], [84, 81], [91, 92], [91, 93], [95, -89], [95, 96], [99, 100], [99, 104], [100, 101], [100, 102], [104, 105], [104, 109], [105, 107], [109, 110], [109, 114], [111, 112], [111, 113], [114, 115], [116, 117], [116, 118], [126, 127], [126, 128]], "missing_branches": [[60, 62], [62, 63], [84, 85], [105, 106], [114, 95]]}}}, "zarabot/broker/__init__.py": {"executed_lines": [], "summary": {"covered_lines": 0, "num_statements": 0, "percent_covered": 100.0, "percent_covered_display": "100", "missing_lines": 0, "excluded_lines": 0, "percent_statements_covered": 100.0, "percent_statements_covered_display": "100", "num_branches": 0, "num_partial_branches": 0, "covered_branches": 0, "missing_branches": 0, "percent_branches_covered": 100.0, "percent_branches_covered_display": "100"}, "missing_lines": [], "excluded_lines": [], "executed_branches": [], "missing_branches": [], "functions": {"": {"executed_lines": [], "summary": {"covered_lines": 0, "num_statements": 0, "percent_covered": 100.0, "percent_covered_display": "100", "missing_lines": 0, "excluded_lines": 0, "percent_statements_covered": 100.0, "percent_statements_covered_display": "100", "num_branches": 0, "num_partial_branches": 0, "covered_branches": 0, "missing_branches": 0, "percent_branches_covered": 100.0, "percent_branches_covered_display": "100"}, "missing_lines": [], "excluded_lines": [], "start_line": 1, "executed_branches": [], "missing_branches": []}}, "classes": {"": {"executed_lines": [], "summary": {"covered_lines": 0, "num_statements": 0, "percent_covered": 100.0, "percent_covered_display": "100", "missing_lines": 0, "excluded_lines": 0, "percent_statements_covered": 100.0, "percent_statements_covered_display": "100", "num_branches": 0, "num_partial_branches": 0, "covered_branches": 0, "missing_branches": 0, "percent_branches_covered": 100.0, "percent_branches_covered_display": "100"}, "missing_lines": [], "excluded_lines": [], "start_line": 1, "executed_branches": [], "missing_branches": []}}}, "zarabot/broker/client.py": {"executed_lines": [3, 5, 6, 7, 9, 10, 11, 15, 28, 30, 31, 46, 47, 48, 51, 55, 59, 62, 63, 64, 67, 70, 71, 72, 75, 78, 79, 80, 83, 87, 88, 91, 92, 95, 96, 102, 103, 105, 108, 111, 112, 113, 114, 115, 116, 120, 121, 122, 123, 124, 127, 128, 131, 132, 135, 136, 137, 140, 141, 142, 143, 147, 148, 149, 150, 151, 161, 162, 164, 167, 170, 171, 173, 174, 175, 177, 180, 181, 184, 185, 190, 193, 194, 197, 201, 202, 203, 204, 205, 210, 211, 212, 213, 224, 227, 228, 229, 230, 231, 232, 240, 251, 252, 255, 256, 257, 258, 259, 260, 261, 262, 263, 265, 268, 269, 270, 271, 272, 273, 278, 279, 280, 317, 320, 321, 322, 323, 324, 325, 326, 329, 330, 331, 333, 334, 341, 342, 345, 359, 360, 377, 378, 379, 384, 385, 386, 397, 398, 399, 400, 401, 402, 403, 408, 409, 424, 427, 428, 429, 430, 446, 447, 449, 462, 463, 464, 465, 466, 475, 476, 477, 479, 481, 482, 486, 487, 488, 489, 490, 496, 497, 498, 499, 501, 502, 515, 518, 519, 520, 521, 522, 523, 526, 529, 530, 531, 532, 533, 534, 535, 540, 541, 542, 543, 544, 545, 546, 547, 548, 560, 563, 564, 565, 566, 567, 572, 573, 574, 575, 576, 577, 578], "summary": {"covered_lines": 222, "num_statements": 282, "percent_covered": 74.0, "percent_covered_display": "74", "missing_lines": 60, "excluded_lines": 0, "percent_statements_covered": 78.72340425531915, "percent_statements_covered_display": "79", "num_branches": 68, "num_partial_branches": 19, "covered_branches": 37, "missing_branches": 31, "percent_branches_covered": 54.411764705882355, "percent_branches_covered_display": "54"}, "missing_lines": [93, 98, 99, 100, 101, 104, 117, 144, 152, 153, 154, 155, 156, 157, 158, 163, 172, 176, 186, 198, 238, 239, 264, 276, 277, 281, 282, 283, 284, 285, 286, 287, 288, 289, 290, 291, 292, 293, 327, 328, 332, 395, 396, 444, 445, 448, 469, 470, 471, 472, 478, 480, 483, 494, 495, 500, 524, 525, 538, 539], "excluded_lines": [], "executed_branches": [[92, 95], [95, 96], [103, 105], [111, 112], [112, 113], [112, 114], [114, 115], [114, 116], [122, 123], [122, 124], [136, -135], [136, 137], [142, 143], [148, 149], [148, 150], [150, 151], [162, 164], [171, 173], [175, 177], [185, 190], [263, 265], [280, 317], [330, 331], [331, 333], [333, 334], [333, 341], [399, 400], [399, 401], [447, 449], [477, 479], [479, 481], [481, 482], [497, 498], [497, 515], [499, 501], [541, 542], [541, 560]], "missing_branches": [[92, 93], [95, 98], [103, 104], [111, 117], [142, 144], [150, 152], [152, 153], [152, 154], [154, 155], [154, 156], [156, 157], [156, 158], [162, 163], [171, 172], [175, 176], [185, 186], [263, 264], [280, 281], [282, 283], [282, 284], [284, 285], [284, 286], [330, 342], [331, 332], [447, 448], [470, 471], [470, 472], [477, 478], [479, 480], [481, 483], [499, 500]], "functions": {"BrokerRateLimited.__init__": {"executed_lines": [63, 64], "summary": {"covered_lines": 2, "num_statements": 2, "percent_covered": 100.0, "percent_covered_display": "100", "missing_lines": 0, "excluded_lines": 0, "percent_statements_covered": 100.0, "percent_statements_covered_display": "100", "num_branches": 0, "num_partial_branches": 0, "covered_branches": 0, "missing_branches": 0, "percent_branches_covered": 100.0, "percent_branches_covered_display": "100"}, "missing_lines": [], "excluded_lines": [], "start_line": 62, "executed_branches": [], "missing_branches": []}, "OrderRejected.__init__": {"executed_lines": [71, 72], "summary": {"covered_lines": 2, "num_statements": 2, "percent_covered": 100.0, "percent_covered_display": "100", "missing_lines": 0, "excluded_lines": 0, "percent_statements_covered": 100.0, "percent_statements_covered_display": "100", "num_branches": 0, "num_partial_branches": 0, "covered_branches": 0, "missing_branches": 0, "percent_branches_covered": 100.0, "percent_branches_covered_display": "100"}, "missing_lines": [], "excluded_lines": [], "start_line": 70, "executed_branches": [], "missing_branches": []}, "StopOrderRejected.__init__": {"executed_lines": [79, 80], "summary": {"covered_lines": 2, "num_statements": 2, "percent_covered": 100.0, "percent_covered_display": "100", "missing_lines": 0, "excluded_lines": 0, "percent_statements_covered": 100.0, "percent_statements_covered_display": "100", "num_branches": 0, "num_partial_branches": 0, "covered_branches": 0, "missing_branches": 0, "percent_branches_covered": 100.0, "percent_branches_covered_display": "100"}, "missing_lines": [], "excluded_lines": [], "start_line": 78, "executed_branches": [], "missing_branches": []}, "_redact": {"executed_lines": [88], "summary": {"covered_lines": 1, "num_statements": 1, "percent_covered": 100.0, "percent_covered_display": "100", "missing_lines": 0, "excluded_lines": 0, "percent_statements_covered": 100.0, "percent_statements_covered_display": "100", "num_branches": 0, "num_partial_branches": 0, "covered_branches": 0, "missing_branches": 0, "percent_branches_covered": 100.0, "percent_branches_covered_display": "100"}, "missing_lines": [], "excluded_lines": [], "start_line": 87, "executed_branches": [], "missing_branches": []}, "_retry_after": {"executed_lines": [92, 95, 96, 102, 103, 105], "summary": {"covered_lines": 6, "num_statements": 12, "percent_covered": 50.0, "percent_covered_display": "50", "missing_lines": 6, "excluded_lines": 0, "percent_statements_covered": 50.0, "percent_statements_covered_display": "50", "num_branches": 6, "num_partial_branches": 3, "covered_branches": 3, "missing_branches": 3, "percent_branches_covered": 50.0, "percent_branches_covered_display": "50"}, "missing_lines": [93, 98, 99, 100, 101, 104], "excluded_lines": [], "start_line": 91, "executed_branches": [[92, 95], [95, 96], [103, 105]], "missing_branches": [[92, 93], [95, 98], [103, 104]]}, "_translate": {"executed_lines": [111, 112, 113, 114, 115, 116], "summary": {"covered_lines": 6, "num_statements": 7, "percent_covered": 84.61538461538461, "percent_covered_display": "85", "missing_lines": 1, "excluded_lines": 0, "percent_statements_covered": 85.71428571428571, "percent_statements_covered_display": "86", "num_branches": 6, "num_partial_branches": 1, "covered_branches": 5, "missing_branches": 1, "percent_branches_covered": 83.33333333333333, "percent_branches_covered_display": "83"}, "missing_lines": [117], "excluded_lines": [], "start_line": 108, "executed_branches": [[111, 112], [112, 113], [112, 114], [114, 115], [114, 116]], "missing_branches": [[111, 117]]}, "_connect": {"executed_lines": [121, 122, 123, 124], "summary": {"covered_lines": 4, "num_statements": 4, "percent_covered": 100.0, "percent_covered_display": "100", "missing_lines": 0, "excluded_lines": 0, "percent_statements_covered": 100.0, "percent_statements_covered_display": "100", "num_branches": 2, "num_partial_branches": 0, "covered_branches": 2, "missing_branches": 0, "percent_branches_covered": 100.0, "percent_branches_covered_display": "100"}, "missing_lines": [], "excluded_lines": [], "start_line": 120, "executed_branches": [[122, 123], [122, 124]], "missing_branches": []}, "_token": {"executed_lines": [128], "summary": {"covered_lines": 1, "num_statements": 1, "percent_covered": 100.0, "percent_covered_display": "100", "missing_lines": 0, "excluded_lines": 0, "percent_statements_covered": 100.0, "percent_statements_covered_display": "100", "num_branches": 0, "num_partial_branches": 0, "covered_branches": 0, "missing_branches": 0, "percent_branches_covered": 100.0, "percent_branches_covered_display": "100"}, "missing_lines": [], "excluded_lines": [], "start_line": 127, "executed_branches": [], "missing_branches": []}, "_account": {"executed_lines": [132], "summary": {"covered_lines": 1, "num_statements": 1, "percent_covered": 100.0, "percent_covered_display": "100", "missing_lines": 0, "excluded_lines": 0, "percent_statements_covered": 100.0, "percent_statements_covered_display": "100", "num_branches": 0, "num_partial_branches": 0, "covered_branches": 0, "missing_branches": 0, "percent_branches_covered": 100.0, "percent_branches_covered_display": "100"}, "missing_lines": [], "excluded_lines": [], "start_line": 131, "executed_branches": [], "missing_branches": []}, "_reject_naive": {"executed_lines": [136, 137], "summary": {"covered_lines": 2, "num_statements": 2, "percent_covered": 100.0, "percent_covered_display": "100", "missing_lines": 0, "excluded_lines": 0, "percent_statements_covered": 100.0, "percent_statements_covered_display": "100", "num_branches": 2, "num_partial_branches": 0, "covered_branches": 2, "missing_branches": 0, "percent_branches_covered": 100.0, "percent_branches_covered_display": "100"}, "missing_lines": [], "excluded_lines": [], "start_line": 135, "executed_branches": [[136, -135], [136, 137]], "missing_branches": []}, "_trading_status": {"executed_lines": [141, 142, 143], "summary": {"covered_lines": 3, "num_statements": 4, "percent_covered": 66.66666666666667, "percent_covered_display": "67", "missing_lines": 1, "excluded_lines": 0, "percent_statements_covered": 75.0, "percent_statements_covered_display": "75", "num_branches": 2, "num_partial_branches": 1, "covered_branches": 1, "missing_branches": 1, "percent_branches_covered": 50.0, "percent_branches_covered_display": "50"}, "missing_lines": [144], "excluded_lines": [], "start_line": 140, "executed_branches": [[142, 143]], "missing_branches": [[142, 144]]}, "_order_status": {"executed_lines": [148, 149, 150, 151], "summary": {"covered_lines": 4, "num_statements": 11, "percent_covered": 33.333333333333336, "percent_covered_display": "33", "missing_lines": 7, "excluded_lines": 0, "percent_statements_covered": 36.36363636363637, "percent_statements_covered_display": "36", "num_branches": 10, "num_partial_branches": 1, "covered_branches": 3, "missing_branches": 7, "percent_branches_covered": 30.0, "percent_branches_covered_display": "30"}, "missing_lines": [152, 153, 154, 155, 156, 157, 158], "excluded_lines": [], "start_line": 147, "executed_branches": [[148, 149], [148, 150], [150, 151]], "missing_branches": [[150, 152], [152, 153], [152, 154], [154, 155], [154, 156], [156, 157], [156, 158]]}, "_side_from_direction": {"executed_lines": [162, 164], "summary": {"covered_lines": 2, "num_statements": 3, "percent_covered": 60.0, "percent_covered_display": "60", "missing_lines": 1, "excluded_lines": 0, "percent_statements_covered": 66.66666666666667, "percent_statements_covered_display": "67", "num_branches": 2, "num_partial_branches": 1, "covered_branches": 1, "missing_branches": 1, "percent_branches_covered": 50.0, "percent_branches_covered_display": "50"}, "missing_lines": [163], "excluded_lines": [], "start_line": 161, "executed_branches": [[162, 164]], "missing_branches": [[162, 163]]}, "_as_decimal": {"executed_lines": [171, 173, 174, 175, 177], "summary": {"covered_lines": 5, "num_statements": 7, "percent_covered": 63.63636363636363, "percent_covered_display": "64", "missing_lines": 2, "excluded_lines": 0, "percent_statements_covered": 71.42857142857143, "percent_statements_covered_display": "71", "num_branches": 4, "num_partial_branches": 2, "covered_branches": 2, "missing_branches": 2, "percent_branches_covered": 50.0, "percent_branches_covered_display": "50"}, "missing_lines": [172, 176], "excluded_lines": [], "start_line": 170, "executed_branches": [[171, 173], [175, 177]], "missing_branches": [[171, 172], [175, 176]]}, "_decimal_money": {"executed_lines": [181], "summary": {"covered_lines": 1, "num_statements": 1, "percent_covered": 100.0, "percent_covered_display": "100", "missing_lines": 0, "excluded_lines": 0, "percent_statements_covered": 100.0, "percent_statements_covered_display": "100", "num_branches": 0, "num_partial_branches": 0, "covered_branches": 0, "missing_branches": 0, "percent_branches_covered": 100.0, "percent_branches_covered_display": "100"}, "missing_lines": [], "excluded_lines": [], "start_line": 180, "executed_branches": [], "missing_branches": []}, "_executed_commission": {"executed_lines": [185, 190], "summary": {"covered_lines": 2, "num_statements": 3, "percent_covered": 60.0, "percent_covered_display": "60", "missing_lines": 1, "excluded_lines": 0, "percent_statements_covered": 66.66666666666667, "percent_statements_covered_display": "67", "num_branches": 2, "num_partial_branches": 1, "covered_branches": 1, "missing_branches": 1, "percent_branches_covered": 50.0, "percent_branches_covered_display": "50"}, "missing_lines": [186], "excluded_lines": [], "start_line": 184, "executed_branches": [[185, 190]], "missing_branches": [[185, 186]]}, "_decimal_quote": {"executed_lines": [194], "summary": {"covered_lines": 1, "num_statements": 1, "percent_covered": 100.0, "percent_covered_display": "100", "missing_lines": 0, "excluded_lines": 0, "percent_statements_covered": 100.0, "percent_statements_covered_display": "100", "num_branches": 0, "num_partial_branches": 0, "covered_branches": 0, "missing_branches": 0, "percent_branches_covered": 100.0, "percent_branches_covered_display": "100"}, "missing_lines": [], "excluded_lines": [], "start_line": 193, "executed_branches": [], "missing_branches": []}, "_lots_from_quote": {"executed_lines": [], "summary": {"covered_lines": 0, "num_statements": 1, "percent_covered": 0.0, "percent_covered_display": "0", "missing_lines": 1, "excluded_lines": 0, "percent_statements_covered": 0.0, "percent_statements_covered_display": "0", "num_branches": 0, "num_partial_branches": 0, "covered_branches": 0, "missing_branches": 0, "percent_branches_covered": 100.0, "percent_branches_covered_display": "100"}, "missing_lines": [198], "excluded_lines": [], "start_line": 197, "executed_branches": [], "missing_branches": []}, "get_instrument": {"executed_lines": [202, 203, 204, 205, 210, 211, 212, 213], "summary": {"covered_lines": 8, "num_statements": 8, "percent_covered": 100.0, "percent_covered_display": "100", "missing_lines": 0, "excluded_lines": 0, "percent_statements_covered": 100.0, "percent_statements_covered_display": "100", "num_branches": 0, "num_partial_branches": 0, "covered_branches": 0, "missing_branches": 0, "percent_branches_covered": 100.0, "percent_branches_covered_display": "100"}, "missing_lines": [], "excluded_lines": [], "start_line": 201, "executed_branches": [], "missing_branches": []}, "get_candles": {"executed_lines": [227, 228, 229, 230, 231, 232, 240, 251, 252], "summary": {"covered_lines": 9, "num_statements": 11, "percent_covered": 81.81818181818181, "percent_covered_display": "82", "missing_lines": 2, "excluded_lines": 0, "percent_statements_covered": 81.81818181818181, "percent_statements_covered_display": "82", "num_branches": 0, "num_partial_branches": 0, "covered_branches": 0, "missing_branches": 0, "percent_branches_covered": 100.0, "percent_branches_covered_display": "100"}, "missing_lines": [238, 239], "excluded_lines": [], "start_line": 224, "executed_branches": [], "missing_branches": []}, "get_last_price": {"executed_lines": [256, 257, 258, 259, 260, 261, 262, 263, 265], "summary": {"covered_lines": 9, "num_statements": 10, "percent_covered": 83.33333333333333, "percent_covered_display": "83", "missing_lines": 1, "excluded_lines": 0, "percent_statements_covered": 90.0, "percent_statements_covered_display": "90", "num_branches": 2, "num_partial_branches": 1, "covered_branches": 1, "missing_branches": 1, "percent_branches_covered": 50.0, "percent_branches_covered_display": "50"}, "missing_lines": [264], "excluded_lines": [], "start_line": 255, "executed_branches": [[263, 265]], "missing_branches": [[263, 264]]}, "get_portfolio": {"executed_lines": [269, 270, 271, 272, 273, 278, 279, 280, 317], "summary": {"covered_lines": 9, "num_statements": 24, "percent_covered": 33.333333333333336, "percent_covered_display": "33", "missing_lines": 15, "excluded_lines": 0, "percent_statements_covered": 37.5, "percent_statements_covered_display": "38", "num_branches": 6, "num_partial_branches": 1, "covered_branches": 1, "missing_branches": 5, "percent_branches_covered": 16.666666666666668, "percent_branches_covered_display": "17"}, "missing_lines": [276, 277, 281, 282, 283, 284, 285, 286, 287, 288, 289, 290, 291, 292, 293], "excluded_lines": [], "start_line": 268, "executed_branches": [[280, 317]], "missing_branches": [[280, 281], [282, 283], [282, 284], [284, 285], [284, 286]]}, "get_trading_schedule": {"executed_lines": [321, 322, 323, 324, 325, 326, 329, 330, 331, 333, 334, 341, 342], "summary": {"covered_lines": 13, "num_statements": 16, "percent_covered": 77.27272727272727, "percent_covered_display": "77", "missing_lines": 3, "excluded_lines": 0, "percent_statements_covered": 81.25, "percent_statements_covered_display": "81", "num_branches": 6, "num_partial_branches": 2, "covered_branches": 4, "missing_branches": 2, "percent_branches_covered": 66.66666666666667, "percent_branches_covered_display": "67"}, "missing_lines": [327, 328, 332], "excluded_lines": [], "start_line": 320, "executed_branches": [[330, 331], [331, 333], [333, 334], [333, 341]], "missing_branches": [[330, 342], [331, 332]]}, "_order_record": {"executed_lines": [359, 360], "summary": {"covered_lines": 2, "num_statements": 2, "percent_covered": 100.0, "percent_covered_display": "100", "missing_lines": 0, "excluded_lines": 0, "percent_statements_covered": 100.0, "percent_statements_covered_display": "100", "num_branches": 0, "num_partial_branches": 0, "covered_branches": 0, "missing_branches": 0, "percent_branches_covered": 100.0, "percent_branches_covered_display": "100"}, "missing_lines": [], "excluded_lines": [], "start_line": 345, "executed_branches": [], "missing_branches": []}, "post_market_order": {"executed_lines": [378, 379, 384, 385, 386, 397, 398, 399, 400, 401, 402, 403, 408, 409], "summary": {"covered_lines": 14, "num_statements": 16, "percent_covered": 88.88888888888889, "percent_covered_display": "89", "missing_lines": 2, "excluded_lines": 0, "percent_statements_covered": 87.5, "percent_statements_covered_display": "88", "num_branches": 2, "num_partial_branches": 0, "covered_branches": 2, "missing_branches": 0, "percent_branches_covered": 100.0, "percent_branches_covered_display": "100"}, "missing_lines": [395, 396], "excluded_lines": [], "start_line": 377, "executed_branches": [[399, 400], [399, 401]], "missing_branches": []}, "post_stop_loss": {"executed_lines": [427, 428, 429, 430, 446, 447, 449], "summary": {"covered_lines": 7, "num_statements": 10, "percent_covered": 66.66666666666667, "percent_covered_display": "67", "missing_lines": 3, "excluded_lines": 0, "percent_statements_covered": 70.0, "percent_statements_covered_display": "70", "num_branches": 2, "num_partial_branches": 1, "covered_branches": 1, "missing_branches": 1, "percent_branches_covered": 50.0, "percent_branches_covered_display": "50"}, "missing_lines": [444, 445, 448], "excluded_lines": [], "start_line": 424, "executed_branches": [[447, 449]], "missing_branches": [[447, 448]]}, "cancel_stop_order": {"executed_lines": [463, 464, 465, 466], "summary": {"covered_lines": 4, "num_statements": 8, "percent_covered": 40.0, "percent_covered_display": "40", "missing_lines": 4, "excluded_lines": 0, "percent_statements_covered": 50.0, "percent_statements_covered_display": "50", "num_branches": 2, "num_partial_branches": 0, "covered_branches": 0, "missing_branches": 2, "percent_branches_covered": 0.0, "percent_branches_covered_display": "0"}, "missing_lines": [469, 470, 471, 472], "excluded_lines": [], "start_line": 462, "executed_branches": [], "missing_branches": [[470, 471], [470, 472]]}, "_stop_status": {"executed_lines": [476, 477, 479, 481, 482], "summary": {"covered_lines": 5, "num_statements": 8, "percent_covered": 57.142857142857146, "percent_covered_display": "57", "missing_lines": 3, "excluded_lines": 0, "percent_statements_covered": 62.5, "percent_statements_covered_display": "62", "num_branches": 6, "num_partial_branches": 3, "covered_branches": 3, "missing_branches": 3, "percent_branches_covered": 50.0, "percent_branches_covered_display": "50"}, "missing_lines": [478, 480, 483], "excluded_lines": [], "start_line": 475, "executed_branches": [[477, 479], [479, 481], [481, 482]], "missing_branches": [[477, 478], [479, 480], [481, 483]]}, "list_stop_orders": {"executed_lines": [487, 488, 489, 490, 496, 497, 498, 499, 501, 502, 515], "summary": {"covered_lines": 11, "num_statements": 14, "percent_covered": 77.77777777777777, "percent_covered_display": "78", "missing_lines": 3, "excluded_lines": 0, "percent_statements_covered": 78.57142857142857, "percent_statements_covered_display": "79", "num_branches": 4, "num_partial_branches": 1, "covered_branches": 3, "missing_branches": 1, "percent_branches_covered": 75.0, "percent_branches_covered_display": "75"}, "missing_lines": [494, 495, 500], "excluded_lines": [], "start_line": 486, "executed_branches": [[497, 498], [497, 515], [499, 501]], "missing_branches": [[499, 500]]}, "get_max_lots": {"executed_lines": [519, 520, 521, 522, 523, 526], "summary": {"covered_lines": 6, "num_statements": 8, "percent_covered": 75.0, "percent_covered_display": "75", "missing_lines": 2, "excluded_lines": 0, "percent_statements_covered": 75.0, "percent_statements_covered_display": "75", "num_branches": 0, "num_partial_branches": 0, "covered_branches": 0, "missing_branches": 0, "percent_branches_covered": 100.0, "percent_branches_covered_display": "100"}, "missing_lines": [524, 525], "excluded_lines": [], "start_line": 518, "executed_branches": [], "missing_branches": []}, "get_operations": {"executed_lines": [530, 531, 532, 533, 534, 535, 540, 541, 542, 543, 544, 545, 546, 547, 548, 560], "summary": {"covered_lines": 16, "num_statements": 18, "percent_covered": 90.0, "percent_covered_display": "90", "missing_lines": 2, "excluded_lines": 0, "percent_statements_covered": 88.88888888888889, "percent_statements_covered_display": "89", "num_branches": 2, "num_partial_branches": 0, "covered_branches": 2, "missing_branches": 0, "percent_branches_covered": 100.0, "percent_branches_covered_display": "100"}, "missing_lines": [538, 539], "excluded_lines": [], "start_line": 529, "executed_branches": [[541, 542], [541, 560]], "missing_branches": []}, "get_order_state": {"executed_lines": [564, 565, 566, 567, 572, 573, 574, 575, 576, 577, 578], "summary": {"covered_lines": 11, "num_statements": 11, "percent_covered": 100.0, "percent_covered_display": "100", "missing_lines": 0, "excluded_lines": 0, "percent_statements_covered": 100.0, "percent_statements_covered_display": "100", "num_branches": 0, "num_partial_branches": 0, "covered_branches": 0, "missing_branches": 0, "percent_branches_covered": 100.0, "percent_branches_covered_display": "100"}, "missing_lines": [], "excluded_lines": [], "start_line": 563, "executed_branches": [], "missing_branches": []}, "": {"executed_lines": [3, 5, 6, 7, 9, 10, 11, 15, 28, 30, 31, 46, 47, 48, 51, 55, 59, 62, 67, 70, 75, 78, 83, 87, 91, 108, 120, 127, 131, 135, 140, 147, 161, 167, 170, 180, 184, 193, 197, 201, 224, 255, 268, 320, 345, 377, 424, 462, 475, 486, 518, 529, 563], "summary": {"covered_lines": 53, "num_statements": 53, "percent_covered": 100.0, "percent_covered_display": "100", "missing_lines": 0, "excluded_lines": 0, "percent_statements_covered": 100.0, "percent_statements_covered_display": "100", "num_branches": 0, "num_partial_branches": 0, "covered_branches": 0, "missing_branches": 0, "percent_branches_covered": 100.0, "percent_branches_covered_display": "100"}, "missing_lines": [], "excluded_lines": [], "start_line": 1, "executed_branches": [], "missing_branches": []}}, "classes": {"InstrumentNotFound": {"executed_lines": [], "summary": {"covered_lines": 0, "num_statements": 0, "percent_covered": 100.0, "percent_covered_display": "100", "missing_lines": 0, "excluded_lines": 0, "percent_statements_covered": 100.0, "percent_statements_covered_display": "100", "num_branches": 0, "num_partial_branches": 0, "covered_branches": 0, "missing_branches": 0, "percent_branches_covered": 100.0, "percent_branches_covered_display": "100"}, "missing_lines": [], "excluded_lines": [], "start_line": 51, "executed_branches": [], "missing_branches": []}, "BrokerUnavailable": {"executed_lines": [], "summary": {"covered_lines": 0, "num_statements": 0, "percent_covered": 100.0, "percent_covered_display": "100", "missing_lines": 0, "excluded_lines": 0, "percent_statements_covered": 100.0, "percent_statements_covered_display": "100", "num_branches": 0, "num_partial_branches": 0, "covered_branches": 0, "missing_branches": 0, "percent_branches_covered": 100.0, "percent_branches_covered_display": "100"}, "missing_lines": [], "excluded_lines": [], "start_line": 55, "executed_branches": [], "missing_branches": []}, "BrokerRateLimited": {"executed_lines": [63, 64], "summary": {"covered_lines": 2, "num_statements": 2, "percent_covered": 100.0, "percent_covered_display": "100", "missing_lines": 0, "excluded_lines": 0, "percent_statements_covered": 100.0, "percent_statements_covered_display": "100", "num_branches": 0, "num_partial_branches": 0, "covered_branches": 0, "missing_branches": 0, "percent_branches_covered": 100.0, "percent_branches_covered_display": "100"}, "missing_lines": [], "excluded_lines": [], "start_line": 59, "executed_branches": [], "missing_branches": []}, "OrderRejected": {"executed_lines": [71, 72], "summary": {"covered_lines": 2, "num_statements": 2, "percent_covered": 100.0, "percent_covered_display": "100", "missing_lines": 0, "excluded_lines": 0, "percent_statements_covered": 100.0, "percent_statements_covered_display": "100", "num_branches": 0, "num_partial_branches": 0, "covered_branches": 0, "missing_branches": 0, "percent_branches_covered": 100.0, "percent_branches_covered_display": "100"}, "missing_lines": [], "excluded_lines": [], "start_line": 67, "executed_branches": [], "missing_branches": []}, "StopOrderRejected": {"executed_lines": [79, 80], "summary": {"covered_lines": 2, "num_statements": 2, "percent_covered": 100.0, "percent_covered_display": "100", "missing_lines": 0, "excluded_lines": 0, "percent_statements_covered": 100.0, "percent_statements_covered_display": "100", "num_branches": 0, "num_partial_branches": 0, "covered_branches": 0, "missing_branches": 0, "percent_branches_covered": 100.0, "percent_branches_covered_display": "100"}, "missing_lines": [], "excluded_lines": [], "start_line": 75, "executed_branches": [], "missing_branches": []}, "OrderNotFound": {"executed_lines": [], "summary": {"covered_lines": 0, "num_statements": 0, "percent_covered": 100.0, "percent_covered_display": "100", "missing_lines": 0, "excluded_lines": 0, "percent_statements_covered": 100.0, "percent_statements_covered_display": "100", "num_branches": 0, "num_partial_branches": 0, "covered_branches": 0, "missing_branches": 0, "percent_branches_covered": 100.0, "percent_branches_covered_display": "100"}, "missing_lines": [], "excluded_lines": [], "start_line": 83, "executed_branches": [], "missing_branches": []}, "": {"executed_lines": [3, 5, 6, 7, 9, 10, 11, 15, 28, 30, 31, 46, 47, 48, 51, 55, 59, 62, 67, 70, 75, 78, 83, 87, 88, 91, 92, 95, 96, 102, 103, 105, 108, 111, 112, 113, 114, 115, 116, 120, 121, 122, 123, 124, 127, 128, 131, 132, 135, 136, 137, 140, 141, 142, 143, 147, 148, 149, 150, 151, 161, 162, 164, 167, 170, 171, 173, 174, 175, 177, 180, 181, 184, 185, 190, 193, 194, 197, 201, 202, 203, 204, 205, 210, 211, 212, 213, 224, 227, 228, 229, 230, 231, 232, 240, 251, 252, 255, 256, 257, 258, 259, 260, 261, 262, 263, 265, 268, 269, 270, 271, 272, 273, 278, 279, 280, 317, 320, 321, 322, 323, 324, 325, 326, 329, 330, 331, 333, 334, 341, 342, 345, 359, 360, 377, 378, 379, 384, 385, 386, 397, 398, 399, 400, 401, 402, 403, 408, 409, 424, 427, 428, 429, 430, 446, 447, 449, 462, 463, 464, 465, 466, 475, 476, 477, 479, 481, 482, 486, 487, 488, 489, 490, 496, 497, 498, 499, 501, 502, 515, 518, 519, 520, 521, 522, 523, 526, 529, 530, 531, 532, 533, 534, 535, 540, 541, 542, 543, 544, 545, 546, 547, 548, 560, 563, 564, 565, 566, 567, 572, 573, 574, 575, 576, 577, 578], "summary": {"covered_lines": 216, "num_statements": 276, "percent_covered": 73.54651162790698, "percent_covered_display": "74", "missing_lines": 60, "excluded_lines": 0, "percent_statements_covered": 78.26086956521739, "percent_statements_covered_display": "78", "num_branches": 68, "num_partial_branches": 19, "covered_branches": 37, "missing_branches": 31, "percent_branches_covered": 54.411764705882355, "percent_branches_covered_display": "54"}, "missing_lines": [93, 98, 99, 100, 101, 104, 117, 144, 152, 153, 154, 155, 156, 157, 158, 163, 172, 176, 186, 198, 238, 239, 264, 276, 277, 281, 282, 283, 284, 285, 286, 287, 288, 289, 290, 291, 292, 293, 327, 328, 332, 395, 396, 444, 445, 448, 469, 470, 471, 472, 478, 480, 483, 494, 495, 500, 524, 525, 538, 539], "excluded_lines": [], "start_line": 1, "executed_branches": [[92, 95], [95, 96], [103, 105], [111, 112], [112, 113], [112, 114], [114, 115], [114, 116], [122, 123], [122, 124], [136, -135], [136, 137], [142, 143], [148, 149], [148, 150], [150, 151], [162, 164], [171, 173], [175, 177], [185, 190], [263, 265], [280, 317], [330, 331], [331, 333], [333, 334], [333, 341], [399, 400], [399, 401], [447, 449], [477, 479], [479, 481], [481, 482], [497, 498], [497, 515], [499, 501], [541, 542], [541, 560]], "missing_branches": [[92, 93], [95, 98], [103, 104], [111, 117], [142, 144], [150, 152], [152, 153], [152, 154], [154, 155], [154, 156], [156, 157], [156, 158], [162, 163], [171, 172], [175, 176], [185, 186], [263, 264], [280, 281], [282, 283], [282, 284], [284, 285], [284, 286], [330, 342], [331, 332], [447, 448], [470, 471], [470, 472], [477, 478], [479, 480], [481, 483], [499, 500]]}}}, "zarabot/broker/reconcile.py": {"executed_lines": [3, 5, 6, 7, 8, 10, 12, 19, 20, 21, 22, 29, 31, 34, 35, 36, 39, 40, 41, 42, 43, 44, 47, 48, 49, 50, 51, 54, 55, 56, 57, 58, 61, 69, 70, 71, 72, 76, 84, 85, 86, 87, 91, 100, 103, 104, 108, 111, 114, 115, 116, 117, 118, 119, 120, 121, 131, 132, 133, 134, 143, 147, 155, 156, 163, 164, 165, 166, 167, 168, 170, 178, 181, 182, 183, 184, 188, 190, 193, 195, 196, 197, 198, 199, 200, 202, 203, 204, 205, 206, 207, 209, 210, 211, 213, 214, 215, 217, 218], "summary": {"covered_lines": 99, "num_statements": 103, "percent_covered": 91.72413793103448, "percent_covered_display": "92", "missing_lines": 4, "excluded_lines": 0, "percent_statements_covered": 96.11650485436893, "percent_statements_covered_display": "96", "num_branches": 42, "num_partial_branches": 4, "covered_branches": 34, "missing_branches": 8, "percent_branches_covered": 80.95238095238095, "percent_branches_covered_display": "81"}, "missing_lines": [105, 106, 107, 169], "excluded_lines": [], "executed_branches": [[35, -34], [35, 36], [41, 42], [41, 44], [42, 43], [104, 108], [116, 117], [116, 163], [118, 119], [118, 155], [120, 121], [120, 131], [131, 132], [131, 133], [133, 134], [133, 143], [143, 147], [155, 116], [155, 156], [164, 165], [164, 178], [166, 167], [166, 168], [168, 170], [202, 203], [202, 209], [204, 205], [204, 206], [206, 202], [206, 207], [209, 210], [209, 213], [210, 209], [210, 211]], "missing_branches": [[42, 41], [104, 105], [105, 106], [105, 108], [106, 105], [106, 107], [143, 116], [168, 169]], "functions": {"_reject_naive": {"executed_lines": [35, 36], "summary": {"covered_lines": 2, "num_statements": 2, "percent_covered": 100.0, "percent_covered_display": "100", "missing_lines": 0, "excluded_lines": 0, "percent_statements_covered": 100.0, "percent_statements_covered_display": "100", "num_branches": 2, "num_partial_branches": 0, "covered_branches": 2, "missing_branches": 0, "percent_branches_covered": 100.0, "percent_branches_covered_display": "100"}, "missing_lines": [], "excluded_lines": [], "start_line": 34, "executed_branches": [[35, -34], [35, 36]], "missing_branches": []}, "_by_ticker": {"executed_lines": [40, 41, 42, 43, 44], "summary": {"covered_lines": 5, "num_statements": 5, "percent_covered": 88.88888888888889, "percent_covered_display": "89", "missing_lines": 0, "excluded_lines": 0, "percent_statements_covered": 100.0, "percent_statements_covered_display": "100", "num_branches": 4, "num_partial_branches": 1, "covered_branches": 3, "missing_branches": 1, "percent_branches_covered": 75.0, "percent_branches_covered_display": "75"}, "missing_lines": [], "excluded_lines": [], "start_line": 39, "executed_branches": [[41, 42], [41, 44], [42, 43]], "missing_branches": [[42, 41]]}, "_last_price": {"executed_lines": [48, 49, 50, 51], "summary": {"covered_lines": 4, "num_statements": 4, "percent_covered": 100.0, "percent_covered_display": "100", "missing_lines": 0, "excluded_lines": 0, "percent_statements_covered": 100.0, "percent_statements_covered_display": "100", "num_branches": 0, "num_partial_branches": 0, "covered_branches": 0, "missing_branches": 0, "percent_branches_covered": 100.0, "percent_branches_covered_display": "100"}, "missing_lines": [], "excluded_lines": [], "start_line": 47, "executed_branches": [], "missing_branches": []}, "_close_externally": {"executed_lines": [55, 56, 57, 58, 61], "summary": {"covered_lines": 5, "num_statements": 5, "percent_covered": 100.0, "percent_covered_display": "100", "missing_lines": 0, "excluded_lines": 0, "percent_statements_covered": 100.0, "percent_statements_covered_display": "100", "num_branches": 0, "num_partial_branches": 0, "covered_branches": 0, "missing_branches": 0, "percent_branches_covered": 100.0, "percent_branches_covered_display": "100"}, "missing_lines": [], "excluded_lines": [], "start_line": 54, "executed_branches": [], "missing_branches": []}, "_adopt_holding": {"executed_lines": [70, 71, 72, 76], "summary": {"covered_lines": 4, "num_statements": 4, "percent_covered": 100.0, "percent_covered_display": "100", "missing_lines": 0, "excluded_lines": 0, "percent_statements_covered": 100.0, "percent_statements_covered_display": "100", "num_branches": 0, "num_partial_branches": 0, "covered_branches": 0, "missing_branches": 0, "percent_branches_covered": 100.0, "percent_branches_covered_display": "100"}, "missing_lines": [], "excluded_lines": [], "start_line": 69, "executed_branches": [], "missing_branches": []}, "_adjust_lots": {"executed_lines": [85, 86, 87, 91], "summary": {"covered_lines": 4, "num_statements": 4, "percent_covered": 100.0, "percent_covered_display": "100", "missing_lines": 0, "excluded_lines": 0, "percent_statements_covered": 100.0, "percent_statements_covered_display": "100", "num_branches": 0, "num_partial_branches": 0, "covered_branches": 0, "missing_branches": 0, "percent_branches_covered": 100.0, "percent_branches_covered_display": "100"}, "missing_lines": [], "excluded_lines": [], "start_line": 84, "executed_branches": [], "missing_branches": []}, "_keep_stop": {"executed_lines": [103, 104, 108], "summary": {"covered_lines": 3, "num_statements": 6, "percent_covered": 33.333333333333336, "percent_covered_display": "33", "missing_lines": 3, "excluded_lines": 0, "percent_statements_covered": 50.0, "percent_statements_covered_display": "50", "num_branches": 6, "num_partial_branches": 1, "covered_branches": 1, "missing_branches": 5, "percent_branches_covered": 16.666666666666668, "percent_branches_covered_display": "17"}, "missing_lines": [105, 106, 107], "excluded_lines": [], "start_line": 100, "executed_branches": [[104, 108]], "missing_branches": [[104, 105], [105, 106], [105, 108], [106, 105], [106, 107]]}, "_stop_adjustments": {"executed_lines": [114, 115, 116, 117, 118, 119, 120, 121, 131, 132, 133, 134, 143, 147, 155, 156, 163, 164, 165, 166, 167, 168, 170, 178], "summary": {"covered_lines": 24, "num_statements": 25, "percent_covered": 93.33333333333333, "percent_covered_display": "93", "missing_lines": 1, "excluded_lines": 0, "percent_statements_covered": 96.0, "percent_statements_covered_display": "96", "num_branches": 20, "num_partial_branches": 2, "covered_branches": 18, "missing_branches": 2, "percent_branches_covered": 90.0, "percent_branches_covered_display": "90"}, "missing_lines": [169], "excluded_lines": [], "start_line": 111, "executed_branches": [[116, 117], [116, 163], [118, 119], [118, 155], [120, 121], [120, 131], [131, 132], [131, 133], [133, 134], [133, 143], [143, 147], [155, 116], [155, 156], [164, 165], [164, 178], [166, 167], [166, 168], [168, 170]], "missing_branches": [[143, 116], [168, 169]]}, "_persist": {"executed_lines": [182, 183, 184, 188, 190], "summary": {"covered_lines": 5, "num_statements": 5, "percent_covered": 100.0, "percent_covered_display": "100", "missing_lines": 0, "excluded_lines": 0, "percent_statements_covered": 100.0, "percent_statements_covered_display": "100", "num_branches": 0, "num_partial_branches": 0, "covered_branches": 0, "missing_branches": 0, "percent_branches_covered": 100.0, "percent_branches_covered_display": "100"}, "missing_lines": [], "excluded_lines": [], "start_line": 181, "executed_branches": [], "missing_branches": []}, "reconcile": {"executed_lines": [195, 196, 197, 198, 199, 200, 202, 203, 204, 205, 206, 207, 209, 210, 211, 213, 214, 215, 217, 218], "summary": {"covered_lines": 20, "num_statements": 20, "percent_covered": 100.0, "percent_covered_display": "100", "missing_lines": 0, "excluded_lines": 0, "percent_statements_covered": 100.0, "percent_statements_covered_display": "100", "num_branches": 10, "num_partial_branches": 0, "covered_branches": 10, "missing_branches": 0, "percent_branches_covered": 100.0, "percent_branches_covered_display": "100"}, "missing_lines": [], "excluded_lines": [], "start_line": 193, "executed_branches": [[202, 203], [202, 209], [204, 205], [204, 206], [206, 202], [206, 207], [209, 210], [209, 213], [210, 209], [210, 211]], "missing_branches": []}, "": {"executed_lines": [3, 5, 6, 7, 8, 10, 12, 19, 20, 21, 22, 29, 31, 34, 39, 47, 54, 69, 84, 100, 111, 181, 193], "summary": {"covered_lines": 23, "num_statements": 23, "percent_covered": 100.0, "percent_covered_display": "100", "missing_lines": 0, "excluded_lines": 0, "percent_statements_covered": 100.0, "percent_statements_covered_display": "100", "num_branches": 0, "num_partial_branches": 0, "covered_branches": 0, "missing_branches": 0, "percent_branches_covered": 100.0, "percent_branches_covered_display": "100"}, "missing_lines": [], "excluded_lines": [], "start_line": 1, "executed_branches": [], "missing_branches": []}}, "classes": {"": {"executed_lines": [3, 5, 6, 7, 8, 10, 12, 19, 20, 21, 22, 29, 31, 34, 35, 36, 39, 40, 41, 42, 43, 44, 47, 48, 49, 50, 51, 54, 55, 56, 57, 58, 61, 69, 70, 71, 72, 76, 84, 85, 86, 87, 91, 100, 103, 104, 108, 111, 114, 115, 116, 117, 118, 119, 120, 121, 131, 132, 133, 134, 143, 147, 155, 156, 163, 164, 165, 166, 167, 168, 170, 178, 181, 182, 183, 184, 188, 190, 193, 195, 196, 197, 198, 199, 200, 202, 203, 204, 205, 206, 207, 209, 210, 211, 213, 214, 215, 217, 218], "summary": {"covered_lines": 99, "num_statements": 103, "percent_covered": 91.72413793103448, "percent_covered_display": "92", "missing_lines": 4, "excluded_lines": 0, "percent_statements_covered": 96.11650485436893, "percent_statements_covered_display": "96", "num_branches": 42, "num_partial_branches": 4, "covered_branches": 34, "missing_branches": 8, "percent_branches_covered": 80.95238095238095, "percent_branches_covered_display": "81"}, "missing_lines": [105, 106, 107, 169], "excluded_lines": [], "start_line": 1, "executed_branches": [[35, -34], [35, 36], [41, 42], [41, 44], [42, 43], [104, 108], [116, 117], [116, 163], [118, 119], [118, 155], [120, 121], [120, 131], [131, 132], [131, 133], [133, 134], [133, 143], [143, 147], [155, 116], [155, 156], [164, 165], [164, 178], [166, 167], [166, 168], [168, 170], [202, 203], [202, 209], [204, 205], [204, 206], [206, 202], [206, 207], [209, 210], [209, 213], [210, 209], [210, 211]], "missing_branches": [[42, 41], [104, 105], [105, 106], [105, 108], [106, 105], [106, 107], [143, 116], [168, 169]]}}}, "zarabot/clock.py": {"executed_lines": [3, 5, 6, 8, 10, 13, 14, 15, 18, 20, 23, 25, 26, 29, 31, 34, 41, 42, 43, 44, 46, 51, 52, 53, 54, 55, 56, 57, 58, 59], "summary": {"covered_lines": 30, "num_statements": 30, "percent_covered": 100.0, "percent_covered_display": "100", "missing_lines": 0, "excluded_lines": 0, "percent_statements_covered": 100.0, "percent_statements_covered_display": "100", "num_branches": 8, "num_partial_branches": 0, "covered_branches": 8, "missing_branches": 0, "percent_branches_covered": 100.0, "percent_branches_covered_display": "100"}, "missing_lines": [], "excluded_lines": [], "executed_branches": [[14, -13], [14, 15], [43, 44], [43, 46], [55, 56], [55, 59], [56, 57], [56, 58]], "missing_branches": [], "functions": {"_reject_naive": {"executed_lines": [14, 15], "summary": {"covered_lines": 2, "num_statements": 2, "percent_covered": 100.0, "percent_covered_display": "100", "missing_lines": 0, "excluded_lines": 0, "percent_statements_covered": 100.0, "percent_statements_covered_display": "100", "num_branches": 2, "num_partial_branches": 0, "covered_branches": 2, "missing_branches": 0, "percent_branches_covered": 100.0, "percent_branches_covered_display": "100"}, "missing_lines": [], "excluded_lines": [], "start_line": 13, "executed_branches": [[14, -13], [14, 15]], "missing_branches": []}, "now": {"executed_lines": [20], "summary": {"covered_lines": 1, "num_statements": 1, "percent_covered": 100.0, "percent_covered_display": "100", "missing_lines": 0, "excluded_lines": 0, "percent_statements_covered": 100.0, "percent_statements_covered_display": "100", "num_branches": 0, 
[...]
100", "missing_lines": 0, "excluded_lines": 0, "percent_statements_covered": 100.0, "percent_statements_covered_display": "100", "num_branches": 2, "num_partial_branches": 0, "covered_branches": 2, "missing_branches": 0, "percent_branches_covered": 100.0, "percent_branches_covered_display": "100"}, "missing_lines": [], "excluded_lines": [], "start_line": 183, "executed_branches": [[185, 186], [185, 187]], "missing_branches": []}, "_history_line": {"executed_lines": [192, 193, 194, 197, 200, 201], "summary": {"covered_lines": 6, "num_statements": 7, "percent_covered": 77.77777777777777, "percent_covered_display": "78", "missing_lines": 1, "excluded_lines": 0, "percent_statements_covered": 85.71428571428571, "percent_statements_covered_display": "86", "num_branches": 2, "num_partial_branches": 1, "covered_branches": 1, "missing_branches": 1, "percent_branches_covered": 50.0, "percent_branches_covered_display": "50"}, "missing_lines": [196], "excluded_lines": [], "start_line": 191, "executed_branches": [[193, 194]], "missing_branches": [[193, 196]]}, "_history_text": {"executed_lines": [205, 206, 207, 208], "summary": {"covered_lines": 4, "num_statements": 4, "percent_covered": 100.0, "percent_covered_display": "100", "missing_lines": 0, "excluded_lines": 0, "percent_statements_covered": 100.0, "percent_statements_covered_display": "100", "num_branches": 2, "num_partial_branches": 0, "covered_branches": 2, "missing_branches": 0, "percent_branches_covered": 100.0, "percent_branches_covered_display": "100"}, "missing_lines": [], "excluded_lines": [], "start_line": 204, "executed_branches": [[206, 207], [206, 208]], "missing_branches": []}, "_sum_realised": {"executed_lines": [212, 213, 214, 215], "summary": {"covered_lines": 4, "num_statements": 4, "percent_covered": 100.0, "percent_covered_display": "100", "missing_lines": 0, "excluded_lines": 0, "percent_statements_covered": 100.0, "percent_statements_covered_display": "100", "num_branches": 2, "num_partial_branches": 0, "covered_branches": 2, "missing_branches": 0, "percent_branches_covered": 100.0, "percent_branches_covered_display": "100"}, "missing_lines": [], "excluded_lines": [], "start_line": 211, "executed_branches": [[213, 214], [213, 215]], "missing_branches": []}, "_fmt_benchmark": {"executed_lines": [219, 221], "summary": {"covered_lines": 2, "num_statements": 3, "percent_covered": 60.0, "percent_covered_display": "60", "missing_lines": 1, "excluded_lines": 0, "percent_statements_covered": 66.66666666666667, "percent_statements_covered_display": "67", "num_branches": 2, "num_partial_branches": 1, "covered_branches": 1, "missing_branches": 1, "percent_branches_covered": 50.0, "percent_branches_covered_display": "50"}, "missing_lines": [220], "excluded_lines": [], "start_line": 218, "executed_branches": [[219, 221]], "missing_branches": [[219, 220]]}, "_pnl_text": {"executed_lines": [225, 226, 227, 228, 229, 230, 233, 234, 235, 236, 238, 239, 240, 241, 242], "summary": {"covered_lines": 15, "num_statements": 15, "percent_covered": 100.0, "percent_covered_display": "100", "missing_lines": 0, "excluded_lines": 0, "percent_statements_covered": 100.0, "percent_statements_covered_display": "100", "num_branches": 2, "num_partial_branches": 0, "covered_branches": 2, "missing_branches": 0, "percent_branches_covered": 100.0, "percent_branches_covered_display": "100"}, "missing_lines": [], "excluded_lines": [], "start_line": 224, "executed_branches": [[234, 235], [234, 238]], "missing_branches": []}, "_risk_limit_text": {"executed_lines": [251, 252], "summary": {"covered_lines": 2, "num_statements": 2, "percent_covered": 100.0, "percent_covered_display": "100", "missing_lines": 0, "excluded_lines": 0, "percent_statements_covered": 100.0, "percent_statements_covered_display": "100", "num_branches": 0, "num_partial_branches": 0, "covered_branches": 0, "missing_branches": 0, "percent_branches_covered": 100.0, "percent_branches_covered_display": "100"}, "missing_lines": [], "excluded_lines": [], "start_line": 250, "executed_branches": [], "missing_branches": []}, "_strategies_text": {"executed_lines": [265, 266, 267, 268, 269, 270, 271, 272, 273, 274, 275, 276, 277], "summary": {"covered_lines": 13, "num_statements": 13, "percent_covered": 100.0, "percent_covered_display": "100", "missing_lines": 0, "excluded_lines": 0, "percent_statements_covered": 100.0, "percent_statements_covered_display": "100", "num_branches": 6, "num_partial_branches": 0, "covered_branches": 6, "missing_branches": 0, "percent_branches_covered": 100.0, "percent_branches_covered_display": "100"}, "missing_lines": [], "excluded_lines": [], "start_line": 264, "executed_branches": [[267, 268], [267, 269], [270, 271], [270, 277], [272, 273], [272, 275]], "missing_branches": []}, "_report_text": {"executed_lines": [281, 282, 283, 284, 285], "summary": {"covered_lines": 5, "num_statements": 5, "percent_covered": 100.0, "percent_covered_display": "100", "missing_lines": 0, "excluded_lines": 0, "percent_statements_covered": 100.0, "percent_statements_covered_display": "100", "num_branches": 2, "num_partial_branches": 0, "covered_branches": 2, "missing_branches": 0, "percent_branches_covered": 100.0, "percent_branches_covered_display": "100"}, "missing_lines": [], "excluded_lines": [], "start_line": 280, "executed_branches": [[282, 283], [282, 284]], "missing_branches": []}, "_help_text": {"executed_lines": [289], "summary": {"covered_lines": 1, "num_statements": 1, "percent_covered": 100.0, "percent_covered_display": "100", "missing_lines": 0, "excluded_lines": 0, "percent_statements_covered": 100.0, "percent_statements_covered_display": "100", "num_branches": 0, "num_partial_branches": 0, "covered_branches": 0, "missing_branches": 0, "percent_branches_covered": 100.0, "percent_branches_covered_display": "100"}, "missing_lines": [], "excluded_lines": [], "start_line": 288, "executed_branches": [], "missing_branches": []}, "status": {"executed_lines": [293, 294, 295], "summary": {"covered_lines": 3, "num_statements": 3, "percent_covered": 100.0, "percent_covered_display": "100", "missing_lines": 0, "excluded_lines": 0, "percent_statements_covered": 100.0, "percent_statements_covered_display": "100", "num_branches": 2, "num_partial_branches": 0, "covered_branches": 2, "missing_branches": 0, "percent_branches_covered": 100.0, "percent_branches_covered_display": "100"}, "missing_lines": [], "excluded_lines": [], "start_line": 292, "executed_branches": [[293, 294], [293, 295]], "missing_branches": []}, "positions": {"executed_lines": [299, 300, 301], "summary": {"covered_lines": 3, "num_statements": 3, "percent_covered": 100.0, "percent_covered_display": "100", "missing_lines": 0, "excluded_lines": 0, "percent_statements_covered": 100.0, "percent_statements_covered_display": "100", "num_branches": 2, "num_partial_branches": 0, "covered_branches": 2, "missing_branches": 0, "percent_branches_covered": 100.0, "percent_branches_covered_display": "100"}, "missing_lines": [], "excluded_lines": [], "start_line": 298, "executed_branches": [[299, 300], [299, 301]], "missing_branches": []}, "history": {"executed_lines": [305, 306, 307], "summary": {"covered_lines": 3, "num_statements": 3, "percent_covered": 100.0, "percent_covered_display": "100", "missing_lines": 0, "excluded_lines": 0, "percent_statements_covered": 100.0, "percent_statements_covered_display": "100", "num_branches": 2, "num_partial_branches": 0, "covered_branches": 2, "missing_branches": 0, "percent_branches_covered": 100.0, "percent_branches_covered_display": "100"}, "missing_lines": [], "excluded_lines": [], "start_line": 304, "executed_branches": [[305, 306], [305, 307]], "missing_branches": []}, "pnl": {"executed_lines": [311, 312, 313], "summary": {"covered_lines": 3, "num_statements": 3, "percent_covered": 100.0, "percent_covered_display": "100", "missing_lines": 0, "excluded_lines": 0, "percent_statements_covered": 100.0, "percent_statements_covered_display": "100", "num_branches": 2, "num_partial_branches": 0, "covered_branches": 2, "missing_branches": 0, "percent_branches_covered": 100.0, "percent_branches_covered_display": "100"}, "missing_lines": [], "excluded_lines": [], "start_line": 310, "executed_branches": [[311, 312], [311, 313]], "missing_branches": []}, "halt": {"executed_lines": [317, 318, 319, 320], "summary": {"covered_lines": 4, "num_statements": 4, "percent_covered": 100.0, "percent_covered_display": "100", "missing_lines": 0, "excluded_lines": 0, "percent_statements_covered": 100.0, "percent_statements_covered_display": "100", "num_branches": 2, "num_partial_branches": 0, "covered_branches": 2, "missing_branches": 0, "percent_branches_covered": 100.0, "percent_branches_covered_display": "100"}, "missing_lines": [], "excluded_lines": [], "start_line": 316, "executed_branches": [[317, 318], [317, 319]], "missing_branches": []}, "resume": {"executed_lines": [324, 325, 326, 327, 328, 329], "summary": {"covered_lines": 6, "num_statements": 6, "percent_covered": 100.0, "percent_covered_display": "100", "missing_lines": 0, "excluded_lines": 0, "percent_statements_covered": 100.0, "percent_statements_covered_display": "100", "num_branches": 4, "num_partial_branches": 0, "covered_branches": 4, "missing_branches": 0, "percent_branches_covered": 100.0, "percent_branches_covered_display": "100"}, "missing_lines": [], "excluded_lines": [], "start_line": 323, "executed_branches": [[324, 325], [324, 326], [326, 327], [326, 329]], "missing_branches": []}, "strategies": {"executed_lines": [333, 334, 335], "summary": {"covered_lines": 3, "num_statements": 3, "percent_covered": 100.0, "percent_covered_display": "100", "missing_lines": 0, "excluded_lines": 0, "percent_statements_covered": 100.0, "percent_statements_covered_display": "100", "num_branches": 2, "num_partial_branches": 0, "covered_branches": 2, "missing_branches": 0, "percent_branches_covered": 100.0, "percent_branches_covered_display": "100"}, "missing_lines": [], "excluded_lines": [], "start_line": 332, "executed_branches": [[333, 334], [333, 335]], "missing_branches": []}, "report": {"executed_lines": [339, 340, 341], "summary": {"covered_lines": 3, "num_statements": 3, "percent_covered": 100.0, "percent_covered_display": "100", "missing_lines": 0, "excluded_lines": 0, "percent_statements_covered": 100.0, "percent_statements_covered_display": "100", "num_branches": 2, "num_partial_branches": 0, "covered_branches": 2, "missing_branches": 0, "percent_branches_covered": 100.0, "percent_branches_covered_display": "100"}, "missing_lines": [], "excluded_lines": [], "start_line": 338, "executed_branches": [[339, 340], [339, 341]], "missing_branches": []}, "help": {"executed_lines": [345, 346, 347], "summary": {"covered_lines": 3, "num_statements": 3, "percent_covered": 100.0, "percent_covered_display": "100", "missing_lines": 0, "excluded_lines": 0, "percent_statements_covered": 100.0, "percent_statements_covered_display": "100", "num_branches": 2, "num_partial_branches": 0, "covered_branches": 2, "missing_branches": 0, "percent_branches_covered": 100.0, "percent_branches_covered_display": "100"}, "missing_lines": [], "excluded_lines": [], "start_line": 344, "executed_branches": [[345, 346], [345, 347]], "missing_branches": []}, "build_application": {"executed_lines": [], "summary": {"covered_lines": 0, "num_statements": 4, "percent_covered": 0.0, "percent_covered_display": "0", "missing_lines": 4, "excluded_lines": 0, "percent_statements_covered": 0.0, "percent_statements_covered_display": "0", "num_branches": 2, "num_partial_branches": 0, "covered_branches": 0, "missing_branches": 2, "percent_branches_covered": 0.0, "percent_branches_covered_display": "0"}, "missing_lines": [352, 353, 364, 365], "excluded_lines": [], "start_line": 350, "executed_branches": [], "missing_branches": [[353, 364], [353, 365]]}, "": {"executed_lines": [3, 5, 6, 7, 8, 9, 11, 12, 14, 15, 16, 17, 18, 19, 20, 21, 22, 23, 24, 25, 27, 28, 29, 30, 31, 32, 34, 36, 38, 51, 57, 61, 65, 72, 78, 85, 105, 114, 129, 138, 168, 183, 191, 204, 211, 218, 224, 250, 264, 280, 288, 292, 298, 304, 310, 316, 323, 332, 338, 344, 350], "summary": {"covered_lines": 61, "num_statements": 61, "percent_covered": 100.0, "percent_covered_display": "100", "missing_lines": 0, "excluded_lines": 0, "percent_statements_covered": 100.0, "percent_statements_covered_display": "100", "num_branches": 0, "num_partial_branches": 0, "covered_branches": 0, "missing_branches": 0, "percent_branches_covered": 100.0, "percent_branches_covered_display": "100"}, "missing_lines": [], "excluded_lines": [], "start_line": 1, "executed_branches": [], "missing_branches": []}}, "classes": {"": {"executed_lines": [3, 5, 6, 7, 8, 9, 11, 12, 14, 15, 16, 17, 18, 19, 20, 21, 22, 23, 24, 25, 27, 28, 29, 30, 31, 32, 34, 36, 38, 51, 54, 57, 58, 61, 62, 65, 66, 67, 68, 69, 72, 73, 74, 75, 78, 79, 81, 82, 85, 86, 89, 90, 91, 92, 93, 94, 95, 96, 97, 98, 99, 100, 101, 102, 105, 106, 107, 108, 109, 110, 111, 114, 115, 116, 118, 119, 120, 121, 122, 129, 130, 131, 132, 133, 134, 135, 138, 139, 140, 141, 142, 143, 145, 146, 147, 148, 149, 150, 151, 155, 158, 159, 168, 169, 170, 171, 172, 176, 183, 184, 185, 186, 187, 188, 191, 192, 193, 194, 197, 200, 201, 204, 205, 206, 207, 208, 211, 212, 213, 214, 215, 218, 219, 221, 224, 225, 226, 227, 228, 229, 230, 233, 234, 235, 236, 238, 239, 240, 241, 242, 250, 251, 252, 264, 265, 266, 267, 268, 269, 270, 271, 272, 273, 274, 275, 276, 277, 280, 281, 282, 283, 284, 285, 288, 289, 292, 293, 294, 295, 298, 299, 300, 301, 304, 305, 306, 307, 310, 311, 312, 313, 316, 317, 318, 319, 320, 323, 324, 325, 326, 327, 328, 329, 332, 333, 334, 335, 338, 339, 340, 341, 344, 345, 346, 347, 350], "summary": {"covered_lines": 216, "num_statements": 236, "percent_covered": 89.14473684210526, "percent_covered_display": "89", "missing_lines": 20, "excluded_lines": 0, "percent_statements_covered": 91.52542372881356, "percent_statements_covered_display": "92", "num_branches": 68, "num_partial_branches": 9, "covered_branches": 55, "missing_branches": 13, "percent_branches_covered": 80.88235294117646, "percent_branches_covered_display": "81"}, "missing_lines": [80, 87, 88, 117, 123, 124, 125, 126, 153, 154, 156, 173, 174, 175, 196, 220, 352, 353, 364, 365], "excluded_lines": [], "start_line": 1, "executed_branches": [[79, 81], [86, 89], [90, 91], [90, 102], [94, 95], [94, 97], [99, 100], [108, 109], [108, 110], [116, 118], [119, 120], [132, 133], [132, 134], [141, 142], [141, 145], [148, 149], [155, 158], [185, 186], [185, 187], [193, 194], [206, 207], [206, 208], [213, 214], [213, 215], [219, 221], [234, 235], [234, 238], [267, 268], [267, 269], [270, 271], [270, 277], [272, 273], [272, 275], [282, 283], [282, 284], [293, 294], [293, 295], [299, 300], [299, 301], [305, 306], [305, 307], [311, 312], [311, 313], [317, 318], [317, 319], [324, 325], [324, 326], [326, 327], [326, 329], [333, 334], [333, 335], [339, 340], [339, 341], [345, 346], [345, 347]], "missing_branches": [[79, 80], [86, 87], [99, 101], [116, 117], [119, 125], [125, -114], [125, 126], [148, 153], [155, 156], [193, 196], [219, 220], [353, 364], [353, 365]]}}}, "zarabot/telegram/notifier.py": {"executed_lines": [3, 5, 7, 9, 11, 12, 13, 16, 17, 18, 23, 24, 27, 28, 29, 30, 31, 32, 33, 38, 39, 40, 41, 42, 45, 47, 48, 49], "summary": {"covered_lines": 28, "num_statements": 30, "percent_covered": 91.17647058823529, "percent_covered_display": "91", "missing_lines": 2, "excluded_lines": 0, "percent_statements_covered": 93.33333333333333, "percent_statements_covered_display": "93", "num_branches": 4, "num_partial_branches": 1, "covered_branches": 3, "missing_branches": 1, "percent_branches_covered": 75.0, "percent_branches_covered_display": "75"}, "missing_lines": [50, 51], "excluded_lines": [], "executed_branches": [[30, 31], [30, 41], [41, 42]], "missing_branches": [[41, -27]], "functions": {"_secrets": {"executed_lines": [17, 18], "summary": {"covered_lines": 2, "num_statements": 2, "percent_covered": 100.0, "percent_covered_display": "100", "missing_lines": 0, "excluded_lines": 0, "percent_statements_covered": 100.0, "percent_statements_covered_display": "100", "num_branches": 0, "num_partial_branches": 0, "covered_branches": 0, "missing_branches": 0, "percent_branches_covered": 100.0, "percent_branches_covered_display": "100"}, "missing_lines": [], "excluded_lines": [], "start_line": 16, "executed_branches": [], "missing_branches": []}, "_contains_secret": {"executed_lines": [24], "summary": {"covered_lines": 1, "num_statements": 1, "percent_covered": 100.0, "percent_covered_display": "100", "missing_lines": 0, "excluded_lines": 0, "percent_statements_covered": 100.0, "percent_statements_covered_display": "100", "num_branches": 0, "num_partial_branches": 0, "covered_branches": 0, "missing_branches": 0, "percent_branches_covered": 100.0, "percent_branches_covered_display": "100"}, "missing_lines": [], "excluded_lines": [], "start_line": 23, "executed_branches": [], "missing_branches": []}, "_send": {"executed_lines": [28, 29, 30, 31, 32, 33, 38, 39, 40, 41, 42], "summary": {"covered_lines": 11, "num_statements": 11, "percent_covered": 93.33333333333333, "percent_covered_display": "93", "missing_lines": 0, "excluded_lines": 0, "percent_statements_covered": 100.0, "percent_statements_covered_display": "100", "num_branches": 4, "num_partial_branches": 1, "covered_branches": 3, "missing_branches": 1, "percent_branches_covered": 75.0, "percent_branches_covered_display": "75"}, "missing_lines": [], "excluded_lines": [], "start_line": 27, "executed_branches": [[30, 31], [30, 41], [41, 42]], "missing_branches": [[41, -27]]}, "alert": {"executed_lines": [47, 48, 49], "summary": {"covered_lines": 3, "num_statements": 5, "percent_covered": 60.0, "percent_covered_display": "60", "missing_lines": 2, "excluded_lines": 0, "percent_statements_covered": 60.0, "percent_statements_covered_display": "60", "num_branches": 0, "num_partial_branches": 0, "covered_branches": 0, "missing_branches": 0, "percent_branches_covered": 100.0, "percent_branches_covered_display": "100"}, "missing_lines": [50, 51], "excluded_lines": [], "start_line": 45, "executed_branches": [], "missing_branches": []}, "": {"executed_lines": [3, 5, 7, 9, 11, 12, 13, 16, 23, 27, 45], "summary": {"covered_lines": 11, "num_statements": 11, "percent_covered": 100.0, "percent_covered_display": "100", "missing_lines": 0, "excluded_lines": 0, "percent_statements_covered": 100.0, "percent_statements_covered_display": "100", "num_branches": 0, "num_partial_branches": 0, "covered_branches": 0, "missing_branches": 0, "percent_branches_covered": 100.0, "percent_branches_covered_display": "100"}, "missing_lines": [], "excluded_lines": [], "start_line": 1, "executed_branches": [], "missing_branches": []}}, "classes": {"": {"executed_lines": [3, 5, 7, 9, 11, 12, 13, 16, 17, 18, 23, 24, 27, 28, 29, 30, 31, 32, 33, 38, 39, 40, 41, 42, 45, 47, 48, 49], "summary": {"covered_lines": 28, "num_statements": 30, "percent_covered": 91.17647058823529, "percent_covered_display": "91", "missing_lines": 2, "excluded_lines": 0, "percent_statements_covered": 93.33333333333333, "percent_statements_covered_display": "93", "num_branches": 4, "num_partial_branches": 1, "covered_branches": 3, "missing_branches": 1, "percent_branches_covered": 75.0, "percent_branches_covered_display": "75"}, "missing_lines": [50, 51], "excluded_lines": [], "start_line": 1, "executed_branches": [[30, 31], [30, 41], [41, 42]], "missing_branches": [[41, -27]]}}}}, "totals": {"covered_lines": 2844, "num_statements": 3057, "percent_covered": 90.48836614676553, "percent_covered_display": "90", "missing_lines": 213, "excluded_lines": 4, "percent_statements_covered": 93.0323846908734, "percent_statements_covered_display": "93", "num_branches": 854, "num_partial_branches": 129, "covered_branches": 695, "missing_branches": 159, "percent_branches_covered": 81.38173302107728, "percent_branches_covered_display": "81"}}